ARM GAS  C:\Users\Rowel\AppData\Local\Temp\cc0DTzGz.s 			page 1


   1              		.syntax unified
   2              		.cpu cortex-m3
   3              		.fpu softvfp
   4              		.eabi_attribute 20, 1
   5              		.eabi_attribute 21, 1
   6              		.eabi_attribute 23, 3
   7              		.eabi_attribute 24, 1
   8              		.eabi_attribute 25, 1
   9              		.eabi_attribute 26, 1
  10              		.eabi_attribute 30, 1
  11              		.eabi_attribute 34, 1
  12              		.eabi_attribute 18, 4
  13              		.thumb
  14              		.syntax unified
  15              		.file	"Cm3Start.c"
  16              		.text
  17              	.Ltext0:
  18              		.cfi_sections	.debug_frame
  19              		.section	.text.IntDefaultHandler,"ax",%progbits
  20              		.align	2
  21              		.global	IntDefaultHandler
  22              		.thumb
  23              		.thumb_func
  24              		.type	IntDefaultHandler, %function
  25              	IntDefaultHandler:
  26              	.LFB0:
  27              		.file 1 "Cm3Start.c"
   1:Cm3Start.c    **** /***************************************************************************//**
   2:Cm3Start.c    **** * \file Cm3Start.c
   3:Cm3Start.c    **** * \version 5.40
   4:Cm3Start.c    **** *
   5:Cm3Start.c    **** *  \brief
   6:Cm3Start.c    **** *  Startup code for the ARM CM3.
   7:Cm3Start.c    **** *
   8:Cm3Start.c    **** ********************************************************************************
   9:Cm3Start.c    **** * \copyright
  10:Cm3Start.c    **** * Copyright 2008-2015, Cypress Semiconductor Corporation. All rights reserved.
  11:Cm3Start.c    **** * You may use this file only in accordance with the license, terms, conditions,
  12:Cm3Start.c    **** * disclaimers, and limitations in the end user license agreement accompanying
  13:Cm3Start.c    **** * the software package with which this file was provided.
  14:Cm3Start.c    **** *******************************************************************************/
  15:Cm3Start.c    **** 
  16:Cm3Start.c    **** #include <limits.h>
  17:Cm3Start.c    **** #include "cydevice_trm.h"
  18:Cm3Start.c    **** #include "cytypes.h"
  19:Cm3Start.c    **** #include "cyfitter_cfg.h"
  20:Cm3Start.c    **** #include "CyLib.h"
  21:Cm3Start.c    **** #include "CyDmac.h"
  22:Cm3Start.c    **** #include "cyfitter.h"
  23:Cm3Start.c    **** #include "cyapicallbacks.h"
  24:Cm3Start.c    **** 
  25:Cm3Start.c    **** #define CY_NUM_INTERRUPTS           (32u)
  26:Cm3Start.c    **** #define CY_NUM_VECTORS              (CYINT_IRQ_BASE + CY_NUM_INTERRUPTS)
  27:Cm3Start.c    **** #define CY_NUM_ROM_VECTORS          (4u)
  28:Cm3Start.c    **** #define CY_NVIC_APINT_PTR           ((reg32 *) CYREG_NVIC_APPLN_INTR)
  29:Cm3Start.c    **** #define CY_NVIC_CFG_CTRL_PTR        ((reg32 *) CYREG_NVIC_CFG_CONTROL)
  30:Cm3Start.c    **** #define CY_NVIC_APINT_PRIGROUP_3_5  (0x00000400u)  /* Priority group 3.5 split */
ARM GAS  C:\Users\Rowel\AppData\Local\Temp\cc0DTzGz.s 			page 2


  31:Cm3Start.c    **** #define CY_NVIC_APINT_VECTKEY       (0x05FA0000u)  /* This key is required in order to write the NV
  32:Cm3Start.c    **** #define CY_NVIC_CFG_STACKALIGN      (0x00000200u)  /* This specifies that the exception stack must 
  33:Cm3Start.c    **** 
  34:Cm3Start.c    **** #if defined(__ARMCC_VERSION)
  35:Cm3Start.c    ****     #define INITIAL_STACK_POINTER ((cyisraddress)(uint32)&Image$$ARM_LIB_STACK$$ZI$$Limit)
  36:Cm3Start.c    **** #elif defined (__GNUC__)
  37:Cm3Start.c    ****     #define INITIAL_STACK_POINTER (&__cy_stack)
  38:Cm3Start.c    **** #elif defined (__ICCARM__)
  39:Cm3Start.c    ****     #pragma language=extended
  40:Cm3Start.c    ****     #pragma segment="CSTACK"
  41:Cm3Start.c    ****     #define INITIAL_STACK_POINTER  { .__ptr = __sfe( "CSTACK" ) }
  42:Cm3Start.c    **** 
  43:Cm3Start.c    ****     extern void __iar_program_start( void );
  44:Cm3Start.c    ****     extern void __iar_data_init3 (void);
  45:Cm3Start.c    **** #endif  /* (__ARMCC_VERSION) */
  46:Cm3Start.c    **** 
  47:Cm3Start.c    **** #if defined(__GNUC__)
  48:Cm3Start.c    ****     #include <errno.h>
  49:Cm3Start.c    ****     extern int  errno;
  50:Cm3Start.c    ****     extern int  end;
  51:Cm3Start.c    **** #endif  /* defined(__GNUC__) */
  52:Cm3Start.c    **** 
  53:Cm3Start.c    **** /* Extern functions */
  54:Cm3Start.c    **** extern void CyBtldr_CheckLaunch(void);
  55:Cm3Start.c    **** 
  56:Cm3Start.c    **** /* Function prototypes */
  57:Cm3Start.c    **** void initialize_psoc(void);
  58:Cm3Start.c    **** CY_ISR(IntDefaultHandler);
  59:Cm3Start.c    **** void Reset(void);
  60:Cm3Start.c    **** 
  61:Cm3Start.c    **** /* Global variables */
  62:Cm3Start.c    **** #if !defined (__ICCARM__)
  63:Cm3Start.c    ****     CY_NOINIT static uint32 cySysNoInitDataValid;
  64:Cm3Start.c    **** #endif  /* !defined (__ICCARM__) */
  65:Cm3Start.c    **** 
  66:Cm3Start.c    **** 
  67:Cm3Start.c    **** /*******************************************************************************
  68:Cm3Start.c    **** * Default Ram Interrupt Vector table storage area. Must be 256-byte aligned.
  69:Cm3Start.c    **** *******************************************************************************/
  70:Cm3Start.c    **** #if defined (__ICCARM__)
  71:Cm3Start.c    ****     #pragma location=".ramvectors"
  72:Cm3Start.c    ****     #pragma data_alignment=256
  73:Cm3Start.c    **** #else
  74:Cm3Start.c    ****     CY_SECTION(".ramvectors")
  75:Cm3Start.c    ****     CY_ALIGN(256)
  76:Cm3Start.c    **** #endif  /* defined (__ICCARM__) */
  77:Cm3Start.c    **** cyisraddress CyRamVectors[CY_NUM_VECTORS];
  78:Cm3Start.c    **** 
  79:Cm3Start.c    **** 
  80:Cm3Start.c    **** /*******************************************************************************
  81:Cm3Start.c    **** * Function Name: IntDefaultHandler
  82:Cm3Start.c    **** ****************************************************************************//**
  83:Cm3Start.c    **** *
  84:Cm3Start.c    **** *  This function is called for all interrupts, other than a reset that gets
  85:Cm3Start.c    **** *  called before the system is setup.
  86:Cm3Start.c    **** *
  87:Cm3Start.c    **** * Theory:
ARM GAS  C:\Users\Rowel\AppData\Local\Temp\cc0DTzGz.s 			page 3


  88:Cm3Start.c    **** *  Any value other than zero is acceptable.
  89:Cm3Start.c    **** *
  90:Cm3Start.c    **** *******************************************************************************/
  91:Cm3Start.c    **** CY_ISR(IntDefaultHandler)
  92:Cm3Start.c    **** {
  28              		.loc 1 92 0
  29              		.cfi_startproc
  30              		@ Volatile: function does not return.
  31              		@ args = 0, pretend = 0, frame = 0
  32              		@ frame_needed = 0, uses_anonymous_args = 0
  33              		@ link register save eliminated.
  34              	.L2:
  35 0000 FEE7     		b	.L2
  36              		.cfi_endproc
  37              	.LFE0:
  38              		.size	IntDefaultHandler, .-IntDefaultHandler
  39 0002 00BF     		.section	.text._exit,"ax",%progbits
  40              		.align	2
  41              		.weak	_exit
  42              		.thumb
  43              		.thumb_func
  44              		.type	_exit, %function
  45              	_exit:
  46              	.LFB1:
  93:Cm3Start.c    ****     #ifdef CY_BOOT_INT_DEFAULT_HANDLER_EXCEPTION_ENTRY_CALLBACK
  94:Cm3Start.c    ****         CyBoot_IntDefaultHandler_Exception_EntryCallback();
  95:Cm3Start.c    ****     #endif /* CY_BOOT_INT_DEFAULT_HANDLER_EXCEPTION_ENTRY_CALLBACK */
  96:Cm3Start.c    **** 
  97:Cm3Start.c    ****     while(1)
  98:Cm3Start.c    ****     {
  99:Cm3Start.c    ****         /***********************************************************************
 100:Cm3Start.c    ****         * We must not get here. If we do, a serious problem occurs, so go
 101:Cm3Start.c    ****         * into an infinite loop.
 102:Cm3Start.c    ****         ***********************************************************************/
 103:Cm3Start.c    ****     }
 104:Cm3Start.c    **** }
 105:Cm3Start.c    **** 
 106:Cm3Start.c    **** 
 107:Cm3Start.c    **** #if defined(__ARMCC_VERSION)
 108:Cm3Start.c    **** 
 109:Cm3Start.c    **** /* Local function for device reset. */
 110:Cm3Start.c    **** extern void Reset(void);
 111:Cm3Start.c    **** 
 112:Cm3Start.c    **** /* Application entry point. */
 113:Cm3Start.c    **** extern void $Super$$main(void);
 114:Cm3Start.c    **** 
 115:Cm3Start.c    **** /* Linker-generated Stack Base addresses, Two Region and One Region */
 116:Cm3Start.c    **** extern uint32 Image$$ARM_LIB_STACK$$ZI$$Limit;
 117:Cm3Start.c    **** 
 118:Cm3Start.c    **** /* RealView C Library initialization. */
 119:Cm3Start.c    **** extern int __main(void);
 120:Cm3Start.c    **** 
 121:Cm3Start.c    **** 
 122:Cm3Start.c    **** /*******************************************************************************
 123:Cm3Start.c    **** * Function Name: Reset
 124:Cm3Start.c    **** ****************************************************************************//**
 125:Cm3Start.c    **** *
ARM GAS  C:\Users\Rowel\AppData\Local\Temp\cc0DTzGz.s 			page 4


 126:Cm3Start.c    **** *  This function handles the reset interrupt for the RVDS/MDK toolchains.
 127:Cm3Start.c    **** *  This is the first bit of code that is executed at startup.
 128:Cm3Start.c    **** *
 129:Cm3Start.c    **** *******************************************************************************/
 130:Cm3Start.c    **** void Reset(void)
 131:Cm3Start.c    **** {
 132:Cm3Start.c    ****     #if(CYDEV_PROJ_TYPE != CYDEV_PROJ_TYPE_LOADABLE && CYDEV_PROJ_TYPE != CYDEV_PROJ_TYPE_LOADABLEA
 133:Cm3Start.c    **** 
 134:Cm3Start.c    ****         /* For PSoC 5LP, debugging is enabled by default */
 135:Cm3Start.c    ****         #if(CYDEV_DEBUGGING_ENABLE == 0)
 136:Cm3Start.c    ****             *(reg32 *)(CYDEV_DEBUG_ENABLE_REGISTER) |= CYDEV_DEBUG_ENABLE_MASK;
 137:Cm3Start.c    ****         #endif /* (CYDEV_DEBUGGING_ENABLE) */
 138:Cm3Start.c    **** 
 139:Cm3Start.c    ****         /* Reset Status Register has Read-to-clear SW access mode.
 140:Cm3Start.c    ****         * Preserve current RESET_SR0 state to make it available for next reading.
 141:Cm3Start.c    ****         */
 142:Cm3Start.c    ****         *(reg32 *)(CYREG_PHUB_CFGMEM23_CFG1) = *(reg32 *)(CYREG_RESET_SR0);
 143:Cm3Start.c    **** 
 144:Cm3Start.c    ****     #endif  /* (CYDEV_PROJ_TYPE != CYDEV_PROJ_TYPE_LOADABLE && CYDEV_PROJ_TYPE != CYDEV_PROJ_TYPE_L
 145:Cm3Start.c    **** 
 146:Cm3Start.c    ****     #if ((CYDEV_BOOTLOADER_ENABLE) && (CYDEV_PROJ_TYPE != CYDEV_PROJ_TYPE_LOADABLEANDBOOTLOADER))
 147:Cm3Start.c    ****         CyBtldr_CheckLaunch();
 148:Cm3Start.c    ****     #endif /* ((CYDEV_BOOTLOADER_ENABLE) && (CYDEV_PROJ_TYPE != CYDEV_PROJ_TYPE_LOADABLEANDBOOTLOAD
 149:Cm3Start.c    **** 
 150:Cm3Start.c    ****     __main();
 151:Cm3Start.c    **** }
 152:Cm3Start.c    **** 
 153:Cm3Start.c    **** 
 154:Cm3Start.c    **** /*******************************************************************************
 155:Cm3Start.c    **** * Function Name: $Sub$$main
 156:Cm3Start.c    **** ****************************************************************************//**
 157:Cm3Start.c    **** *
 158:Cm3Start.c    **** *  This function is called immediately before the users main
 159:Cm3Start.c    **** *
 160:Cm3Start.c    **** *******************************************************************************/
 161:Cm3Start.c    **** void $Sub$$main(void)
 162:Cm3Start.c    **** {
 163:Cm3Start.c    ****     initialize_psoc();
 164:Cm3Start.c    **** 
 165:Cm3Start.c    ****     /* Call original main */
 166:Cm3Start.c    ****     $Super$$main();
 167:Cm3Start.c    **** 
 168:Cm3Start.c    ****     while (1)
 169:Cm3Start.c    ****     {
 170:Cm3Start.c    ****         /* If main returns, it is undefined what we should do. */
 171:Cm3Start.c    ****     }
 172:Cm3Start.c    **** }
 173:Cm3Start.c    **** 
 174:Cm3Start.c    **** #elif defined(__GNUC__)
 175:Cm3Start.c    **** 
 176:Cm3Start.c    **** void Start_c(void);
 177:Cm3Start.c    **** 
 178:Cm3Start.c    **** /* Stack Base address */
 179:Cm3Start.c    **** extern void __cy_stack(void);
 180:Cm3Start.c    **** 
 181:Cm3Start.c    **** /* Application entry point. */
 182:Cm3Start.c    **** extern int main(void);
ARM GAS  C:\Users\Rowel\AppData\Local\Temp\cc0DTzGz.s 			page 5


 183:Cm3Start.c    **** 
 184:Cm3Start.c    **** /* Static objects constructors initializer */
 185:Cm3Start.c    **** extern void __libc_init_array(void);
 186:Cm3Start.c    **** 
 187:Cm3Start.c    **** typedef unsigned char __cy_byte_align8 __attribute ((aligned (8)));
 188:Cm3Start.c    **** 
 189:Cm3Start.c    **** struct __cy_region
 190:Cm3Start.c    **** {
 191:Cm3Start.c    ****     __cy_byte_align8 *init; /* Initial contents of this region.  */
 192:Cm3Start.c    ****     __cy_byte_align8 *data; /* Start address of region.  */
 193:Cm3Start.c    ****     size_t init_size;       /* Size of initial data.  */
 194:Cm3Start.c    ****     size_t zero_size;       /* Additional size to be zeroed.  */
 195:Cm3Start.c    **** };
 196:Cm3Start.c    **** 
 197:Cm3Start.c    **** extern const struct __cy_region __cy_regions[];
 198:Cm3Start.c    **** extern const char __cy_region_num __attribute__((weak));
 199:Cm3Start.c    **** #define __cy_region_num ((size_t)&__cy_region_num)
 200:Cm3Start.c    **** 
 201:Cm3Start.c    **** 
 202:Cm3Start.c    **** /*******************************************************************************
 203:Cm3Start.c    **** * System Calls of the Red Hat newlib C Library
 204:Cm3Start.c    **** *******************************************************************************/
 205:Cm3Start.c    **** 
 206:Cm3Start.c    **** 
 207:Cm3Start.c    **** /*******************************************************************************
 208:Cm3Start.c    **** * Function Name: _exit
 209:Cm3Start.c    **** ****************************************************************************//**
 210:Cm3Start.c    **** *
 211:Cm3Start.c    **** *  Exit a program without cleaning up files. If your system doesn't provide
 212:Cm3Start.c    **** *  this, it is best to avoid linking with subroutines that require it (exit,
 213:Cm3Start.c    **** *  system).
 214:Cm3Start.c    **** *
 215:Cm3Start.c    **** *  \param status: Status caused program exit.
 216:Cm3Start.c    **** *
 217:Cm3Start.c    **** *******************************************************************************/
 218:Cm3Start.c    **** __attribute__((weak))
 219:Cm3Start.c    **** void _exit(int status)
 220:Cm3Start.c    **** {
  47              		.loc 1 220 0
  48              		.cfi_startproc
  49              		@ Volatile: function does not return.
  50              		@ args = 0, pretend = 0, frame = 0
  51              		@ frame_needed = 0, uses_anonymous_args = 0
  52              	.LVL0:
  53              		.loc 1 220 0
  54 0000 08B5     		push	{r3, lr}
  55              		.cfi_def_cfa_offset 8
  56              		.cfi_offset 3, -8
  57              		.cfi_offset 14, -4
 221:Cm3Start.c    ****     CyHalt((uint8) status);
  58              		.loc 1 221 0
  59 0002 C0B2     		uxtb	r0, r0
  60              	.LVL1:
  61 0004 FFF7FEFF 		bl	CyHalt
  62              	.LVL2:
  63              	.L4:
  64 0008 FEE7     		b	.L4
ARM GAS  C:\Users\Rowel\AppData\Local\Temp\cc0DTzGz.s 			page 6


  65              		.cfi_endproc
  66              	.LFE1:
  67              		.size	_exit, .-_exit
  68 000a 00BF     		.section	.text._sbrk,"ax",%progbits
  69              		.align	2
  70              		.weak	_sbrk
  71              		.thumb
  72              		.thumb_func
  73              		.type	_sbrk, %function
  74              	_sbrk:
  75              	.LFB2:
 222:Cm3Start.c    ****     while(1)
 223:Cm3Start.c    ****     {
 224:Cm3Start.c    **** 
 225:Cm3Start.c    ****     }
 226:Cm3Start.c    **** }
 227:Cm3Start.c    **** 
 228:Cm3Start.c    **** 
 229:Cm3Start.c    **** /*******************************************************************************
 230:Cm3Start.c    **** * Function Name: _sbrk
 231:Cm3Start.c    **** ****************************************************************************//**
 232:Cm3Start.c    **** *
 233:Cm3Start.c    **** *  Increase program data space. As malloc and related functions depend on this,
 234:Cm3Start.c    **** *  it is useful to have a working implementation. The following suffices for a
 235:Cm3Start.c    **** *  standalone system; it exploits the symbol end automatically defined by the
 236:Cm3Start.c    **** *  GNU linker.
 237:Cm3Start.c    **** *
 238:Cm3Start.c    **** *  \param nbytes: The number of bytes requested (if the parameter value is positive)
 239:Cm3Start.c    **** *  from the heap or returned back to the heap (if the parameter value is
 240:Cm3Start.c    **** *  negative).
 241:Cm3Start.c    **** *
 242:Cm3Start.c    **** *******************************************************************************/
 243:Cm3Start.c    **** __attribute__((weak))
 244:Cm3Start.c    **** void * _sbrk (int nbytes)
 245:Cm3Start.c    **** {
  76              		.loc 1 245 0
  77              		.cfi_startproc
  78              		@ args = 0, pretend = 0, frame = 0
  79              		@ frame_needed = 0, uses_anonymous_args = 0
  80              	.LVL3:
  81 0000 08B5     		push	{r3, lr}
  82              		.cfi_def_cfa_offset 8
  83              		.cfi_offset 3, -8
  84              		.cfi_offset 14, -4
 246:Cm3Start.c    ****     extern int  end;            /* Symbol defined by linker map. Start of free memory (as symbol). 
 247:Cm3Start.c    ****     void *      returnValue;
 248:Cm3Start.c    **** 
 249:Cm3Start.c    ****     /* The statically held previous end of the heap, with its initialization. */
 250:Cm3Start.c    ****     static void *heapPointer = (void *) &end;                 /* Previous end */
 251:Cm3Start.c    **** 
 252:Cm3Start.c    ****     if (((heapPointer + nbytes) - (void *) &end) <= CYDEV_HEAP_SIZE)
  85              		.loc 1 252 0
  86 0002 094B     		ldr	r3, .L10
  87 0004 1A68     		ldr	r2, [r3]
  88 0006 1044     		add	r0, r0, r2
  89              	.LVL4:
  90 0008 084B     		ldr	r3, .L10+4
ARM GAS  C:\Users\Rowel\AppData\Local\Temp\cc0DTzGz.s 			page 7


  91 000a C31A     		subs	r3, r0, r3
  92 000c 802B     		cmp	r3, #128
  93 000e 02DC     		bgt	.L7
  94              	.LVL5:
 253:Cm3Start.c    ****     {
 254:Cm3Start.c    ****         returnValue  = heapPointer;
 255:Cm3Start.c    ****         heapPointer += nbytes;
  95              		.loc 1 255 0
  96 0010 054B     		ldr	r3, .L10
  97 0012 1860     		str	r0, [r3]
  98 0014 05E0     		b	.L8
  99              	.LVL6:
 100              	.L7:
 256:Cm3Start.c    ****     }
 257:Cm3Start.c    ****     else
 258:Cm3Start.c    ****     {
 259:Cm3Start.c    ****         errno = ENOMEM;
 101              		.loc 1 259 0
 102 0016 FFF7FEFF 		bl	__errno
 103              	.LVL7:
 104 001a 0C23     		movs	r3, #12
 105 001c 0360     		str	r3, [r0]
 106              	.LVL8:
 260:Cm3Start.c    ****         returnValue = (void *) -1;
 107              		.loc 1 260 0
 108 001e 4FF0FF32 		mov	r2, #-1
 109              	.LVL9:
 110              	.L8:
 261:Cm3Start.c    ****     }
 262:Cm3Start.c    **** 
 263:Cm3Start.c    ****     return (returnValue);
 264:Cm3Start.c    **** }
 111              		.loc 1 264 0
 112 0022 1046     		mov	r0, r2
 113 0024 08BD     		pop	{r3, pc}
 114              	.L11:
 115 0026 00BF     		.align	2
 116              	.L10:
 117 0028 00000000 		.word	.LANCHOR0
 118 002c 00000000 		.word	end
 119              		.cfi_endproc
 120              	.LFE2:
 121              		.size	_sbrk, .-_sbrk
 122              		.section	.text.Start_c,"ax",%progbits
 123              		.align	2
 124              		.global	Start_c
 125              		.thumb
 126              		.thumb_func
 127              		.type	Start_c, %function
 128              	Start_c:
 129              	.LFB4:
 265:Cm3Start.c    **** 
 266:Cm3Start.c    **** 
 267:Cm3Start.c    **** /*******************************************************************************
 268:Cm3Start.c    **** * Function Name: Reset
 269:Cm3Start.c    **** ****************************************************************************//**
 270:Cm3Start.c    **** *
ARM GAS  C:\Users\Rowel\AppData\Local\Temp\cc0DTzGz.s 			page 8


 271:Cm3Start.c    **** *  This function handles the reset interrupt for the GCC toolchain. This is the
 272:Cm3Start.c    **** *  first bit of code that is executed at startup.
 273:Cm3Start.c    **** *
 274:Cm3Start.c    **** *******************************************************************************/
 275:Cm3Start.c    **** void Reset(void)
 276:Cm3Start.c    **** {
 277:Cm3Start.c    ****     #if(CYDEV_PROJ_TYPE != CYDEV_PROJ_TYPE_LOADABLE && CYDEV_PROJ_TYPE != CYDEV_PROJ_TYPE_LOADABLEA
 278:Cm3Start.c    **** 
 279:Cm3Start.c    ****         /* For PSoC 5LP, debugging is enabled by default */
 280:Cm3Start.c    ****         #if(CYDEV_DEBUGGING_ENABLE == 0)
 281:Cm3Start.c    ****             *(reg32 *)(CYDEV_DEBUG_ENABLE_REGISTER) |= CYDEV_DEBUG_ENABLE_MASK;
 282:Cm3Start.c    ****         #endif /* (CYDEV_DEBUGGING_ENABLE) */
 283:Cm3Start.c    **** 
 284:Cm3Start.c    ****         /* Reset Status Register has Read-to-clear SW access mode.
 285:Cm3Start.c    ****         * Preserve current RESET_SR0 state to make it available for next reading.
 286:Cm3Start.c    ****         */
 287:Cm3Start.c    ****         *(reg32 *)(CYREG_PHUB_CFGMEM23_CFG1) = *(reg32 *)(CYREG_RESET_SR0);
 288:Cm3Start.c    **** 
 289:Cm3Start.c    ****     #endif  /* (CYDEV_PROJ_TYPE != CYDEV_PROJ_TYPE_LOADABLE && CYDEV_PROJ_TYPE != CYDEV_PROJ_TYPE_L
 290:Cm3Start.c    **** 
 291:Cm3Start.c    ****     #if ((CYDEV_BOOTLOADER_ENABLE) && (CYDEV_PROJ_TYPE != CYDEV_PROJ_TYPE_LOADABLEANDBOOTLOADER))
 292:Cm3Start.c    ****         CyBtldr_CheckLaunch();
 293:Cm3Start.c    ****     #endif /* ((CYDEV_BOOTLOADER_ENABLE) && (CYDEV_PROJ_TYPE != CYDEV_PROJ_TYPE_LOADABLEANDBOOTLOAD
 294:Cm3Start.c    **** 
 295:Cm3Start.c    ****     Start_c();
 296:Cm3Start.c    **** }
 297:Cm3Start.c    **** 
 298:Cm3Start.c    **** 
 299:Cm3Start.c    **** /*******************************************************************************
 300:Cm3Start.c    **** * Function Name: Start_c
 301:Cm3Start.c    **** ****************************************************************************//**
 302:Cm3Start.c    **** *
 303:Cm3Start.c    **** *  This function handles initializing the .data and .bss sections in
 304:Cm3Start.c    **** *  preparation for running the standard C code.  Once initialization is complete
 305:Cm3Start.c    **** *  it will call main(). This function will never return.
 306:Cm3Start.c    **** *
 307:Cm3Start.c    **** *******************************************************************************/
 308:Cm3Start.c    **** void Start_c(void)  __attribute__ ((noreturn));
 309:Cm3Start.c    **** void Start_c(void)
 310:Cm3Start.c    **** {
 130              		.loc 1 310 0
 131              		.cfi_startproc
 132              		@ Volatile: function does not return.
 133              		@ args = 0, pretend = 0, frame = 0
 134              		@ frame_needed = 0, uses_anonymous_args = 0
 135 0000 08B5     		push	{r3, lr}
 136              		.cfi_def_cfa_offset 8
 137              		.cfi_offset 3, -8
 138              		.cfi_offset 14, -4
 139              	.LVL10:
 311:Cm3Start.c    ****     unsigned regions = __cy_region_num;
 312:Cm3Start.c    ****     const struct __cy_region *rptr = __cy_regions;
 313:Cm3Start.c    **** 
 314:Cm3Start.c    ****     /* Initialize memory */
 315:Cm3Start.c    ****     for (regions = __cy_region_num; regions != 0u; regions--)
 140              		.loc 1 315 0
 141 0002 104E     		ldr	r6, .L21
ARM GAS  C:\Users\Rowel\AppData\Local\Temp\cc0DTzGz.s 			page 9


 312:Cm3Start.c    **** 
 142              		.loc 1 312 0
 143 0004 104D     		ldr	r5, .L21+4
 144              		.loc 1 315 0
 145 0006 16E0     		b	.L13
 146              	.LVL11:
 147              	.L18:
 148              	.LBB2:
 316:Cm3Start.c    ****     {
 317:Cm3Start.c    ****         uint32 *src = (uint32 *)rptr->init;
 149              		.loc 1 317 0
 150 0008 2968     		ldr	r1, [r5]
 151              	.LVL12:
 318:Cm3Start.c    ****         uint32 *dst = (uint32 *)rptr->data;
 152              		.loc 1 318 0
 153 000a 6B68     		ldr	r3, [r5, #4]
 154              	.LVL13:
 319:Cm3Start.c    ****         unsigned limit = rptr->init_size;
 155              		.loc 1 319 0
 156 000c AC68     		ldr	r4, [r5, #8]
 157              	.LVL14:
 320:Cm3Start.c    ****         unsigned count;
 321:Cm3Start.c    **** 
 322:Cm3Start.c    ****         for (count = 0u; count != limit; count += sizeof (uint32))
 158              		.loc 1 322 0
 159 000e 0022     		movs	r2, #0
 160 0010 04E0     		b	.L14
 161              	.LVL15:
 162              	.L15:
 323:Cm3Start.c    ****         {
 324:Cm3Start.c    ****             *dst = *src;
 163              		.loc 1 324 0 discriminator 3
 164 0012 51F8040B 		ldr	r0, [r1], #4
 165              	.LVL16:
 166 0016 43F8040B 		str	r0, [r3], #4
 167              	.LVL17:
 322:Cm3Start.c    ****         {
 168              		.loc 1 322 0 discriminator 3
 169 001a 0432     		adds	r2, r2, #4
 170              	.LVL18:
 171              	.L14:
 322:Cm3Start.c    ****         {
 172              		.loc 1 322 0 is_stmt 0 discriminator 1
 173 001c A242     		cmp	r2, r4
 174 001e F8D1     		bne	.L15
 325:Cm3Start.c    ****             dst++;
 326:Cm3Start.c    ****             src++;
 327:Cm3Start.c    ****         }
 328:Cm3Start.c    ****         limit = rptr->zero_size;
 175              		.loc 1 328 0 is_stmt 1
 176 0020 E868     		ldr	r0, [r5, #12]
 177              	.LVL19:
 329:Cm3Start.c    ****         for (count = 0u; count != limit; count += sizeof (uint32))
 178              		.loc 1 329 0
 179 0022 0022     		movs	r2, #0
 180 0024 03E0     		b	.L16
 181              	.LVL20:
ARM GAS  C:\Users\Rowel\AppData\Local\Temp\cc0DTzGz.s 			page 10


 182              	.L17:
 330:Cm3Start.c    ****         {
 331:Cm3Start.c    ****             *dst = 0u;
 183              		.loc 1 331 0 discriminator 3
 184 0026 0021     		movs	r1, #0
 185 0028 43F8041B 		str	r1, [r3], #4
 186              	.LVL21:
 329:Cm3Start.c    ****         for (count = 0u; count != limit; count += sizeof (uint32))
 187              		.loc 1 329 0 discriminator 3
 188 002c 0432     		adds	r2, r2, #4
 189              	.LVL22:
 190              	.L16:
 329:Cm3Start.c    ****         for (count = 0u; count != limit; count += sizeof (uint32))
 191              		.loc 1 329 0 is_stmt 0 discriminator 1
 192 002e 8242     		cmp	r2, r0
 193 0030 F9D1     		bne	.L17
 332:Cm3Start.c    ****             dst++;
 333:Cm3Start.c    ****         }
 334:Cm3Start.c    **** 
 335:Cm3Start.c    ****         rptr++;
 194              		.loc 1 335 0 is_stmt 1 discriminator 2
 195 0032 1035     		adds	r5, r5, #16
 196              	.LVL23:
 197              	.LBE2:
 315:Cm3Start.c    ****     {
 198              		.loc 1 315 0 discriminator 2
 199 0034 013E     		subs	r6, r6, #1
 200              	.LVL24:
 201              	.L13:
 315:Cm3Start.c    ****     {
 202              		.loc 1 315 0 is_stmt 0 discriminator 1
 203 0036 002E     		cmp	r6, #0
 204 0038 E6D1     		bne	.L18
 336:Cm3Start.c    ****     }
 337:Cm3Start.c    **** 
 338:Cm3Start.c    ****     /* Invoke static objects constructors */
 339:Cm3Start.c    ****     __libc_init_array();
 205              		.loc 1 339 0 is_stmt 1
 206 003a FFF7FEFF 		bl	__libc_init_array
 207              	.LVL25:
 340:Cm3Start.c    ****     (void) main();
 208              		.loc 1 340 0
 209 003e FFF7FEFF 		bl	main
 210              	.LVL26:
 211              	.L19:
 212 0042 FEE7     		b	.L19
 213              	.L22:
 214              		.align	2
 215              	.L21:
 216 0044 00000000 		.word	__cy_region_num
 217 0048 00000000 		.word	__cy_regions
 218              		.cfi_endproc
 219              	.LFE4:
 220              		.size	Start_c, .-Start_c
 221              		.section	.text.Reset,"ax",%progbits
 222              		.align	2
 223              		.global	Reset
ARM GAS  C:\Users\Rowel\AppData\Local\Temp\cc0DTzGz.s 			page 11


 224              		.thumb
 225              		.thumb_func
 226              		.type	Reset, %function
 227              	Reset:
 228              	.LFB3:
 276:Cm3Start.c    ****     #if(CYDEV_PROJ_TYPE != CYDEV_PROJ_TYPE_LOADABLE && CYDEV_PROJ_TYPE != CYDEV_PROJ_TYPE_LOADABLEA
 229              		.loc 1 276 0
 230              		.cfi_startproc
 231              		@ Volatile: function does not return.
 232              		@ args = 0, pretend = 0, frame = 0
 233              		@ frame_needed = 0, uses_anonymous_args = 0
 234 0000 08B5     		push	{r3, lr}
 235              		.cfi_def_cfa_offset 8
 236              		.cfi_offset 3, -8
 237              		.cfi_offset 14, -4
 287:Cm3Start.c    **** 
 238              		.loc 1 287 0
 239 0002 044B     		ldr	r3, .L25
 240 0004 1A68     		ldr	r2, [r3]	@ unaligned
 241 0006 03F53F53 		add	r3, r3, #12224
 242 000a 0233     		adds	r3, r3, #2
 243 000c 1A60     		str	r2, [r3]
 295:Cm3Start.c    **** }
 244              		.loc 1 295 0
 245 000e FFF7FEFF 		bl	Start_c
 246              	.LVL27:
 247              	.L26:
 248 0012 00BF     		.align	2
 249              	.L25:
 250 0014 FA460040 		.word	1073759994
 251              		.cfi_endproc
 252              	.LFE3:
 253              		.size	Reset, .-Reset
 254              		.section	.text.initialize_psoc,"ax",%progbits
 255              		.align	2
 256              		.global	initialize_psoc
 257              		.thumb
 258              		.thumb_func
 259              		.type	initialize_psoc, %function
 260              	initialize_psoc:
 261              	.LFB5:
 341:Cm3Start.c    **** 
 342:Cm3Start.c    ****     while (1)
 343:Cm3Start.c    ****     {
 344:Cm3Start.c    ****         /* If main returns, make sure we don't return. */
 345:Cm3Start.c    ****     }
 346:Cm3Start.c    **** }
 347:Cm3Start.c    **** 
 348:Cm3Start.c    **** 
 349:Cm3Start.c    **** #elif defined (__ICCARM__)
 350:Cm3Start.c    **** 
 351:Cm3Start.c    **** /*******************************************************************************
 352:Cm3Start.c    **** * Function Name: __low_level_init
 353:Cm3Start.c    **** ****************************************************************************//**
 354:Cm3Start.c    **** *
 355:Cm3Start.c    **** *  This function performs early initializations for the IAR Embedded
 356:Cm3Start.c    **** *  Workbench IDE. It is executed in the context of a reset interrupt handler
ARM GAS  C:\Users\Rowel\AppData\Local\Temp\cc0DTzGz.s 			page 12


 357:Cm3Start.c    **** *  before the data sections are initialized.
 358:Cm3Start.c    **** *
 359:Cm3Start.c    **** * \return
 360:Cm3Start.c    **** *  The value that determines whether or not data sections should be initialized
 361:Cm3Start.c    **** *  by the system startup code:
 362:Cm3Start.c    **** *    0 - skip data sections initialization;
 363:Cm3Start.c    **** *    1 - initialize data sections;
 364:Cm3Start.c    **** *
 365:Cm3Start.c    **** *******************************************************************************/
 366:Cm3Start.c    **** int __low_level_init(void)
 367:Cm3Start.c    **** {
 368:Cm3Start.c    ****     #if (CYDEV_PROJ_TYPE != CYDEV_PROJ_TYPE_LOADABLE && CYDEV_PROJ_TYPE != CYDEV_PROJ_TYPE_LOADABLE
 369:Cm3Start.c    **** 
 370:Cm3Start.c    ****         /* For PSoC 5LP, debugging is enabled by default */
 371:Cm3Start.c    ****         #if(CYDEV_DEBUGGING_ENABLE == 0)
 372:Cm3Start.c    ****             *(reg32 *)(CYDEV_DEBUG_ENABLE_REGISTER) |= CYDEV_DEBUG_ENABLE_MASK;
 373:Cm3Start.c    ****         #endif /* (CYDEV_DEBUGGING_ENABLE) */
 374:Cm3Start.c    **** 
 375:Cm3Start.c    ****         /* Reset Status Register has Read-to-clear SW access mode.
 376:Cm3Start.c    ****         * Preserve current RESET_SR0 state to make it available for next reading.
 377:Cm3Start.c    ****         */
 378:Cm3Start.c    ****         *(reg32 *)(CYREG_PHUB_CFGMEM23_CFG1) = *(reg32 *)(CYREG_RESET_SR0);
 379:Cm3Start.c    **** 
 380:Cm3Start.c    ****     #endif  /* (CYDEV_PROJ_TYPE != CYDEV_PROJ_TYPE_LOADABLE && CYDEV_PROJ_TYPE != CYDEV_PROJ_TYPE_L
 381:Cm3Start.c    **** 
 382:Cm3Start.c    ****     #if ((CYDEV_BOOTLOADER_ENABLE) && (CYDEV_PROJ_TYPE != CYDEV_PROJ_TYPE_LOADABLEANDBOOTLOADER))
 383:Cm3Start.c    ****         CyBtldr_CheckLaunch();
 384:Cm3Start.c    ****     #endif /* ((CYDEV_BOOTLOADER_ENABLE) && (CYDEV_PROJ_TYPE != CYDEV_PROJ_TYPE_LOADABLEANDBOOTLOAD
 385:Cm3Start.c    **** 
 386:Cm3Start.c    ****     /* Initialize data sections */
 387:Cm3Start.c    ****     __iar_data_init3();
 388:Cm3Start.c    **** 
 389:Cm3Start.c    ****     initialize_psoc();
 390:Cm3Start.c    **** 
 391:Cm3Start.c    ****     return 0;
 392:Cm3Start.c    **** }
 393:Cm3Start.c    **** 
 394:Cm3Start.c    **** #endif /* __GNUC__ */
 395:Cm3Start.c    **** 
 396:Cm3Start.c    **** 
 397:Cm3Start.c    **** /*******************************************************************************
 398:Cm3Start.c    **** *
 399:Cm3Start.c    **** * Default Rom Interrupt Vector table.
 400:Cm3Start.c    **** *
 401:Cm3Start.c    **** *******************************************************************************/
 402:Cm3Start.c    **** #if defined(__ARMCC_VERSION)
 403:Cm3Start.c    ****     /* Suppress diagnostic message 1296-D: extended constant initialiser used */
 404:Cm3Start.c    ****     #pragma diag_suppress 1296
 405:Cm3Start.c    **** #endif  /* defined(__ARMCC_VERSION) */
 406:Cm3Start.c    **** 
 407:Cm3Start.c    **** #if defined (__ICCARM__)
 408:Cm3Start.c    ****     #pragma location=".romvectors"
 409:Cm3Start.c    ****     const intvec_elem __vector_table[CY_NUM_ROM_VECTORS] =
 410:Cm3Start.c    **** #else
 411:Cm3Start.c    ****     CY_SECTION(".romvectors")
 412:Cm3Start.c    ****     const cyisraddress RomVectors[CY_NUM_ROM_VECTORS] =
 413:Cm3Start.c    **** #endif  /* defined (__ICCARM__) */
ARM GAS  C:\Users\Rowel\AppData\Local\Temp\cc0DTzGz.s 			page 13


 414:Cm3Start.c    **** {
 415:Cm3Start.c    ****     INITIAL_STACK_POINTER,   /* Initial stack pointer  0 */
 416:Cm3Start.c    ****     #if defined (__ICCARM__) /* Reset handler          1 */
 417:Cm3Start.c    ****         __iar_program_start,
 418:Cm3Start.c    ****     #else
 419:Cm3Start.c    ****         (cyisraddress)&Reset,
 420:Cm3Start.c    ****     #endif  /* defined (__ICCARM__) */
 421:Cm3Start.c    ****     &IntDefaultHandler,      /* NMI handler            2 */
 422:Cm3Start.c    ****     &IntDefaultHandler,      /* Hard fault handler     3 */
 423:Cm3Start.c    **** };
 424:Cm3Start.c    **** 
 425:Cm3Start.c    **** #if defined(__ARMCC_VERSION)
 426:Cm3Start.c    ****     #pragma diag_default 1296
 427:Cm3Start.c    **** #endif  /* defined(__ARMCC_VERSION) */
 428:Cm3Start.c    **** 
 429:Cm3Start.c    **** 
 430:Cm3Start.c    **** /*******************************************************************************
 431:Cm3Start.c    **** * Function Name: initialize_psoc
 432:Cm3Start.c    **** ****************************************************************************//**
 433:Cm3Start.c    **** *
 434:Cm3Start.c    **** *  This function used to initialize the PSoC chip before calling main.
 435:Cm3Start.c    **** *
 436:Cm3Start.c    **** *******************************************************************************/
 437:Cm3Start.c    **** #if (defined(__GNUC__) && !defined(__ARMCC_VERSION))
 438:Cm3Start.c    **** __attribute__ ((constructor(101)))
 439:Cm3Start.c    **** #endif
 440:Cm3Start.c    **** void initialize_psoc(void)
 441:Cm3Start.c    **** {
 262              		.loc 1 441 0
 263              		.cfi_startproc
 264              		@ args = 0, pretend = 0, frame = 0
 265              		@ frame_needed = 0, uses_anonymous_args = 0
 266 0000 08B5     		push	{r3, lr}
 267              		.cfi_def_cfa_offset 8
 268              		.cfi_offset 3, -8
 269              		.cfi_offset 14, -4
 442:Cm3Start.c    ****     uint32 i;
 443:Cm3Start.c    **** 
 444:Cm3Start.c    ****     /* Set Priority group 5. */
 445:Cm3Start.c    **** 
 446:Cm3Start.c    ****     /* Writes to NVIC_APINT register require the VECTKEY in the upper half */
 447:Cm3Start.c    ****     *CY_NVIC_APINT_PTR = CY_NVIC_APINT_VECTKEY | CY_NVIC_APINT_PRIGROUP_3_5;
 270              		.loc 1 447 0
 271 0002 104A     		ldr	r2, .L33
 272 0004 104B     		ldr	r3, .L33+4
 273 0006 1A60     		str	r2, [r3]
 448:Cm3Start.c    ****     *CY_NVIC_CFG_CTRL_PTR |= CY_NVIC_CFG_STACKALIGN;
 274              		.loc 1 448 0
 275 0008 104A     		ldr	r2, .L33+8
 276 000a 1368     		ldr	r3, [r2]
 277 000c 43F40073 		orr	r3, r3, #512
 278 0010 1360     		str	r3, [r2]
 279              	.LVL28:
 449:Cm3Start.c    **** 
 450:Cm3Start.c    ****     /* Set Ram interrupt vectors to default functions. */
 451:Cm3Start.c    ****     for (i = 0u; i < CY_NUM_VECTORS; i++)
 280              		.loc 1 451 0
ARM GAS  C:\Users\Rowel\AppData\Local\Temp\cc0DTzGz.s 			page 14


 281 0012 0023     		movs	r3, #0
 282 0014 0AE0     		b	.L28
 283              	.LVL29:
 284              	.L30:
 452:Cm3Start.c    ****     {
 453:Cm3Start.c    ****         #if defined (__ICCARM__)
 454:Cm3Start.c    ****             CyRamVectors[i] = (i < CY_NUM_ROM_VECTORS) ? __vector_table[i].__fun : &IntDefaultHandl
 455:Cm3Start.c    ****         #else
 456:Cm3Start.c    ****             CyRamVectors[i] = (i < CY_NUM_ROM_VECTORS) ? RomVectors[i] : &IntDefaultHandler;
 285              		.loc 1 456 0
 286 0016 032B     		cmp	r3, #3
 287 0018 03D8     		bhi	.L31
 288              		.loc 1 456 0 is_stmt 0 discriminator 1
 289 001a 0D4A     		ldr	r2, .L33+12
 290 001c 52F82310 		ldr	r1, [r2, r3, lsl #2]
 291 0020 00E0     		b	.L29
 292              	.L31:
 293              		.loc 1 456 0
 294 0022 0C49     		ldr	r1, .L33+16
 295              	.L29:
 296              		.loc 1 456 0 discriminator 4
 297 0024 0C4A     		ldr	r2, .L33+20
 298 0026 42F82310 		str	r1, [r2, r3, lsl #2]
 451:Cm3Start.c    ****     {
 299              		.loc 1 451 0 is_stmt 1 discriminator 4
 300 002a 0133     		adds	r3, r3, #1
 301              	.LVL30:
 302              	.L28:
 451:Cm3Start.c    ****     {
 303              		.loc 1 451 0 is_stmt 0 discriminator 2
 304 002c 2F2B     		cmp	r3, #47
 305 002e F2D9     		bls	.L30
 457:Cm3Start.c    ****         #endif  /* defined (__ICCARM__) */
 458:Cm3Start.c    ****     }
 459:Cm3Start.c    **** 
 460:Cm3Start.c    ****     /* Was stored in CFGMEM to avoid being cleared while SRAM gets cleared */
 461:Cm3Start.c    ****     CyResetStatus = CY_GET_REG8(CYREG_PHUB_CFGMEM23_CFG1);
 306              		.loc 1 461 0 is_stmt 1
 307 0030 0A4B     		ldr	r3, .L33+24
 308              	.LVL31:
 309 0032 1A78     		ldrb	r2, [r3]	@ zero_extendqisi2
 310 0034 0A4B     		ldr	r3, .L33+28
 311 0036 1A70     		strb	r2, [r3]
 462:Cm3Start.c    **** 
 463:Cm3Start.c    ****     /* Point NVIC at RAM vector table. */
 464:Cm3Start.c    ****     *CYINT_VECT_TABLE = CyRamVectors;
 312              		.loc 1 464 0
 313 0038 074A     		ldr	r2, .L33+20
 314 003a 0A4B     		ldr	r3, .L33+32
 315 003c 1A60     		str	r2, [r3]
 465:Cm3Start.c    **** 
 466:Cm3Start.c    ****     /* Initialize the configuration registers. */
 467:Cm3Start.c    ****     cyfitter_cfg();
 316              		.loc 1 467 0
 317 003e FFF7FEFF 		bl	cyfitter_cfg
 318              	.LVL32:
 319 0042 08BD     		pop	{r3, pc}
ARM GAS  C:\Users\Rowel\AppData\Local\Temp\cc0DTzGz.s 			page 15


 320              	.L34:
 321              		.align	2
 322              	.L33:
 323 0044 0004FA05 		.word	100271104
 324 0048 0CED00E0 		.word	-536810228
 325 004c 14ED00E0 		.word	-536810220
 326 0050 00000000 		.word	.LANCHOR1
 327 0054 00000000 		.word	IntDefaultHandler
 328 0058 00000000 		.word	.LANCHOR2
 329 005c BC760040 		.word	1073772220
 330 0060 00000000 		.word	CyResetStatus
 331 0064 08ED00E0 		.word	-536810232
 332              		.cfi_endproc
 333              	.LFE5:
 334              		.size	initialize_psoc, .-initialize_psoc
 335              		.section	.init_array,"aw",%init_array
 336              		.align	2
 337 0000 00000000 		.word	initialize_psoc(target1)
 338              		.global	RomVectors
 339              		.global	CyRamVectors
 340              		.section	.romvectors,"a",%progbits
 341              		.align	2
 342              		.set	.LANCHOR1,. + 0
 343              		.type	RomVectors, %object
 344              		.size	RomVectors, 16
 345              	RomVectors:
 346 0000 00000000 		.word	__cy_stack
 347 0004 00000000 		.word	Reset
 348 0008 00000000 		.word	IntDefaultHandler
 349 000c 00000000 		.word	IntDefaultHandler
 350              		.data
 351              		.align	2
 352              		.set	.LANCHOR0,. + 0
 353              		.type	heapPointer.5062, %object
 354              		.size	heapPointer.5062, 4
 355              	heapPointer.5062:
 356 0000 00000000 		.word	end
 357              		.section	.ramvectors,"aw",%progbits
 358              		.align	8
 359              		.set	.LANCHOR2,. + 0
 360              		.type	CyRamVectors, %object
 361              		.size	CyRamVectors, 192
 362              	CyRamVectors:
 363 0000 00000000 		.space	192
 363      00000000 
 363      00000000 
 363      00000000 
 363      00000000 
 364              		.weak	__cy_region_num
 365              		.text
 366              	.Letext0:
 367              		.file 2 "i:\\programas\\x86\\cypress\\psoc creator\\4.1\\psoc creator\\import\\gnu\\arm\\5.4.1\\li
 368              		.file 3 "cytypes.h"
 369              		.file 4 "CyLib.h"
 370              		.file 5 "i:\\programas\\x86\\cypress\\psoc creator\\4.1\\psoc creator\\import\\gnu\\arm\\5.4.1\\ar
 371              		.file 6 "cyfitter_cfg.h"
 372              		.section	.debug_info,"",%progbits
ARM GAS  C:\Users\Rowel\AppData\Local\Temp\cc0DTzGz.s 			page 16


 373              	.Ldebug_info0:
 374 0000 9D030000 		.4byte	0x39d
 375 0004 0400     		.2byte	0x4
 376 0006 00000000 		.4byte	.Ldebug_abbrev0
 377 000a 04       		.byte	0x4
 378 000b 01       		.uleb128 0x1
 379 000c A0000000 		.4byte	.LASF47
 380 0010 0C       		.byte	0xc
 381 0011 81020000 		.4byte	.LASF48
 382 0015 34020000 		.4byte	.LASF49
 383 0019 00000000 		.4byte	.Ldebug_ranges0+0
 384 001d 00000000 		.4byte	0
 385 0021 00000000 		.4byte	.Ldebug_line0
 386 0025 02       		.uleb128 0x2
 387 0026 01       		.byte	0x1
 388 0027 06       		.byte	0x6
 389 0028 BB020000 		.4byte	.LASF0
 390 002c 02       		.uleb128 0x2
 391 002d 01       		.byte	0x1
 392 002e 08       		.byte	0x8
 393 002f 92000000 		.4byte	.LASF1
 394 0033 02       		.uleb128 0x2
 395 0034 02       		.byte	0x2
 396 0035 05       		.byte	0x5
 397 0036 77020000 		.4byte	.LASF2
 398 003a 02       		.uleb128 0x2
 399 003b 02       		.byte	0x2
 400 003c 07       		.byte	0x7
 401 003d 49000000 		.4byte	.LASF3
 402 0041 02       		.uleb128 0x2
 403 0042 04       		.byte	0x4
 404 0043 05       		.byte	0x5
 405 0044 A6020000 		.4byte	.LASF4
 406 0048 02       		.uleb128 0x2
 407 0049 04       		.byte	0x4
 408 004a 07       		.byte	0x7
 409 004b 39010000 		.4byte	.LASF5
 410 004f 02       		.uleb128 0x2
 411 0050 08       		.byte	0x8
 412 0051 05       		.byte	0x5
 413 0052 26020000 		.4byte	.LASF6
 414 0056 02       		.uleb128 0x2
 415 0057 08       		.byte	0x8
 416 0058 07       		.byte	0x7
 417 0059 D3010000 		.4byte	.LASF7
 418 005d 03       		.uleb128 0x3
 419 005e 04       		.byte	0x4
 420 005f 05       		.byte	0x5
 421 0060 696E7400 		.ascii	"int\000"
 422 0064 02       		.uleb128 0x2
 423 0065 04       		.byte	0x4
 424 0066 07       		.byte	0x7
 425 0067 B9010000 		.4byte	.LASF8
 426 006b 04       		.uleb128 0x4
 427 006c 06000000 		.4byte	.LASF10
 428 0070 02       		.byte	0x2
 429 0071 D8       		.byte	0xd8
ARM GAS  C:\Users\Rowel\AppData\Local\Temp\cc0DTzGz.s 			page 17


 430 0072 64000000 		.4byte	0x64
 431 0076 02       		.uleb128 0x2
 432 0077 08       		.byte	0x8
 433 0078 04       		.byte	0x4
 434 0079 AF020000 		.4byte	.LASF9
 435 007d 05       		.uleb128 0x5
 436 007e 60010000 		.4byte	.LASF11
 437 0082 03       		.byte	0x3
 438 0083 9201     		.2byte	0x192
 439 0085 2C000000 		.4byte	0x2c
 440 0089 05       		.uleb128 0x5
 441 008a B2010000 		.4byte	.LASF12
 442 008e 03       		.byte	0x3
 443 008f 9401     		.2byte	0x194
 444 0091 48000000 		.4byte	0x48
 445 0095 02       		.uleb128 0x2
 446 0096 04       		.byte	0x4
 447 0097 04       		.byte	0x4
 448 0098 87000000 		.4byte	.LASF13
 449 009c 02       		.uleb128 0x2
 450 009d 08       		.byte	0x8
 451 009e 04       		.byte	0x4
 452 009f 96010000 		.4byte	.LASF14
 453 00a3 02       		.uleb128 0x2
 454 00a4 01       		.byte	0x1
 455 00a5 08       		.byte	0x8
 456 00a6 72020000 		.4byte	.LASF15
 457 00aa 05       		.uleb128 0x5
 458 00ab 18020000 		.4byte	.LASF16
 459 00af 03       		.byte	0x3
 460 00b0 3C02     		.2byte	0x23c
 461 00b2 B6000000 		.4byte	0xb6
 462 00b6 06       		.uleb128 0x6
 463 00b7 7D000000 		.4byte	0x7d
 464 00bb 05       		.uleb128 0x5
 465 00bc 00000000 		.4byte	.LASF17
 466 00c0 03       		.byte	0x3
 467 00c1 3E02     		.2byte	0x23e
 468 00c3 C7000000 		.4byte	0xc7
 469 00c7 06       		.uleb128 0x6
 470 00c8 89000000 		.4byte	0x89
 471 00cc 05       		.uleb128 0x5
 472 00cd F0010000 		.4byte	.LASF18
 473 00d1 03       		.byte	0x3
 474 00d2 4E02     		.2byte	0x24e
 475 00d4 D8000000 		.4byte	0xd8
 476 00d8 07       		.uleb128 0x7
 477 00d9 04       		.byte	0x4
 478 00da DE000000 		.4byte	0xde
 479 00de 08       		.uleb128 0x8
 480 00df 02       		.uleb128 0x2
 481 00e0 04       		.byte	0x4
 482 00e1 07       		.byte	0x7
 483 00e2 1D020000 		.4byte	.LASF19
 484 00e6 09       		.uleb128 0x9
 485 00e7 04       		.byte	0x4
 486 00e8 0A       		.uleb128 0xa
ARM GAS  C:\Users\Rowel\AppData\Local\Temp\cc0DTzGz.s 			page 18


 487 00e9 A3000000 		.4byte	0xa3
 488 00ed 04       		.uleb128 0x4
 489 00ee 07020000 		.4byte	.LASF20
 490 00f2 01       		.byte	0x1
 491 00f3 BB       		.byte	0xbb
 492 00f4 2C000000 		.4byte	0x2c
 493 00f8 0B       		.uleb128 0xb
 494 00f9 E3020000 		.4byte	.LASF50
 495 00fd 10       		.byte	0x10
 496 00fe 01       		.byte	0x1
 497 00ff BD       		.byte	0xbd
 498 0100 35010000 		.4byte	0x135
 499 0104 0C       		.uleb128 0xc
 500 0105 6C000000 		.4byte	.LASF21
 501 0109 01       		.byte	0x1
 502 010a BF       		.byte	0xbf
 503 010b 35010000 		.4byte	0x135
 504 010f 00       		.byte	0
 505 0110 0C       		.uleb128 0xc
 506 0111 8D000000 		.4byte	.LASF22
 507 0115 01       		.byte	0x1
 508 0116 C0       		.byte	0xc0
 509 0117 35010000 		.4byte	0x135
 510 011b 04       		.byte	0x4
 511 011c 0C       		.uleb128 0xc
 512 011d FD010000 		.4byte	.LASF23
 513 0121 01       		.byte	0x1
 514 0122 C1       		.byte	0xc1
 515 0123 6B000000 		.4byte	0x6b
 516 0127 08       		.byte	0x8
 517 0128 0C       		.uleb128 0xc
 518 0129 78000000 		.4byte	.LASF24
 519 012d 01       		.byte	0x1
 520 012e C2       		.byte	0xc2
 521 012f 6B000000 		.4byte	0x6b
 522 0133 0C       		.byte	0xc
 523 0134 00       		.byte	0
 524 0135 07       		.uleb128 0x7
 525 0136 04       		.byte	0x4
 526 0137 ED000000 		.4byte	0xed
 527 013b 0D       		.uleb128 0xd
 528 013c 7E010000 		.4byte	.LASF51
 529 0140 01       		.byte	0x1
 530 0141 5B       		.byte	0x5b
 531 0142 00000000 		.4byte	.LFB0
 532 0146 02000000 		.4byte	.LFE0-.LFB0
 533 014a 01       		.uleb128 0x1
 534 014b 9C       		.byte	0x9c
 535 014c 0E       		.uleb128 0xe
 536 014d 78010000 		.4byte	.LASF25
 537 0151 01       		.byte	0x1
 538 0152 DB       		.byte	0xdb
 539 0153 00000000 		.4byte	.LFB1
 540 0157 0A000000 		.4byte	.LFE1-.LFB1
 541 015b 01       		.uleb128 0x1
 542 015c 9C       		.byte	0x9c
 543 015d 82010000 		.4byte	0x182
ARM GAS  C:\Users\Rowel\AppData\Local\Temp\cc0DTzGz.s 			page 19


 544 0161 0F       		.uleb128 0xf
 545 0162 71000000 		.4byte	.LASF27
 546 0166 01       		.byte	0x1
 547 0167 DB       		.byte	0xdb
 548 0168 5D000000 		.4byte	0x5d
 549 016c 00000000 		.4byte	.LLST0
 550 0170 10       		.uleb128 0x10
 551 0171 08000000 		.4byte	.LVL2
 552 0175 69030000 		.4byte	0x369
 553 0179 11       		.uleb128 0x11
 554 017a 01       		.uleb128 0x1
 555 017b 50       		.byte	0x50
 556 017c 03       		.uleb128 0x3
 557 017d F3       		.byte	0xf3
 558 017e 01       		.uleb128 0x1
 559 017f 50       		.byte	0x50
 560 0180 00       		.byte	0
 561 0181 00       		.byte	0
 562 0182 12       		.uleb128 0x12
 563 0183 90010000 		.4byte	.LASF26
 564 0187 01       		.byte	0x1
 565 0188 F4       		.byte	0xf4
 566 0189 E6000000 		.4byte	0xe6
 567 018d 00000000 		.4byte	.LFB2
 568 0191 30000000 		.4byte	.LFE2-.LFB2
 569 0195 01       		.uleb128 0x1
 570 0196 9C       		.byte	0x9c
 571 0197 DF010000 		.4byte	0x1df
 572 019b 0F       		.uleb128 0xf
 573 019c DC020000 		.4byte	.LASF28
 574 01a0 01       		.byte	0x1
 575 01a1 F4       		.byte	0xf4
 576 01a2 5D000000 		.4byte	0x5d
 577 01a6 21000000 		.4byte	.LLST1
 578 01aa 13       		.uleb128 0x13
 579 01ab 656E6400 		.ascii	"end\000"
 580 01af 01       		.byte	0x1
 581 01b0 F6       		.byte	0xf6
 582 01b1 5D000000 		.4byte	0x5d
 583 01b5 14       		.uleb128 0x14
 584 01b6 6C010000 		.4byte	.LASF29
 585 01ba 01       		.byte	0x1
 586 01bb F7       		.byte	0xf7
 587 01bc E6000000 		.4byte	0xe6
 588 01c0 42000000 		.4byte	.LLST2
 589 01c4 15       		.uleb128 0x15
 590 01c5 3D000000 		.4byte	.LASF30
 591 01c9 01       		.byte	0x1
 592 01ca FA       		.byte	0xfa
 593 01cb E6000000 		.4byte	0xe6
 594 01cf 05       		.uleb128 0x5
 595 01d0 03       		.byte	0x3
 596 01d1 00000000 		.4byte	heapPointer.5062
 597 01d5 16       		.uleb128 0x16
 598 01d6 1A000000 		.4byte	.LVL7
 599 01da 74030000 		.4byte	0x374
 600 01de 00       		.byte	0
ARM GAS  C:\Users\Rowel\AppData\Local\Temp\cc0DTzGz.s 			page 20


 601 01df 17       		.uleb128 0x17
 602 01e0 2F000000 		.4byte	.LASF31
 603 01e4 01       		.byte	0x1
 604 01e5 3501     		.2byte	0x135
 605 01e7 00000000 		.4byte	.LFB4
 606 01eb 4C000000 		.4byte	.LFE4-.LFB4
 607 01ef 01       		.uleb128 0x1
 608 01f0 9C       		.byte	0x9c
 609 01f1 76020000 		.4byte	0x276
 610 01f5 18       		.uleb128 0x18
 611 01f6 D4020000 		.4byte	.LASF32
 612 01fa 01       		.byte	0x1
 613 01fb 3701     		.2byte	0x137
 614 01fd 64000000 		.4byte	0x64
 615 0201 6D000000 		.4byte	.LLST3
 616 0205 18       		.uleb128 0x18
 617 0206 82000000 		.4byte	.LASF33
 618 020a 01       		.byte	0x1
 619 020b 3801     		.2byte	0x138
 620 020d 76020000 		.4byte	0x276
 621 0211 80000000 		.4byte	.LLST4
 622 0215 19       		.uleb128 0x19
 623 0216 08000000 		.4byte	.LBB2
 624 021a 2C000000 		.4byte	.LBE2-.LBB2
 625 021e 63020000 		.4byte	0x263
 626 0222 1A       		.uleb128 0x1a
 627 0223 73726300 		.ascii	"src\000"
 628 0227 01       		.byte	0x1
 629 0228 3D01     		.2byte	0x13d
 630 022a 81020000 		.4byte	0x281
 631 022e 93000000 		.4byte	.LLST5
 632 0232 1A       		.uleb128 0x1a
 633 0233 64737400 		.ascii	"dst\000"
 634 0237 01       		.byte	0x1
 635 0238 3E01     		.2byte	0x13e
 636 023a 81020000 		.4byte	0x281
 637 023e BE000000 		.4byte	.LLST6
 638 0242 18       		.uleb128 0x18
 639 0243 EA010000 		.4byte	.LASF34
 640 0247 01       		.byte	0x1
 641 0248 3F01     		.2byte	0x13f
 642 024a 64000000 		.4byte	0x64
 643 024e D1000000 		.4byte	.LLST7
 644 0252 18       		.uleb128 0x18
 645 0253 37000000 		.4byte	.LASF35
 646 0257 01       		.byte	0x1
 647 0258 4001     		.2byte	0x140
 648 025a 64000000 		.4byte	0x64
 649 025e EF000000 		.4byte	.LLST8
 650 0262 00       		.byte	0
 651 0263 16       		.uleb128 0x16
 652 0264 3E000000 		.4byte	.LVL25
 653 0268 7F030000 		.4byte	0x37f
 654 026c 16       		.uleb128 0x16
 655 026d 42000000 		.4byte	.LVL26
 656 0271 8A030000 		.4byte	0x38a
 657 0275 00       		.byte	0
ARM GAS  C:\Users\Rowel\AppData\Local\Temp\cc0DTzGz.s 			page 21


 658 0276 07       		.uleb128 0x7
 659 0277 04       		.byte	0x4
 660 0278 7C020000 		.4byte	0x27c
 661 027c 0A       		.uleb128 0xa
 662 027d F8000000 		.4byte	0xf8
 663 0281 07       		.uleb128 0x7
 664 0282 04       		.byte	0x4
 665 0283 89000000 		.4byte	0x89
 666 0287 17       		.uleb128 0x17
 667 0288 66010000 		.4byte	.LASF36
 668 028c 01       		.byte	0x1
 669 028d 1301     		.2byte	0x113
 670 028f 00000000 		.4byte	.LFB3
 671 0293 18000000 		.4byte	.LFE3-.LFB3
 672 0297 01       		.uleb128 0x1
 673 0298 9C       		.byte	0x9c
 674 0299 A7020000 		.4byte	0x2a7
 675 029d 16       		.uleb128 0x16
 676 029e 12000000 		.4byte	.LVL27
 677 02a2 DF010000 		.4byte	0x1df
 678 02a6 00       		.byte	0
 679 02a7 1B       		.uleb128 0x1b
 680 02a8 A2010000 		.4byte	.LASF52
 681 02ac 01       		.byte	0x1
 682 02ad B801     		.2byte	0x1b8
 683 02af 00000000 		.4byte	.LFB5
 684 02b3 68000000 		.4byte	.LFE5-.LFB5
 685 02b7 01       		.uleb128 0x1
 686 02b8 9C       		.byte	0x9c
 687 02b9 D5020000 		.4byte	0x2d5
 688 02bd 1A       		.uleb128 0x1a
 689 02be 6900     		.ascii	"i\000"
 690 02c0 01       		.byte	0x1
 691 02c1 BA01     		.2byte	0x1ba
 692 02c3 89000000 		.4byte	0x89
 693 02c7 25010000 		.4byte	.LLST9
 694 02cb 16       		.uleb128 0x16
 695 02cc 42000000 		.4byte	.LVL32
 696 02d0 95030000 		.4byte	0x395
 697 02d4 00       		.byte	0
 698 02d5 1C       		.uleb128 0x1c
 699 02d6 4B010000 		.4byte	.LASF53
 700 02da 01       		.byte	0x1
 701 02db 3F       		.byte	0x3f
 702 02dc 89000000 		.4byte	0x89
 703 02e0 1D       		.uleb128 0x1d
 704 02e1 21000000 		.4byte	.LASF37
 705 02e5 04       		.byte	0x4
 706 02e6 2C       		.byte	0x2c
 707 02e7 7D000000 		.4byte	0x7d
 708 02eb 13       		.uleb128 0x13
 709 02ec 656E6400 		.ascii	"end\000"
 710 02f0 01       		.byte	0x1
 711 02f1 F6       		.byte	0xf6
 712 02f2 5D000000 		.4byte	0x5d
 713 02f6 1E       		.uleb128 0x1e
 714 02f7 CC000000 		.4byte	0xcc
ARM GAS  C:\Users\Rowel\AppData\Local\Temp\cc0DTzGz.s 			page 22


 715 02fb 06030000 		.4byte	0x306
 716 02ff 1F       		.uleb128 0x1f
 717 0300 DF000000 		.4byte	0xdf
 718 0304 2F       		.byte	0x2f
 719 0305 00       		.byte	0
 720 0306 20       		.uleb128 0x20
 721 0307 14000000 		.4byte	.LASF38
 722 030b 01       		.byte	0x1
 723 030c 4D       		.byte	0x4d
 724 030d F6020000 		.4byte	0x2f6
 725 0311 05       		.uleb128 0x5
 726 0312 03       		.byte	0x3
 727 0313 00000000 		.4byte	CyRamVectors
 728 0317 1E       		.uleb128 0x1e
 729 0318 7C020000 		.4byte	0x27c
 730 031c 22030000 		.4byte	0x322
 731 0320 21       		.uleb128 0x21
 732 0321 00       		.byte	0
 733 0322 1D       		.uleb128 0x1d
 734 0323 C7020000 		.4byte	.LASF39
 735 0327 01       		.byte	0x1
 736 0328 C5       		.byte	0xc5
 737 0329 2D030000 		.4byte	0x32d
 738 032d 0A       		.uleb128 0xa
 739 032e 17030000 		.4byte	0x317
 740 0332 1D       		.uleb128 0x1d
 741 0333 5C000000 		.4byte	.LASF40
 742 0337 01       		.byte	0x1
 743 0338 C6       		.byte	0xc6
 744 0339 E8000000 		.4byte	0xe8
 745 033d 1E       		.uleb128 0x1e
 746 033e 4D030000 		.4byte	0x34d
 747 0342 4D030000 		.4byte	0x34d
 748 0346 1F       		.uleb128 0x1f
 749 0347 DF000000 		.4byte	0xdf
 750 034b 03       		.byte	0x3
 751 034c 00       		.byte	0
 752 034d 0A       		.uleb128 0xa
 753 034e CC000000 		.4byte	0xcc
 754 0352 22       		.uleb128 0x22
 755 0353 2E010000 		.4byte	.LASF41
 756 0357 01       		.byte	0x1
 757 0358 9C01     		.2byte	0x19c
 758 035a 64030000 		.4byte	0x364
 759 035e 05       		.uleb128 0x5
 760 035f 03       		.byte	0x3
 761 0360 00000000 		.4byte	RomVectors
 762 0364 0A       		.uleb128 0xa
 763 0365 3D030000 		.4byte	0x33d
 764 0369 23       		.uleb128 0x23
 765 036a 0D000000 		.4byte	.LASF42
 766 036e 0D000000 		.4byte	.LASF42
 767 0372 04       		.byte	0x4
 768 0373 7F       		.byte	0x7f
 769 0374 23       		.uleb128 0x23
 770 0375 8C020000 		.4byte	.LASF43
 771 0379 8C020000 		.4byte	.LASF43
ARM GAS  C:\Users\Rowel\AppData\Local\Temp\cc0DTzGz.s 			page 23


 772 037d 05       		.byte	0x5
 773 037e 0F       		.byte	0xf
 774 037f 23       		.uleb128 0x23
 775 0380 94020000 		.4byte	.LASF44
 776 0384 94020000 		.4byte	.LASF44
 777 0388 01       		.byte	0x1
 778 0389 B9       		.byte	0xb9
 779 038a 23       		.uleb128 0x23
 780 038b 9D010000 		.4byte	.LASF45
 781 038f 9D010000 		.4byte	.LASF45
 782 0393 01       		.byte	0x1
 783 0394 B6       		.byte	0xb6
 784 0395 23       		.uleb128 0x23
 785 0396 C6010000 		.4byte	.LASF46
 786 039a C6010000 		.4byte	.LASF46
 787 039e 06       		.byte	0x6
 788 039f 16       		.byte	0x16
 789 03a0 00       		.byte	0
 790              		.section	.debug_abbrev,"",%progbits
 791              	.Ldebug_abbrev0:
 792 0000 01       		.uleb128 0x1
 793 0001 11       		.uleb128 0x11
 794 0002 01       		.byte	0x1
 795 0003 25       		.uleb128 0x25
 796 0004 0E       		.uleb128 0xe
 797 0005 13       		.uleb128 0x13
 798 0006 0B       		.uleb128 0xb
 799 0007 03       		.uleb128 0x3
 800 0008 0E       		.uleb128 0xe
 801 0009 1B       		.uleb128 0x1b
 802 000a 0E       		.uleb128 0xe
 803 000b 55       		.uleb128 0x55
 804 000c 17       		.uleb128 0x17
 805 000d 11       		.uleb128 0x11
 806 000e 01       		.uleb128 0x1
 807 000f 10       		.uleb128 0x10
 808 0010 17       		.uleb128 0x17
 809 0011 00       		.byte	0
 810 0012 00       		.byte	0
 811 0013 02       		.uleb128 0x2
 812 0014 24       		.uleb128 0x24
 813 0015 00       		.byte	0
 814 0016 0B       		.uleb128 0xb
 815 0017 0B       		.uleb128 0xb
 816 0018 3E       		.uleb128 0x3e
 817 0019 0B       		.uleb128 0xb
 818 001a 03       		.uleb128 0x3
 819 001b 0E       		.uleb128 0xe
 820 001c 00       		.byte	0
 821 001d 00       		.byte	0
 822 001e 03       		.uleb128 0x3
 823 001f 24       		.uleb128 0x24
 824 0020 00       		.byte	0
 825 0021 0B       		.uleb128 0xb
 826 0022 0B       		.uleb128 0xb
 827 0023 3E       		.uleb128 0x3e
 828 0024 0B       		.uleb128 0xb
ARM GAS  C:\Users\Rowel\AppData\Local\Temp\cc0DTzGz.s 			page 24


 829 0025 03       		.uleb128 0x3
 830 0026 08       		.uleb128 0x8
 831 0027 00       		.byte	0
 832 0028 00       		.byte	0
 833 0029 04       		.uleb128 0x4
 834 002a 16       		.uleb128 0x16
 835 002b 00       		.byte	0
 836 002c 03       		.uleb128 0x3
 837 002d 0E       		.uleb128 0xe
 838 002e 3A       		.uleb128 0x3a
 839 002f 0B       		.uleb128 0xb
 840 0030 3B       		.uleb128 0x3b
 841 0031 0B       		.uleb128 0xb
 842 0032 49       		.uleb128 0x49
 843 0033 13       		.uleb128 0x13
 844 0034 00       		.byte	0
 845 0035 00       		.byte	0
 846 0036 05       		.uleb128 0x5
 847 0037 16       		.uleb128 0x16
 848 0038 00       		.byte	0
 849 0039 03       		.uleb128 0x3
 850 003a 0E       		.uleb128 0xe
 851 003b 3A       		.uleb128 0x3a
 852 003c 0B       		.uleb128 0xb
 853 003d 3B       		.uleb128 0x3b
 854 003e 05       		.uleb128 0x5
 855 003f 49       		.uleb128 0x49
 856 0040 13       		.uleb128 0x13
 857 0041 00       		.byte	0
 858 0042 00       		.byte	0
 859 0043 06       		.uleb128 0x6
 860 0044 35       		.uleb128 0x35
 861 0045 00       		.byte	0
 862 0046 49       		.uleb128 0x49
 863 0047 13       		.uleb128 0x13
 864 0048 00       		.byte	0
 865 0049 00       		.byte	0
 866 004a 07       		.uleb128 0x7
 867 004b 0F       		.uleb128 0xf
 868 004c 00       		.byte	0
 869 004d 0B       		.uleb128 0xb
 870 004e 0B       		.uleb128 0xb
 871 004f 49       		.uleb128 0x49
 872 0050 13       		.uleb128 0x13
 873 0051 00       		.byte	0
 874 0052 00       		.byte	0
 875 0053 08       		.uleb128 0x8
 876 0054 15       		.uleb128 0x15
 877 0055 00       		.byte	0
 878 0056 27       		.uleb128 0x27
 879 0057 19       		.uleb128 0x19
 880 0058 00       		.byte	0
 881 0059 00       		.byte	0
 882 005a 09       		.uleb128 0x9
 883 005b 0F       		.uleb128 0xf
 884 005c 00       		.byte	0
 885 005d 0B       		.uleb128 0xb
ARM GAS  C:\Users\Rowel\AppData\Local\Temp\cc0DTzGz.s 			page 25


 886 005e 0B       		.uleb128 0xb
 887 005f 00       		.byte	0
 888 0060 00       		.byte	0
 889 0061 0A       		.uleb128 0xa
 890 0062 26       		.uleb128 0x26
 891 0063 00       		.byte	0
 892 0064 49       		.uleb128 0x49
 893 0065 13       		.uleb128 0x13
 894 0066 00       		.byte	0
 895 0067 00       		.byte	0
 896 0068 0B       		.uleb128 0xb
 897 0069 13       		.uleb128 0x13
 898 006a 01       		.byte	0x1
 899 006b 03       		.uleb128 0x3
 900 006c 0E       		.uleb128 0xe
 901 006d 0B       		.uleb128 0xb
 902 006e 0B       		.uleb128 0xb
 903 006f 3A       		.uleb128 0x3a
 904 0070 0B       		.uleb128 0xb
 905 0071 3B       		.uleb128 0x3b
 906 0072 0B       		.uleb128 0xb
 907 0073 01       		.uleb128 0x1
 908 0074 13       		.uleb128 0x13
 909 0075 00       		.byte	0
 910 0076 00       		.byte	0
 911 0077 0C       		.uleb128 0xc
 912 0078 0D       		.uleb128 0xd
 913 0079 00       		.byte	0
 914 007a 03       		.uleb128 0x3
 915 007b 0E       		.uleb128 0xe
 916 007c 3A       		.uleb128 0x3a
 917 007d 0B       		.uleb128 0xb
 918 007e 3B       		.uleb128 0x3b
 919 007f 0B       		.uleb128 0xb
 920 0080 49       		.uleb128 0x49
 921 0081 13       		.uleb128 0x13
 922 0082 38       		.uleb128 0x38
 923 0083 0B       		.uleb128 0xb
 924 0084 00       		.byte	0
 925 0085 00       		.byte	0
 926 0086 0D       		.uleb128 0xd
 927 0087 2E       		.uleb128 0x2e
 928 0088 00       		.byte	0
 929 0089 3F       		.uleb128 0x3f
 930 008a 19       		.uleb128 0x19
 931 008b 03       		.uleb128 0x3
 932 008c 0E       		.uleb128 0xe
 933 008d 3A       		.uleb128 0x3a
 934 008e 0B       		.uleb128 0xb
 935 008f 3B       		.uleb128 0x3b
 936 0090 0B       		.uleb128 0xb
 937 0091 27       		.uleb128 0x27
 938 0092 19       		.uleb128 0x19
 939 0093 8701     		.uleb128 0x87
 940 0095 19       		.uleb128 0x19
 941 0096 11       		.uleb128 0x11
 942 0097 01       		.uleb128 0x1
ARM GAS  C:\Users\Rowel\AppData\Local\Temp\cc0DTzGz.s 			page 26


 943 0098 12       		.uleb128 0x12
 944 0099 06       		.uleb128 0x6
 945 009a 40       		.uleb128 0x40
 946 009b 18       		.uleb128 0x18
 947 009c 9742     		.uleb128 0x2117
 948 009e 19       		.uleb128 0x19
 949 009f 00       		.byte	0
 950 00a0 00       		.byte	0
 951 00a1 0E       		.uleb128 0xe
 952 00a2 2E       		.uleb128 0x2e
 953 00a3 01       		.byte	0x1
 954 00a4 3F       		.uleb128 0x3f
 955 00a5 19       		.uleb128 0x19
 956 00a6 03       		.uleb128 0x3
 957 00a7 0E       		.uleb128 0xe
 958 00a8 3A       		.uleb128 0x3a
 959 00a9 0B       		.uleb128 0xb
 960 00aa 3B       		.uleb128 0x3b
 961 00ab 0B       		.uleb128 0xb
 962 00ac 27       		.uleb128 0x27
 963 00ad 19       		.uleb128 0x19
 964 00ae 8701     		.uleb128 0x87
 965 00b0 19       		.uleb128 0x19
 966 00b1 11       		.uleb128 0x11
 967 00b2 01       		.uleb128 0x1
 968 00b3 12       		.uleb128 0x12
 969 00b4 06       		.uleb128 0x6
 970 00b5 40       		.uleb128 0x40
 971 00b6 18       		.uleb128 0x18
 972 00b7 9742     		.uleb128 0x2117
 973 00b9 19       		.uleb128 0x19
 974 00ba 01       		.uleb128 0x1
 975 00bb 13       		.uleb128 0x13
 976 00bc 00       		.byte	0
 977 00bd 00       		.byte	0
 978 00be 0F       		.uleb128 0xf
 979 00bf 05       		.uleb128 0x5
 980 00c0 00       		.byte	0
 981 00c1 03       		.uleb128 0x3
 982 00c2 0E       		.uleb128 0xe
 983 00c3 3A       		.uleb128 0x3a
 984 00c4 0B       		.uleb128 0xb
 985 00c5 3B       		.uleb128 0x3b
 986 00c6 0B       		.uleb128 0xb
 987 00c7 49       		.uleb128 0x49
 988 00c8 13       		.uleb128 0x13
 989 00c9 02       		.uleb128 0x2
 990 00ca 17       		.uleb128 0x17
 991 00cb 00       		.byte	0
 992 00cc 00       		.byte	0
 993 00cd 10       		.uleb128 0x10
 994 00ce 898201   		.uleb128 0x4109
 995 00d1 01       		.byte	0x1
 996 00d2 11       		.uleb128 0x11
 997 00d3 01       		.uleb128 0x1
 998 00d4 31       		.uleb128 0x31
 999 00d5 13       		.uleb128 0x13
ARM GAS  C:\Users\Rowel\AppData\Local\Temp\cc0DTzGz.s 			page 27


 1000 00d6 00       		.byte	0
 1001 00d7 00       		.byte	0
 1002 00d8 11       		.uleb128 0x11
 1003 00d9 8A8201   		.uleb128 0x410a
 1004 00dc 00       		.byte	0
 1005 00dd 02       		.uleb128 0x2
 1006 00de 18       		.uleb128 0x18
 1007 00df 9142     		.uleb128 0x2111
 1008 00e1 18       		.uleb128 0x18
 1009 00e2 00       		.byte	0
 1010 00e3 00       		.byte	0
 1011 00e4 12       		.uleb128 0x12
 1012 00e5 2E       		.uleb128 0x2e
 1013 00e6 01       		.byte	0x1
 1014 00e7 3F       		.uleb128 0x3f
 1015 00e8 19       		.uleb128 0x19
 1016 00e9 03       		.uleb128 0x3
 1017 00ea 0E       		.uleb128 0xe
 1018 00eb 3A       		.uleb128 0x3a
 1019 00ec 0B       		.uleb128 0xb
 1020 00ed 3B       		.uleb128 0x3b
 1021 00ee 0B       		.uleb128 0xb
 1022 00ef 27       		.uleb128 0x27
 1023 00f0 19       		.uleb128 0x19
 1024 00f1 49       		.uleb128 0x49
 1025 00f2 13       		.uleb128 0x13
 1026 00f3 11       		.uleb128 0x11
 1027 00f4 01       		.uleb128 0x1
 1028 00f5 12       		.uleb128 0x12
 1029 00f6 06       		.uleb128 0x6
 1030 00f7 40       		.uleb128 0x40
 1031 00f8 18       		.uleb128 0x18
 1032 00f9 9742     		.uleb128 0x2117
 1033 00fb 19       		.uleb128 0x19
 1034 00fc 01       		.uleb128 0x1
 1035 00fd 13       		.uleb128 0x13
 1036 00fe 00       		.byte	0
 1037 00ff 00       		.byte	0
 1038 0100 13       		.uleb128 0x13
 1039 0101 34       		.uleb128 0x34
 1040 0102 00       		.byte	0
 1041 0103 03       		.uleb128 0x3
 1042 0104 08       		.uleb128 0x8
 1043 0105 3A       		.uleb128 0x3a
 1044 0106 0B       		.uleb128 0xb
 1045 0107 3B       		.uleb128 0x3b
 1046 0108 0B       		.uleb128 0xb
 1047 0109 49       		.uleb128 0x49
 1048 010a 13       		.uleb128 0x13
 1049 010b 3F       		.uleb128 0x3f
 1050 010c 19       		.uleb128 0x19
 1051 010d 3C       		.uleb128 0x3c
 1052 010e 19       		.uleb128 0x19
 1053 010f 00       		.byte	0
 1054 0110 00       		.byte	0
 1055 0111 14       		.uleb128 0x14
 1056 0112 34       		.uleb128 0x34
ARM GAS  C:\Users\Rowel\AppData\Local\Temp\cc0DTzGz.s 			page 28


 1057 0113 00       		.byte	0
 1058 0114 03       		.uleb128 0x3
 1059 0115 0E       		.uleb128 0xe
 1060 0116 3A       		.uleb128 0x3a
 1061 0117 0B       		.uleb128 0xb
 1062 0118 3B       		.uleb128 0x3b
 1063 0119 0B       		.uleb128 0xb
 1064 011a 49       		.uleb128 0x49
 1065 011b 13       		.uleb128 0x13
 1066 011c 02       		.uleb128 0x2
 1067 011d 17       		.uleb128 0x17
 1068 011e 00       		.byte	0
 1069 011f 00       		.byte	0
 1070 0120 15       		.uleb128 0x15
 1071 0121 34       		.uleb128 0x34
 1072 0122 00       		.byte	0
 1073 0123 03       		.uleb128 0x3
 1074 0124 0E       		.uleb128 0xe
 1075 0125 3A       		.uleb128 0x3a
 1076 0126 0B       		.uleb128 0xb
 1077 0127 3B       		.uleb128 0x3b
 1078 0128 0B       		.uleb128 0xb
 1079 0129 49       		.uleb128 0x49
 1080 012a 13       		.uleb128 0x13
 1081 012b 02       		.uleb128 0x2
 1082 012c 18       		.uleb128 0x18
 1083 012d 00       		.byte	0
 1084 012e 00       		.byte	0
 1085 012f 16       		.uleb128 0x16
 1086 0130 898201   		.uleb128 0x4109
 1087 0133 00       		.byte	0
 1088 0134 11       		.uleb128 0x11
 1089 0135 01       		.uleb128 0x1
 1090 0136 31       		.uleb128 0x31
 1091 0137 13       		.uleb128 0x13
 1092 0138 00       		.byte	0
 1093 0139 00       		.byte	0
 1094 013a 17       		.uleb128 0x17
 1095 013b 2E       		.uleb128 0x2e
 1096 013c 01       		.byte	0x1
 1097 013d 3F       		.uleb128 0x3f
 1098 013e 19       		.uleb128 0x19
 1099 013f 03       		.uleb128 0x3
 1100 0140 0E       		.uleb128 0xe
 1101 0141 3A       		.uleb128 0x3a
 1102 0142 0B       		.uleb128 0xb
 1103 0143 3B       		.uleb128 0x3b
 1104 0144 05       		.uleb128 0x5
 1105 0145 27       		.uleb128 0x27
 1106 0146 19       		.uleb128 0x19
 1107 0147 8701     		.uleb128 0x87
 1108 0149 19       		.uleb128 0x19
 1109 014a 11       		.uleb128 0x11
 1110 014b 01       		.uleb128 0x1
 1111 014c 12       		.uleb128 0x12
 1112 014d 06       		.uleb128 0x6
 1113 014e 40       		.uleb128 0x40
ARM GAS  C:\Users\Rowel\AppData\Local\Temp\cc0DTzGz.s 			page 29


 1114 014f 18       		.uleb128 0x18
 1115 0150 9742     		.uleb128 0x2117
 1116 0152 19       		.uleb128 0x19
 1117 0153 01       		.uleb128 0x1
 1118 0154 13       		.uleb128 0x13
 1119 0155 00       		.byte	0
 1120 0156 00       		.byte	0
 1121 0157 18       		.uleb128 0x18
 1122 0158 34       		.uleb128 0x34
 1123 0159 00       		.byte	0
 1124 015a 03       		.uleb128 0x3
 1125 015b 0E       		.uleb128 0xe
 1126 015c 3A       		.uleb128 0x3a
 1127 015d 0B       		.uleb128 0xb
 1128 015e 3B       		.uleb128 0x3b
 1129 015f 05       		.uleb128 0x5
 1130 0160 49       		.uleb128 0x49
 1131 0161 13       		.uleb128 0x13
 1132 0162 02       		.uleb128 0x2
 1133 0163 17       		.uleb128 0x17
 1134 0164 00       		.byte	0
 1135 0165 00       		.byte	0
 1136 0166 19       		.uleb128 0x19
 1137 0167 0B       		.uleb128 0xb
 1138 0168 01       		.byte	0x1
 1139 0169 11       		.uleb128 0x11
 1140 016a 01       		.uleb128 0x1
 1141 016b 12       		.uleb128 0x12
 1142 016c 06       		.uleb128 0x6
 1143 016d 01       		.uleb128 0x1
 1144 016e 13       		.uleb128 0x13
 1145 016f 00       		.byte	0
 1146 0170 00       		.byte	0
 1147 0171 1A       		.uleb128 0x1a
 1148 0172 34       		.uleb128 0x34
 1149 0173 00       		.byte	0
 1150 0174 03       		.uleb128 0x3
 1151 0175 08       		.uleb128 0x8
 1152 0176 3A       		.uleb128 0x3a
 1153 0177 0B       		.uleb128 0xb
 1154 0178 3B       		.uleb128 0x3b
 1155 0179 05       		.uleb128 0x5
 1156 017a 49       		.uleb128 0x49
 1157 017b 13       		.uleb128 0x13
 1158 017c 02       		.uleb128 0x2
 1159 017d 17       		.uleb128 0x17
 1160 017e 00       		.byte	0
 1161 017f 00       		.byte	0
 1162 0180 1B       		.uleb128 0x1b
 1163 0181 2E       		.uleb128 0x2e
 1164 0182 01       		.byte	0x1
 1165 0183 3F       		.uleb128 0x3f
 1166 0184 19       		.uleb128 0x19
 1167 0185 03       		.uleb128 0x3
 1168 0186 0E       		.uleb128 0xe
 1169 0187 3A       		.uleb128 0x3a
 1170 0188 0B       		.uleb128 0xb
ARM GAS  C:\Users\Rowel\AppData\Local\Temp\cc0DTzGz.s 			page 30


 1171 0189 3B       		.uleb128 0x3b
 1172 018a 05       		.uleb128 0x5
 1173 018b 27       		.uleb128 0x27
 1174 018c 19       		.uleb128 0x19
 1175 018d 11       		.uleb128 0x11
 1176 018e 01       		.uleb128 0x1
 1177 018f 12       		.uleb128 0x12
 1178 0190 06       		.uleb128 0x6
 1179 0191 40       		.uleb128 0x40
 1180 0192 18       		.uleb128 0x18
 1181 0193 9742     		.uleb128 0x2117
 1182 0195 19       		.uleb128 0x19
 1183 0196 01       		.uleb128 0x1
 1184 0197 13       		.uleb128 0x13
 1185 0198 00       		.byte	0
 1186 0199 00       		.byte	0
 1187 019a 1C       		.uleb128 0x1c
 1188 019b 34       		.uleb128 0x34
 1189 019c 00       		.byte	0
 1190 019d 03       		.uleb128 0x3
 1191 019e 0E       		.uleb128 0xe
 1192 019f 3A       		.uleb128 0x3a
 1193 01a0 0B       		.uleb128 0xb
 1194 01a1 3B       		.uleb128 0x3b
 1195 01a2 0B       		.uleb128 0xb
 1196 01a3 49       		.uleb128 0x49
 1197 01a4 13       		.uleb128 0x13
 1198 01a5 00       		.byte	0
 1199 01a6 00       		.byte	0
 1200 01a7 1D       		.uleb128 0x1d
 1201 01a8 34       		.uleb128 0x34
 1202 01a9 00       		.byte	0
 1203 01aa 03       		.uleb128 0x3
 1204 01ab 0E       		.uleb128 0xe
 1205 01ac 3A       		.uleb128 0x3a
 1206 01ad 0B       		.uleb128 0xb
 1207 01ae 3B       		.uleb128 0x3b
 1208 01af 0B       		.uleb128 0xb
 1209 01b0 49       		.uleb128 0x49
 1210 01b1 13       		.uleb128 0x13
 1211 01b2 3F       		.uleb128 0x3f
 1212 01b3 19       		.uleb128 0x19
 1213 01b4 3C       		.uleb128 0x3c
 1214 01b5 19       		.uleb128 0x19
 1215 01b6 00       		.byte	0
 1216 01b7 00       		.byte	0
 1217 01b8 1E       		.uleb128 0x1e
 1218 01b9 01       		.uleb128 0x1
 1219 01ba 01       		.byte	0x1
 1220 01bb 49       		.uleb128 0x49
 1221 01bc 13       		.uleb128 0x13
 1222 01bd 01       		.uleb128 0x1
 1223 01be 13       		.uleb128 0x13
 1224 01bf 00       		.byte	0
 1225 01c0 00       		.byte	0
 1226 01c1 1F       		.uleb128 0x1f
 1227 01c2 21       		.uleb128 0x21
ARM GAS  C:\Users\Rowel\AppData\Local\Temp\cc0DTzGz.s 			page 31


 1228 01c3 00       		.byte	0
 1229 01c4 49       		.uleb128 0x49
 1230 01c5 13       		.uleb128 0x13
 1231 01c6 2F       		.uleb128 0x2f
 1232 01c7 0B       		.uleb128 0xb
 1233 01c8 00       		.byte	0
 1234 01c9 00       		.byte	0
 1235 01ca 20       		.uleb128 0x20
 1236 01cb 34       		.uleb128 0x34
 1237 01cc 00       		.byte	0
 1238 01cd 03       		.uleb128 0x3
 1239 01ce 0E       		.uleb128 0xe
 1240 01cf 3A       		.uleb128 0x3a
 1241 01d0 0B       		.uleb128 0xb
 1242 01d1 3B       		.uleb128 0x3b
 1243 01d2 0B       		.uleb128 0xb
 1244 01d3 49       		.uleb128 0x49
 1245 01d4 13       		.uleb128 0x13
 1246 01d5 3F       		.uleb128 0x3f
 1247 01d6 19       		.uleb128 0x19
 1248 01d7 02       		.uleb128 0x2
 1249 01d8 18       		.uleb128 0x18
 1250 01d9 00       		.byte	0
 1251 01da 00       		.byte	0
 1252 01db 21       		.uleb128 0x21
 1253 01dc 21       		.uleb128 0x21
 1254 01dd 00       		.byte	0
 1255 01de 00       		.byte	0
 1256 01df 00       		.byte	0
 1257 01e0 22       		.uleb128 0x22
 1258 01e1 34       		.uleb128 0x34
 1259 01e2 00       		.byte	0
 1260 01e3 03       		.uleb128 0x3
 1261 01e4 0E       		.uleb128 0xe
 1262 01e5 3A       		.uleb128 0x3a
 1263 01e6 0B       		.uleb128 0xb
 1264 01e7 3B       		.uleb128 0x3b
 1265 01e8 05       		.uleb128 0x5
 1266 01e9 49       		.uleb128 0x49
 1267 01ea 13       		.uleb128 0x13
 1268 01eb 3F       		.uleb128 0x3f
 1269 01ec 19       		.uleb128 0x19
 1270 01ed 02       		.uleb128 0x2
 1271 01ee 18       		.uleb128 0x18
 1272 01ef 00       		.byte	0
 1273 01f0 00       		.byte	0
 1274 01f1 23       		.uleb128 0x23
 1275 01f2 2E       		.uleb128 0x2e
 1276 01f3 00       		.byte	0
 1277 01f4 3F       		.uleb128 0x3f
 1278 01f5 19       		.uleb128 0x19
 1279 01f6 3C       		.uleb128 0x3c
 1280 01f7 19       		.uleb128 0x19
 1281 01f8 6E       		.uleb128 0x6e
 1282 01f9 0E       		.uleb128 0xe
 1283 01fa 03       		.uleb128 0x3
 1284 01fb 0E       		.uleb128 0xe
ARM GAS  C:\Users\Rowel\AppData\Local\Temp\cc0DTzGz.s 			page 32


 1285 01fc 3A       		.uleb128 0x3a
 1286 01fd 0B       		.uleb128 0xb
 1287 01fe 3B       		.uleb128 0x3b
 1288 01ff 0B       		.uleb128 0xb
 1289 0200 00       		.byte	0
 1290 0201 00       		.byte	0
 1291 0202 00       		.byte	0
 1292              		.section	.debug_loc,"",%progbits
 1293              	.Ldebug_loc0:
 1294              	.LLST0:
 1295 0000 00000000 		.4byte	.LVL0
 1296 0004 04000000 		.4byte	.LVL1
 1297 0008 0100     		.2byte	0x1
 1298 000a 50       		.byte	0x50
 1299 000b 04000000 		.4byte	.LVL1
 1300 000f 0A000000 		.4byte	.LFE1
 1301 0013 0400     		.2byte	0x4
 1302 0015 F3       		.byte	0xf3
 1303 0016 01       		.uleb128 0x1
 1304 0017 50       		.byte	0x50
 1305 0018 9F       		.byte	0x9f
 1306 0019 00000000 		.4byte	0
 1307 001d 00000000 		.4byte	0
 1308              	.LLST1:
 1309 0021 00000000 		.4byte	.LVL3
 1310 0025 08000000 		.4byte	.LVL4
 1311 0029 0100     		.2byte	0x1
 1312 002b 50       		.byte	0x50
 1313 002c 08000000 		.4byte	.LVL4
 1314 0030 30000000 		.4byte	.LFE2
 1315 0034 0400     		.2byte	0x4
 1316 0036 F3       		.byte	0xf3
 1317 0037 01       		.uleb128 0x1
 1318 0038 50       		.byte	0x50
 1319 0039 9F       		.byte	0x9f
 1320 003a 00000000 		.4byte	0
 1321 003e 00000000 		.4byte	0
 1322              	.LLST2:
 1323 0042 10000000 		.4byte	.LVL5
 1324 0046 16000000 		.4byte	.LVL6
 1325 004a 0100     		.2byte	0x1
 1326 004c 52       		.byte	0x52
 1327 004d 1E000000 		.4byte	.LVL8
 1328 0051 22000000 		.4byte	.LVL9
 1329 0055 0300     		.2byte	0x3
 1330 0057 09       		.byte	0x9
 1331 0058 FF       		.byte	0xff
 1332 0059 9F       		.byte	0x9f
 1333 005a 22000000 		.4byte	.LVL9
 1334 005e 30000000 		.4byte	.LFE2
 1335 0062 0100     		.2byte	0x1
 1336 0064 52       		.byte	0x52
 1337 0065 00000000 		.4byte	0
 1338 0069 00000000 		.4byte	0
 1339              	.LLST3:
 1340 006d 08000000 		.4byte	.LVL11
 1341 0071 4C000000 		.4byte	.LFE4
ARM GAS  C:\Users\Rowel\AppData\Local\Temp\cc0DTzGz.s 			page 33


 1342 0075 0100     		.2byte	0x1
 1343 0077 56       		.byte	0x56
 1344 0078 00000000 		.4byte	0
 1345 007c 00000000 		.4byte	0
 1346              	.LLST4:
 1347 0080 08000000 		.4byte	.LVL11
 1348 0084 4C000000 		.4byte	.LFE4
 1349 0088 0100     		.2byte	0x1
 1350 008a 55       		.byte	0x55
 1351 008b 00000000 		.4byte	0
 1352 008f 00000000 		.4byte	0
 1353              	.LLST5:
 1354 0093 0A000000 		.4byte	.LVL12
 1355 0097 16000000 		.4byte	.LVL16
 1356 009b 0100     		.2byte	0x1
 1357 009d 51       		.byte	0x51
 1358 009e 16000000 		.4byte	.LVL16
 1359 00a2 1A000000 		.4byte	.LVL17
 1360 00a6 0300     		.2byte	0x3
 1361 00a8 71       		.byte	0x71
 1362 00a9 7C       		.sleb128 -4
 1363 00aa 9F       		.byte	0x9f
 1364 00ab 1A000000 		.4byte	.LVL17
 1365 00af 26000000 		.4byte	.LVL20
 1366 00b3 0100     		.2byte	0x1
 1367 00b5 51       		.byte	0x51
 1368 00b6 00000000 		.4byte	0
 1369 00ba 00000000 		.4byte	0
 1370              	.LLST6:
 1371 00be 0C000000 		.4byte	.LVL13
 1372 00c2 36000000 		.4byte	.LVL24
 1373 00c6 0100     		.2byte	0x1
 1374 00c8 53       		.byte	0x53
 1375 00c9 00000000 		.4byte	0
 1376 00cd 00000000 		.4byte	0
 1377              	.LLST7:
 1378 00d1 0E000000 		.4byte	.LVL14
 1379 00d5 22000000 		.4byte	.LVL19
 1380 00d9 0100     		.2byte	0x1
 1381 00db 54       		.byte	0x54
 1382 00dc 22000000 		.4byte	.LVL19
 1383 00e0 36000000 		.4byte	.LVL24
 1384 00e4 0100     		.2byte	0x1
 1385 00e6 50       		.byte	0x50
 1386 00e7 00000000 		.4byte	0
 1387 00eb 00000000 		.4byte	0
 1388              	.LLST8:
 1389 00ef 0E000000 		.4byte	.LVL14
 1390 00f3 12000000 		.4byte	.LVL15
 1391 00f7 0200     		.2byte	0x2
 1392 00f9 30       		.byte	0x30
 1393 00fa 9F       		.byte	0x9f
 1394 00fb 12000000 		.4byte	.LVL15
 1395 00ff 22000000 		.4byte	.LVL19
 1396 0103 0100     		.2byte	0x1
 1397 0105 52       		.byte	0x52
 1398 0106 22000000 		.4byte	.LVL19
ARM GAS  C:\Users\Rowel\AppData\Local\Temp\cc0DTzGz.s 			page 34


 1399 010a 26000000 		.4byte	.LVL20
 1400 010e 0200     		.2byte	0x2
 1401 0110 30       		.byte	0x30
 1402 0111 9F       		.byte	0x9f
 1403 0112 26000000 		.4byte	.LVL20
 1404 0116 36000000 		.4byte	.LVL24
 1405 011a 0100     		.2byte	0x1
 1406 011c 52       		.byte	0x52
 1407 011d 00000000 		.4byte	0
 1408 0121 00000000 		.4byte	0
 1409              	.LLST9:
 1410 0125 12000000 		.4byte	.LVL28
 1411 0129 16000000 		.4byte	.LVL29
 1412 012d 0200     		.2byte	0x2
 1413 012f 30       		.byte	0x30
 1414 0130 9F       		.byte	0x9f
 1415 0131 16000000 		.4byte	.LVL29
 1416 0135 32000000 		.4byte	.LVL31
 1417 0139 0100     		.2byte	0x1
 1418 013b 53       		.byte	0x53
 1419 013c 00000000 		.4byte	0
 1420 0140 00000000 		.4byte	0
 1421              		.section	.debug_aranges,"",%progbits
 1422 0000 44000000 		.4byte	0x44
 1423 0004 0200     		.2byte	0x2
 1424 0006 00000000 		.4byte	.Ldebug_info0
 1425 000a 04       		.byte	0x4
 1426 000b 00       		.byte	0
 1427 000c 0000     		.2byte	0
 1428 000e 0000     		.2byte	0
 1429 0010 00000000 		.4byte	.LFB0
 1430 0014 02000000 		.4byte	.LFE0-.LFB0
 1431 0018 00000000 		.4byte	.LFB1
 1432 001c 0A000000 		.4byte	.LFE1-.LFB1
 1433 0020 00000000 		.4byte	.LFB2
 1434 0024 30000000 		.4byte	.LFE2-.LFB2
 1435 0028 00000000 		.4byte	.LFB4
 1436 002c 4C000000 		.4byte	.LFE4-.LFB4
 1437 0030 00000000 		.4byte	.LFB3
 1438 0034 18000000 		.4byte	.LFE3-.LFB3
 1439 0038 00000000 		.4byte	.LFB5
 1440 003c 68000000 		.4byte	.LFE5-.LFB5
 1441 0040 00000000 		.4byte	0
 1442 0044 00000000 		.4byte	0
 1443              		.section	.debug_ranges,"",%progbits
 1444              	.Ldebug_ranges0:
 1445 0000 00000000 		.4byte	.LFB0
 1446 0004 02000000 		.4byte	.LFE0
 1447 0008 00000000 		.4byte	.LFB1
 1448 000c 0A000000 		.4byte	.LFE1
 1449 0010 00000000 		.4byte	.LFB2
 1450 0014 30000000 		.4byte	.LFE2
 1451 0018 00000000 		.4byte	.LFB4
 1452 001c 4C000000 		.4byte	.LFE4
 1453 0020 00000000 		.4byte	.LFB3
 1454 0024 18000000 		.4byte	.LFE3
 1455 0028 00000000 		.4byte	.LFB5
ARM GAS  C:\Users\Rowel\AppData\Local\Temp\cc0DTzGz.s 			page 35


 1456 002c 68000000 		.4byte	.LFE5
 1457 0030 00000000 		.4byte	0
 1458 0034 00000000 		.4byte	0
 1459              		.section	.debug_line,"",%progbits
 1460              	.Ldebug_line0:
 1461 0000 0D020000 		.section	.debug_str,"MS",%progbits,1
 1461      02003801 
 1461      00000201 
 1461      FB0E0D00 
 1461      01010101 
 1462              	.LASF17:
 1463 0000 72656733 		.ascii	"reg32\000"
 1463      3200
 1464              	.LASF10:
 1465 0006 73697A65 		.ascii	"size_t\000"
 1465      5F7400
 1466              	.LASF42:
 1467 000d 43794861 		.ascii	"CyHalt\000"
 1467      6C7400
 1468              	.LASF38:
 1469 0014 43795261 		.ascii	"CyRamVectors\000"
 1469      6D566563 
 1469      746F7273 
 1469      00
 1470              	.LASF37:
 1471 0021 43795265 		.ascii	"CyResetStatus\000"
 1471      73657453 
 1471      74617475 
 1471      7300
 1472              	.LASF31:
 1473 002f 53746172 		.ascii	"Start_c\000"
 1473      745F6300 
 1474              	.LASF35:
 1475 0037 636F756E 		.ascii	"count\000"
 1475      7400
 1476              	.LASF30:
 1477 003d 68656170 		.ascii	"heapPointer\000"
 1477      506F696E 
 1477      74657200 
 1478              	.LASF3:
 1479 0049 73686F72 		.ascii	"short unsigned int\000"
 1479      7420756E 
 1479      7369676E 
 1479      65642069 
 1479      6E7400
 1480              	.LASF40:
 1481 005c 5F5F6379 		.ascii	"__cy_region_num\000"
 1481      5F726567 
 1481      696F6E5F 
 1481      6E756D00 
 1482              	.LASF21:
 1483 006c 696E6974 		.ascii	"init\000"
 1483      00
 1484              	.LASF27:
 1485 0071 73746174 		.ascii	"status\000"
 1485      757300
 1486              	.LASF24:
ARM GAS  C:\Users\Rowel\AppData\Local\Temp\cc0DTzGz.s 			page 36


 1487 0078 7A65726F 		.ascii	"zero_size\000"
 1487      5F73697A 
 1487      6500
 1488              	.LASF33:
 1489 0082 72707472 		.ascii	"rptr\000"
 1489      00
 1490              	.LASF13:
 1491 0087 666C6F61 		.ascii	"float\000"
 1491      7400
 1492              	.LASF22:
 1493 008d 64617461 		.ascii	"data\000"
 1493      00
 1494              	.LASF1:
 1495 0092 756E7369 		.ascii	"unsigned char\000"
 1495      676E6564 
 1495      20636861 
 1495      7200
 1496              	.LASF47:
 1497 00a0 474E5520 		.ascii	"GNU C11 5.4.1 20160609 (release) [ARM/embedded-5-br"
 1497      43313120 
 1497      352E342E 
 1497      31203230 
 1497      31363036 
 1498 00d3 616E6368 		.ascii	"anch revision 237715] -mcpu=cortex-m3 -mthumb -g -O"
 1498      20726576 
 1498      6973696F 
 1498      6E203233 
 1498      37373135 
 1499 0106 67202D66 		.ascii	"g -ffunction-sections -ffat-lto-objects\000"
 1499      66756E63 
 1499      74696F6E 
 1499      2D736563 
 1499      74696F6E 
 1500              	.LASF41:
 1501 012e 526F6D56 		.ascii	"RomVectors\000"
 1501      6563746F 
 1501      727300
 1502              	.LASF5:
 1503 0139 6C6F6E67 		.ascii	"long unsigned int\000"
 1503      20756E73 
 1503      69676E65 
 1503      6420696E 
 1503      7400
 1504              	.LASF53:
 1505 014b 63795379 		.ascii	"cySysNoInitDataValid\000"
 1505      734E6F49 
 1505      6E697444 
 1505      61746156 
 1505      616C6964 
 1506              	.LASF11:
 1507 0160 75696E74 		.ascii	"uint8\000"
 1507      3800
 1508              	.LASF36:
 1509 0166 52657365 		.ascii	"Reset\000"
 1509      7400
 1510              	.LASF29:
 1511 016c 72657475 		.ascii	"returnValue\000"
ARM GAS  C:\Users\Rowel\AppData\Local\Temp\cc0DTzGz.s 			page 37


 1511      726E5661 
 1511      6C756500 
 1512              	.LASF25:
 1513 0178 5F657869 		.ascii	"_exit\000"
 1513      7400
 1514              	.LASF51:
 1515 017e 496E7444 		.ascii	"IntDefaultHandler\000"
 1515      65666175 
 1515      6C744861 
 1515      6E646C65 
 1515      7200
 1516              	.LASF26:
 1517 0190 5F736272 		.ascii	"_sbrk\000"
 1517      6B00
 1518              	.LASF14:
 1519 0196 646F7562 		.ascii	"double\000"
 1519      6C6500
 1520              	.LASF45:
 1521 019d 6D61696E 		.ascii	"main\000"
 1521      00
 1522              	.LASF52:
 1523 01a2 696E6974 		.ascii	"initialize_psoc\000"
 1523      69616C69 
 1523      7A655F70 
 1523      736F6300 
 1524              	.LASF12:
 1525 01b2 75696E74 		.ascii	"uint32\000"
 1525      333200
 1526              	.LASF8:
 1527 01b9 756E7369 		.ascii	"unsigned int\000"
 1527      676E6564 
 1527      20696E74 
 1527      00
 1528              	.LASF46:
 1529 01c6 63796669 		.ascii	"cyfitter_cfg\000"
 1529      74746572 
 1529      5F636667 
 1529      00
 1530              	.LASF7:
 1531 01d3 6C6F6E67 		.ascii	"long long unsigned int\000"
 1531      206C6F6E 
 1531      6720756E 
 1531      7369676E 
 1531      65642069 
 1532              	.LASF34:
 1533 01ea 6C696D69 		.ascii	"limit\000"
 1533      7400
 1534              	.LASF18:
 1535 01f0 63796973 		.ascii	"cyisraddress\000"
 1535      72616464 
 1535      72657373 
 1535      00
 1536              	.LASF23:
 1537 01fd 696E6974 		.ascii	"init_size\000"
 1537      5F73697A 
 1537      6500
 1538              	.LASF20:
ARM GAS  C:\Users\Rowel\AppData\Local\Temp\cc0DTzGz.s 			page 38


 1539 0207 5F5F6379 		.ascii	"__cy_byte_align8\000"
 1539      5F627974 
 1539      655F616C 
 1539      69676E38 
 1539      00
 1540              	.LASF16:
 1541 0218 72656738 		.ascii	"reg8\000"
 1541      00
 1542              	.LASF19:
 1543 021d 73697A65 		.ascii	"sizetype\000"
 1543      74797065 
 1543      00
 1544              	.LASF6:
 1545 0226 6C6F6E67 		.ascii	"long long int\000"
 1545      206C6F6E 
 1545      6720696E 
 1545      7400
 1546              	.LASF49:
 1547 0234 433A5C55 		.ascii	"C:\\Users\\Rowel\\Documents\\PSoC Creator\\RowelFut"
 1547      73657273 
 1547      5C526F77 
 1547      656C5C44 
 1547      6F63756D 
 1548 0262 5C446573 		.ascii	"\\Design01.cydsn\000"
 1548      69676E30 
 1548      312E6379 
 1548      64736E00 
 1549              	.LASF15:
 1550 0272 63686172 		.ascii	"char\000"
 1550      00
 1551              	.LASF2:
 1552 0277 73686F72 		.ascii	"short int\000"
 1552      7420696E 
 1552      7400
 1553              	.LASF48:
 1554 0281 436D3353 		.ascii	"Cm3Start.c\000"
 1554      74617274 
 1554      2E6300
 1555              	.LASF43:
 1556 028c 5F5F6572 		.ascii	"__errno\000"
 1556      726E6F00 
 1557              	.LASF44:
 1558 0294 5F5F6C69 		.ascii	"__libc_init_array\000"
 1558      62635F69 
 1558      6E69745F 
 1558      61727261 
 1558      7900
 1559              	.LASF4:
 1560 02a6 6C6F6E67 		.ascii	"long int\000"
 1560      20696E74 
 1560      00
 1561              	.LASF9:
 1562 02af 6C6F6E67 		.ascii	"long double\000"
 1562      20646F75 
 1562      626C6500 
 1563              	.LASF0:
 1564 02bb 7369676E 		.ascii	"signed char\000"
ARM GAS  C:\Users\Rowel\AppData\Local\Temp\cc0DTzGz.s 			page 39


 1564      65642063 
 1564      68617200 
 1565              	.LASF39:
 1566 02c7 5F5F6379 		.ascii	"__cy_regions\000"
 1566      5F726567 
 1566      696F6E73 
 1566      00
 1567              	.LASF32:
 1568 02d4 72656769 		.ascii	"regions\000"
 1568      6F6E7300 
 1569              	.LASF28:
 1570 02dc 6E627974 		.ascii	"nbytes\000"
 1570      657300
 1571              	.LASF50:
 1572 02e3 5F5F6379 		.ascii	"__cy_region\000"
 1572      5F726567 
 1572      696F6E00 
 1573              		.ident	"GCC: (GNU Tools for ARM Embedded Processors) 5.4.1 20160609 (release) [ARM/embedded-5-bran
