ARM GAS  C:\Users\Rowel\AppData\Local\Temp\cciqqSVM.s 			page 1


   1              		.syntax unified
   2              		.cpu cortex-m3
   3              		.fpu softvfp
   4              		.eabi_attribute 20, 1
   5              		.eabi_attribute 21, 1
   6              		.eabi_attribute 23, 3
   7              		.eabi_attribute 24, 1
   8              		.eabi_attribute 25, 1
   9              		.eabi_attribute 26, 1
  10              		.eabi_attribute 30, 1
  11              		.eabi_attribute 34, 1
  12              		.eabi_attribute 18, 4
  13              		.thumb
  14              		.syntax unified
  15              		.file	"main.c"
  16              		.text
  17              	.Ltext0:
  18              		.cfi_sections	.debug_frame
  19              		.section	.text.main,"ax",%progbits
  20              		.align	2
  21              		.global	main
  22              		.thumb
  23              		.thumb_func
  24              		.type	main, %function
  25              	main:
  26              	.LFB63:
  27              		.file 1 "main.c"
   1:main.c        **** /* ========================================
   2:main.c        ****  *
   3:main.c        ****  * Copyright YOUR COMPANY, THE YEAR
   4:main.c        ****  * All Rights Reserved
   5:main.c        ****  * UNPUBLISHED, LICENSED SOFTWARE.
   6:main.c        ****  *
   7:main.c        ****  * CONFIDENTIAL AND PROPRIETARY INFORMATION
   8:main.c        ****  * WHICH IS THE PROPERTY OF your company.
   9:main.c        ****  *
  10:main.c        ****  * ========================================
  11:main.c        **** */
  12:main.c        **** #include <stdlib.h>
  13:main.c        **** #include <project.h>
  14:main.c        **** #include <math.h>
  15:main.c        **** 
  16:main.c        **** 
  17:main.c        **** int main(void)
  18:main.c        **** {
  28              		.loc 1 18 0
  29              		.cfi_startproc
  30              		@ args = 0, pretend = 0, frame = 0
  31              		@ frame_needed = 0, uses_anonymous_args = 0
  32 0000 08B5     		push	{r3, lr}
  33              		.cfi_def_cfa_offset 8
  34              		.cfi_offset 3, -8
  35              		.cfi_offset 14, -4
  36              	.L2:
  19:main.c        ****     //CyGlobalIntEnable; /* Enable global interrupts. */
  20:main.c        ****     int sw=0;
  21:main.c        ****     
ARM GAS  C:\Users\Rowel\AppData\Local\Temp\cciqqSVM.s 			page 2


  22:main.c        **** 
  23:main.c        ****     /* Place your initialization/startup code here (e.g. MyInst_Start()) */
  24:main.c        **** 
  25:main.c        ****     for(;;)
  26:main.c        ****     {
  27:main.c        ****         /* Place your application code here. */
  28:main.c        ****         sw= SW_Read();
  37              		.loc 1 28 0 discriminator 1
  38 0002 FFF7FEFF 		bl	SW_Read
  39              	.LVL0:
  40 0006 FCE7     		b	.L2
  41              		.cfi_endproc
  42              	.LFE63:
  43              		.size	main, .-main
  44              		.text
  45              	.Letext0:
  46              		.file 2 "i:\\programas\\x86\\cypress\\psoc creator\\4.1\\psoc creator\\import\\gnu\\arm\\5.4.1\\ar
  47              		.file 3 "i:\\programas\\x86\\cypress\\psoc creator\\4.1\\psoc creator\\import\\gnu\\arm\\5.4.1\\ar
  48              		.file 4 "./core_cm3.h"
  49              		.file 5 "./SW.h"
  50              		.section	.debug_info,"",%progbits
  51              	.Ldebug_info0:
  52 0000 EA000000 		.4byte	0xea
  53 0004 0400     		.2byte	0x4
  54 0006 00000000 		.4byte	.Ldebug_abbrev0
  55 000a 04       		.byte	0x4
  56 000b 01       		.uleb128 0x1
  57 000c 3A000000 		.4byte	.LASF16
  58 0010 0C       		.byte	0xc
  59 0011 2E000000 		.4byte	.LASF17
  60 0015 0D010000 		.4byte	.LASF18
  61 0019 00000000 		.4byte	.Ldebug_ranges0+0
  62 001d 00000000 		.4byte	0
  63 0021 00000000 		.4byte	.Ldebug_line0
  64 0025 02       		.uleb128 0x2
  65 0026 04       		.byte	0x4
  66 0027 07       		.byte	0x7
  67 0028 21000000 		.4byte	.LASF0
  68 002c 03       		.uleb128 0x3
  69 002d 04       		.byte	0x4
  70 002e 05       		.byte	0x5
  71 002f 696E7400 		.ascii	"int\000"
  72 0033 02       		.uleb128 0x2
  73 0034 08       		.byte	0x8
  74 0035 05       		.byte	0x5
  75 0036 00000000 		.4byte	.LASF1
  76 003a 02       		.uleb128 0x2
  77 003b 08       		.byte	0x8
  78 003c 04       		.byte	0x4
  79 003d 6B010000 		.4byte	.LASF2
  80 0041 02       		.uleb128 0x2
  81 0042 01       		.byte	0x1
  82 0043 06       		.byte	0x6
  83 0044 5F010000 		.4byte	.LASF3
  84 0048 02       		.uleb128 0x2
  85 0049 01       		.byte	0x1
  86 004a 08       		.byte	0x8
ARM GAS  C:\Users\Rowel\AppData\Local\Temp\cciqqSVM.s 			page 3


  87 004b F1000000 		.4byte	.LASF4
  88 004f 02       		.uleb128 0x2
  89 0050 02       		.byte	0x2
  90 0051 05       		.byte	0x5
  91 0052 87010000 		.4byte	.LASF5
  92 0056 02       		.uleb128 0x2
  93 0057 02       		.byte	0x2
  94 0058 07       		.byte	0x7
  95 0059 0E000000 		.4byte	.LASF6
  96 005d 04       		.uleb128 0x4
  97 005e 77010000 		.4byte	.LASF12
  98 0062 02       		.byte	0x2
  99 0063 3F       		.byte	0x3f
 100 0064 68000000 		.4byte	0x68
 101 0068 02       		.uleb128 0x2
 102 0069 04       		.byte	0x4
 103 006a 05       		.byte	0x5
 104 006b 04010000 		.4byte	.LASF7
 105 006f 02       		.uleb128 0x2
 106 0070 04       		.byte	0x4
 107 0071 07       		.byte	0x7
 108 0072 C8000000 		.4byte	.LASF8
 109 0076 02       		.uleb128 0x2
 110 0077 08       		.byte	0x8
 111 0078 07       		.byte	0x7
 112 0079 DA000000 		.4byte	.LASF9
 113 007d 02       		.uleb128 0x2
 114 007e 04       		.byte	0x4
 115 007f 07       		.byte	0x7
 116 0080 99010000 		.4byte	.LASF10
 117 0084 02       		.uleb128 0x2
 118 0085 01       		.byte	0x1
 119 0086 08       		.byte	0x8
 120 0087 FF000000 		.4byte	.LASF11
 121 008b 04       		.uleb128 0x4
 122 008c 91010000 		.4byte	.LASF13
 123 0090 03       		.byte	0x3
 124 0091 2C       		.byte	0x2c
 125 0092 5D000000 		.4byte	0x5d
 126 0096 02       		.uleb128 0x2
 127 0097 04       		.byte	0x4
 128 0098 04       		.byte	0x4
 129 0099 81010000 		.4byte	.LASF14
 130 009d 02       		.uleb128 0x2
 131 009e 08       		.byte	0x8
 132 009f 04       		.byte	0x4
 133 00a0 4B010000 		.4byte	.LASF15
 134 00a4 05       		.uleb128 0x5
 135 00a5 35000000 		.4byte	.LASF19
 136 00a9 01       		.byte	0x1
 137 00aa 11       		.byte	0x11
 138 00ab 2C000000 		.4byte	0x2c
 139 00af 00000000 		.4byte	.LFB63
 140 00b3 08000000 		.4byte	.LFE63-.LFB63
 141 00b7 01       		.uleb128 0x1
 142 00b8 9C       		.byte	0x9c
 143 00b9 D1000000 		.4byte	0xd1
ARM GAS  C:\Users\Rowel\AppData\Local\Temp\cciqqSVM.s 			page 4


 144 00bd 06       		.uleb128 0x6
 145 00be 737700   		.ascii	"sw\000"
 146 00c1 01       		.byte	0x1
 147 00c2 14       		.byte	0x14
 148 00c3 2C000000 		.4byte	0x2c
 149 00c7 07       		.uleb128 0x7
 150 00c8 06000000 		.4byte	.LVL0
 151 00cc E2000000 		.4byte	0xe2
 152 00d0 00       		.byte	0
 153 00d1 08       		.uleb128 0x8
 154 00d2 52010000 		.4byte	.LASF20
 155 00d6 04       		.byte	0x4
 156 00d7 9606     		.2byte	0x696
 157 00d9 DD000000 		.4byte	0xdd
 158 00dd 09       		.uleb128 0x9
 159 00de 8B000000 		.4byte	0x8b
 160 00e2 0A       		.uleb128 0xa
 161 00e3 A2010000 		.4byte	.LASF21
 162 00e7 A2010000 		.4byte	.LASF21
 163 00eb 05       		.byte	0x5
 164 00ec 29       		.byte	0x29
 165 00ed 00       		.byte	0
 166              		.section	.debug_abbrev,"",%progbits
 167              	.Ldebug_abbrev0:
 168 0000 01       		.uleb128 0x1
 169 0001 11       		.uleb128 0x11
 170 0002 01       		.byte	0x1
 171 0003 25       		.uleb128 0x25
 172 0004 0E       		.uleb128 0xe
 173 0005 13       		.uleb128 0x13
 174 0006 0B       		.uleb128 0xb
 175 0007 03       		.uleb128 0x3
 176 0008 0E       		.uleb128 0xe
 177 0009 1B       		.uleb128 0x1b
 178 000a 0E       		.uleb128 0xe
 179 000b 55       		.uleb128 0x55
 180 000c 17       		.uleb128 0x17
 181 000d 11       		.uleb128 0x11
 182 000e 01       		.uleb128 0x1
 183 000f 10       		.uleb128 0x10
 184 0010 17       		.uleb128 0x17
 185 0011 00       		.byte	0
 186 0012 00       		.byte	0
 187 0013 02       		.uleb128 0x2
 188 0014 24       		.uleb128 0x24
 189 0015 00       		.byte	0
 190 0016 0B       		.uleb128 0xb
 191 0017 0B       		.uleb128 0xb
 192 0018 3E       		.uleb128 0x3e
 193 0019 0B       		.uleb128 0xb
 194 001a 03       		.uleb128 0x3
 195 001b 0E       		.uleb128 0xe
 196 001c 00       		.byte	0
 197 001d 00       		.byte	0
 198 001e 03       		.uleb128 0x3
 199 001f 24       		.uleb128 0x24
 200 0020 00       		.byte	0
ARM GAS  C:\Users\Rowel\AppData\Local\Temp\cciqqSVM.s 			page 5


 201 0021 0B       		.uleb128 0xb
 202 0022 0B       		.uleb128 0xb
 203 0023 3E       		.uleb128 0x3e
 204 0024 0B       		.uleb128 0xb
 205 0025 03       		.uleb128 0x3
 206 0026 08       		.uleb128 0x8
 207 0027 00       		.byte	0
 208 0028 00       		.byte	0
 209 0029 04       		.uleb128 0x4
 210 002a 16       		.uleb128 0x16
 211 002b 00       		.byte	0
 212 002c 03       		.uleb128 0x3
 213 002d 0E       		.uleb128 0xe
 214 002e 3A       		.uleb128 0x3a
 215 002f 0B       		.uleb128 0xb
 216 0030 3B       		.uleb128 0x3b
 217 0031 0B       		.uleb128 0xb
 218 0032 49       		.uleb128 0x49
 219 0033 13       		.uleb128 0x13
 220 0034 00       		.byte	0
 221 0035 00       		.byte	0
 222 0036 05       		.uleb128 0x5
 223 0037 2E       		.uleb128 0x2e
 224 0038 01       		.byte	0x1
 225 0039 3F       		.uleb128 0x3f
 226 003a 19       		.uleb128 0x19
 227 003b 03       		.uleb128 0x3
 228 003c 0E       		.uleb128 0xe
 229 003d 3A       		.uleb128 0x3a
 230 003e 0B       		.uleb128 0xb
 231 003f 3B       		.uleb128 0x3b
 232 0040 0B       		.uleb128 0xb
 233 0041 27       		.uleb128 0x27
 234 0042 19       		.uleb128 0x19
 235 0043 49       		.uleb128 0x49
 236 0044 13       		.uleb128 0x13
 237 0045 8701     		.uleb128 0x87
 238 0047 19       		.uleb128 0x19
 239 0048 11       		.uleb128 0x11
 240 0049 01       		.uleb128 0x1
 241 004a 12       		.uleb128 0x12
 242 004b 06       		.uleb128 0x6
 243 004c 40       		.uleb128 0x40
 244 004d 18       		.uleb128 0x18
 245 004e 9742     		.uleb128 0x2117
 246 0050 19       		.uleb128 0x19
 247 0051 01       		.uleb128 0x1
 248 0052 13       		.uleb128 0x13
 249 0053 00       		.byte	0
 250 0054 00       		.byte	0
 251 0055 06       		.uleb128 0x6
 252 0056 34       		.uleb128 0x34
 253 0057 00       		.byte	0
 254 0058 03       		.uleb128 0x3
 255 0059 08       		.uleb128 0x8
 256 005a 3A       		.uleb128 0x3a
 257 005b 0B       		.uleb128 0xb
ARM GAS  C:\Users\Rowel\AppData\Local\Temp\cciqqSVM.s 			page 6


 258 005c 3B       		.uleb128 0x3b
 259 005d 0B       		.uleb128 0xb
 260 005e 49       		.uleb128 0x49
 261 005f 13       		.uleb128 0x13
 262 0060 00       		.byte	0
 263 0061 00       		.byte	0
 264 0062 07       		.uleb128 0x7
 265 0063 898201   		.uleb128 0x4109
 266 0066 00       		.byte	0
 267 0067 11       		.uleb128 0x11
 268 0068 01       		.uleb128 0x1
 269 0069 31       		.uleb128 0x31
 270 006a 13       		.uleb128 0x13
 271 006b 00       		.byte	0
 272 006c 00       		.byte	0
 273 006d 08       		.uleb128 0x8
 274 006e 34       		.uleb128 0x34
 275 006f 00       		.byte	0
 276 0070 03       		.uleb128 0x3
 277 0071 0E       		.uleb128 0xe
 278 0072 3A       		.uleb128 0x3a
 279 0073 0B       		.uleb128 0xb
 280 0074 3B       		.uleb128 0x3b
 281 0075 05       		.uleb128 0x5
 282 0076 49       		.uleb128 0x49
 283 0077 13       		.uleb128 0x13
 284 0078 3F       		.uleb128 0x3f
 285 0079 19       		.uleb128 0x19
 286 007a 3C       		.uleb128 0x3c
 287 007b 19       		.uleb128 0x19
 288 007c 00       		.byte	0
 289 007d 00       		.byte	0
 290 007e 09       		.uleb128 0x9
 291 007f 35       		.uleb128 0x35
 292 0080 00       		.byte	0
 293 0081 49       		.uleb128 0x49
 294 0082 13       		.uleb128 0x13
 295 0083 00       		.byte	0
 296 0084 00       		.byte	0
 297 0085 0A       		.uleb128 0xa
 298 0086 2E       		.uleb128 0x2e
 299 0087 00       		.byte	0
 300 0088 3F       		.uleb128 0x3f
 301 0089 19       		.uleb128 0x19
 302 008a 3C       		.uleb128 0x3c
 303 008b 19       		.uleb128 0x19
 304 008c 6E       		.uleb128 0x6e
 305 008d 0E       		.uleb128 0xe
 306 008e 03       		.uleb128 0x3
 307 008f 0E       		.uleb128 0xe
 308 0090 3A       		.uleb128 0x3a
 309 0091 0B       		.uleb128 0xb
 310 0092 3B       		.uleb128 0x3b
 311 0093 0B       		.uleb128 0xb
 312 0094 00       		.byte	0
 313 0095 00       		.byte	0
 314 0096 00       		.byte	0
ARM GAS  C:\Users\Rowel\AppData\Local\Temp\cciqqSVM.s 			page 7


 315              		.section	.debug_aranges,"",%progbits
 316 0000 1C000000 		.4byte	0x1c
 317 0004 0200     		.2byte	0x2
 318 0006 00000000 		.4byte	.Ldebug_info0
 319 000a 04       		.byte	0x4
 320 000b 00       		.byte	0
 321 000c 0000     		.2byte	0
 322 000e 0000     		.2byte	0
 323 0010 00000000 		.4byte	.LFB63
 324 0014 08000000 		.4byte	.LFE63-.LFB63
 325 0018 00000000 		.4byte	0
 326 001c 00000000 		.4byte	0
 327              		.section	.debug_ranges,"",%progbits
 328              	.Ldebug_ranges0:
 329 0000 00000000 		.4byte	.LFB63
 330 0004 08000000 		.4byte	.LFE63
 331 0008 00000000 		.4byte	0
 332 000c 00000000 		.4byte	0
 333              		.section	.debug_line,"",%progbits
 334              	.Ldebug_line0:
 335 0000 44010000 		.section	.debug_str,"MS",%progbits,1
 335      02002801 
 335      00000201 
 335      FB0E0D00 
 335      01010101 
 336              	.LASF1:
 337 0000 6C6F6E67 		.ascii	"long long int\000"
 337      206C6F6E 
 337      6720696E 
 337      7400
 338              	.LASF6:
 339 000e 73686F72 		.ascii	"short unsigned int\000"
 339      7420756E 
 339      7369676E 
 339      65642069 
 339      6E7400
 340              	.LASF0:
 341 0021 756E7369 		.ascii	"unsigned int\000"
 341      676E6564 
 341      20696E74 
 341      00
 342              	.LASF17:
 343 002e 6D61696E 		.ascii	"main.c\000"
 343      2E6300
 344              	.LASF19:
 345 0035 6D61696E 		.ascii	"main\000"
 345      00
 346              	.LASF16:
 347 003a 474E5520 		.ascii	"GNU C11 5.4.1 20160609 (release) [ARM/embedded-5-br"
 347      43313120 
 347      352E342E 
 347      31203230 
 347      31363036 
 348 006d 616E6368 		.ascii	"anch revision 237715] -mcpu=cortex-m3 -mthumb -g -O"
 348      20726576 
 348      6973696F 
 348      6E203233 
ARM GAS  C:\Users\Rowel\AppData\Local\Temp\cciqqSVM.s 			page 8


 348      37373135 
 349 00a0 67202D66 		.ascii	"g -ffunction-sections -ffat-lto-objects\000"
 349      66756E63 
 349      74696F6E 
 349      2D736563 
 349      74696F6E 
 350              	.LASF8:
 351 00c8 6C6F6E67 		.ascii	"long unsigned int\000"
 351      20756E73 
 351      69676E65 
 351      6420696E 
 351      7400
 352              	.LASF9:
 353 00da 6C6F6E67 		.ascii	"long long unsigned int\000"
 353      206C6F6E 
 353      6720756E 
 353      7369676E 
 353      65642069 
 354              	.LASF4:
 355 00f1 756E7369 		.ascii	"unsigned char\000"
 355      676E6564 
 355      20636861 
 355      7200
 356              	.LASF11:
 357 00ff 63686172 		.ascii	"char\000"
 357      00
 358              	.LASF7:
 359 0104 6C6F6E67 		.ascii	"long int\000"
 359      20696E74 
 359      00
 360              	.LASF18:
 361 010d 433A5C55 		.ascii	"C:\\Users\\Rowel\\Documents\\PSoC Creator\\RowelFut"
 361      73657273 
 361      5C526F77 
 361      656C5C44 
 361      6F63756D 
 362 013b 5C446573 		.ascii	"\\Design01.cydsn\000"
 362      69676E30 
 362      312E6379 
 362      64736E00 
 363              	.LASF15:
 364 014b 646F7562 		.ascii	"double\000"
 364      6C6500
 365              	.LASF20:
 366 0152 49544D5F 		.ascii	"ITM_RxBuffer\000"
 366      52784275 
 366      66666572 
 366      00
 367              	.LASF3:
 368 015f 7369676E 		.ascii	"signed char\000"
 368      65642063 
 368      68617200 
 369              	.LASF2:
 370 016b 6C6F6E67 		.ascii	"long double\000"
 370      20646F75 
 370      626C6500 
 371              	.LASF12:
ARM GAS  C:\Users\Rowel\AppData\Local\Temp\cciqqSVM.s 			page 9


 372 0177 5F5F696E 		.ascii	"__int32_t\000"
 372      7433325F 
 372      7400
 373              	.LASF14:
 374 0181 666C6F61 		.ascii	"float\000"
 374      7400
 375              	.LASF5:
 376 0187 73686F72 		.ascii	"short int\000"
 376      7420696E 
 376      7400
 377              	.LASF13:
 378 0191 696E7433 		.ascii	"int32_t\000"
 378      325F7400 
 379              	.LASF10:
 380 0199 73697A65 		.ascii	"sizetype\000"
 380      74797065 
 380      00
 381              	.LASF21:
 382 01a2 53575F52 		.ascii	"SW_Read\000"
 382      65616400 
 383              		.ident	"GCC: (GNU Tools for ARM Embedded Processors) 5.4.1 20160609 (release) [ARM/embedded-5-bran
