ARM GAS  C:\Users\Rowel\AppData\Local\Temp\ccgF0GTV.s 			page 1


   1              		.syntax unified
   2              		.cpu cortex-m3
   3              		.fpu softvfp
   4              		.eabi_attribute 20, 1
   5              		.eabi_attribute 21, 1
   6              		.eabi_attribute 23, 3
   7              		.eabi_attribute 24, 1
   8              		.eabi_attribute 25, 1
   9              		.eabi_attribute 26, 1
  10              		.eabi_attribute 30, 1
  11              		.eabi_attribute 34, 1
  12              		.eabi_attribute 18, 4
  13              		.thumb
  14              		.syntax unified
  15              		.file	"cymetadata.c"
  16              		.text
  17              	.Ltext0:
  18              		.cfi_sections	.debug_frame
  19              		.global	cy_metadata
  20              		.global	cy_meta_flashprotect
  21              		.global	cy_meta_wonvl
  22              		.global	cy_meta_custnvl
  23              		.global	cy_meta_configecc
  24              		.section	.cyconfigecc,"a",%progbits
  25              		.align	2
  26              		.type	cy_meta_configecc, %object
  27              		.size	cy_meta_configecc, 912
  28              	cy_meta_configecc:
  29 0000 06       		.byte	6
  30 0001 45       		.byte	69
  31 0002 00       		.byte	0
  32 0003 40       		.byte	64
  33 0004 06       		.byte	6
  34 0005 52       		.byte	82
  35 0006 00       		.byte	0
  36 0007 40       		.byte	64
  37 0008 20       		.byte	32
  38 0009 00       		.byte	0
  39 000a 01       		.byte	1
  40 000b 40       		.byte	64
  41 000c 1B       		.byte	27
  42 000d 01       		.byte	1
  43 000e 01       		.byte	1
  44 000f 40       		.byte	64
  45 0010 38       		.byte	56
  46 0011 02       		.byte	2
  47 0012 01       		.byte	1
  48 0013 40       		.byte	64
  49 0014 30       		.byte	48
  50 0015 03       		.byte	3
  51 0016 01       		.byte	1
  52 0017 40       		.byte	64
  53 0018 06       		.byte	6
  54 0019 05       		.byte	5
  55 001a 01       		.byte	1
  56 001b 40       		.byte	64
  57 001c 01       		.byte	1
ARM GAS  C:\Users\Rowel\AppData\Local\Temp\ccgF0GTV.s 			page 2


  58 001d 0B       		.byte	11
  59 001e 01       		.byte	1
  60 001f 40       		.byte	64
  61 0020 02       		.byte	2
  62 0021 0D       		.byte	13
  63 0022 01       		.byte	1
  64 0023 40       		.byte	64
  65 0024 37       		.byte	55
  66 0025 18       		.byte	24
  67 0026 01       		.byte	1
  68 0027 40       		.byte	64
  69 0028 13       		.byte	19
  70 0029 19       		.byte	25
  71 002a 01       		.byte	1
  72 002b 40       		.byte	64
  73 002c 33       		.byte	51
  74 002d 1A       		.byte	26
  75 002e 01       		.byte	1
  76 002f 40       		.byte	64
  77 0030 13       		.byte	19
  78 0031 1B       		.byte	27
  79 0032 01       		.byte	1
  80 0033 40       		.byte	64
  81 0034 03       		.byte	3
  82 0035 40       		.byte	64
  83 0036 01       		.byte	1
  84 0037 40       		.byte	64
  85 0038 16       		.byte	22
  86 0039 41       		.byte	65
  87 003a 01       		.byte	1
  88 003b 40       		.byte	64
  89 003c 02       		.byte	2
  90 003d 42       		.byte	66
  91 003e 01       		.byte	1
  92 003f 40       		.byte	64
  93 0040 0B       		.byte	11
  94 0041 45       		.byte	69
  95 0042 01       		.byte	1
  96 0043 40       		.byte	64
  97 0044 03       		.byte	3
  98 0045 46       		.byte	70
  99 0046 01       		.byte	1
 100 0047 40       		.byte	64
 101 0048 06       		.byte	6
 102 0049 4C       		.byte	76
 103 004a 01       		.byte	1
 104 004b 40       		.byte	64
 105 004c 03       		.byte	3
 106 004d 4D       		.byte	77
 107 004e 01       		.byte	1
 108 004f 40       		.byte	64
 109 0050 04       		.byte	4
 110 0051 50       		.byte	80
 111 0052 01       		.byte	1
 112 0053 40       		.byte	64
 113 0054 01       		.byte	1
 114 0055 51       		.byte	81
ARM GAS  C:\Users\Rowel\AppData\Local\Temp\ccgF0GTV.s 			page 3


 115 0056 01       		.byte	1
 116 0057 40       		.byte	64
 117 0058 18       		.byte	24
 118 0059 01       		.byte	1
 119 005a 19       		.byte	25
 120 005b 01       		.byte	1
 121 005c 1A       		.byte	26
 122 005d 01       		.byte	1
 123 005e 78       		.byte	120
 124 005f 01       		.byte	1
 125 0060 79       		.byte	121
 126 0061 01       		.byte	1
 127 0062 7A       		.byte	122
 128 0063 01       		.byte	1
 129 0064 00       		.byte	0
 130 0065 06       		.byte	6
 131 0066 01       		.byte	1
 132 0067 03       		.byte	3
 133 0068 08       		.byte	8
 134 0069 40       		.byte	64
 135 006a 09       		.byte	9
 136 006b 40       		.byte	64
 137 006c 10       		.byte	16
 138 006d 50       		.byte	80
 139 006e 11       		.byte	17
 140 006f 48       		.byte	72
 141 0070 03       		.byte	3
 142 0071 07       		.byte	7
 143 0072 06       		.byte	6
 144 0073 09       		.byte	9
 145 0074 0C       		.byte	12
 146 0075 0A       		.byte	10
 147 0076 0D       		.byte	13
 148 0077 02       		.byte	2
 149 0078 0E       		.byte	14
 150 0079 04       		.byte	4
 151 007a 0F       		.byte	15
 152 007b 09       		.byte	9
 153 007c 14       		.byte	20
 154 007d 03       		.byte	3
 155 007e 16       		.byte	22
 156 007f 04       		.byte	4
 157 0080 17       		.byte	23
 158 0081 0C       		.byte	12
 159 0082 1C       		.byte	28
 160 0083 01       		.byte	1
 161 0084 1E       		.byte	30
 162 0085 06       		.byte	6
 163 0086 1F       		.byte	31
 164 0087 0F       		.byte	15
 165 0088 22       		.byte	34
 166 0089 0F       		.byte	15
 167 008a 25       		.byte	37
 168 008b 01       		.byte	1
 169 008c 27       		.byte	39
 170 008d 02       		.byte	2
 171 008e 31       		.byte	49
ARM GAS  C:\Users\Rowel\AppData\Local\Temp\ccgF0GTV.s 			page 4


 172 008f 0F       		.byte	15
 173 0090 32       		.byte	50
 174 0091 0F       		.byte	15
 175 0092 58       		.byte	88
 176 0093 04       		.byte	4
 177 0094 59       		.byte	89
 178 0095 04       		.byte	4
 179 0096 5C       		.byte	92
 180 0097 33       		.byte	51
 181 0098 5F       		.byte	95
 182 0099 01       		.byte	1
 183 009a 83       		.byte	-125
 184 009b 01       		.byte	1
 185 009c 8B       		.byte	-117
 186 009d 01       		.byte	1
 187 009e 94       		.byte	-108
 188 009f 01       		.byte	1
 189 00a0 9E       		.byte	-98
 190 00a1 01       		.byte	1
 191 00a2 B6       		.byte	-74
 192 00a3 01       		.byte	1
 193 00a4 B7       		.byte	-73
 194 00a5 01       		.byte	1
 195 00a6 BE       		.byte	-66
 196 00a7 40       		.byte	64
 197 00a8 BF       		.byte	-65
 198 00a9 40       		.byte	64
 199 00aa D8       		.byte	-40
 200 00ab 04       		.byte	4
 201 00ac D9       		.byte	-39
 202 00ad 04       		.byte	4
 203 00ae DF       		.byte	-33
 204 00af 01       		.byte	1
 205 00b0 00       		.byte	0
 206 00b1 40       		.byte	64
 207 00b2 03       		.byte	3
 208 00b3 20       		.byte	32
 209 00b4 09       		.byte	9
 210 00b5 08       		.byte	8
 211 00b6 0A       		.byte	10
 212 00b7 01       		.byte	1
 213 00b8 0B       		.byte	11
 214 00b9 01       		.byte	1
 215 00ba 0E       		.byte	14
 216 00bb 01       		.byte	1
 217 00bc 0F       		.byte	15
 218 00bd 20       		.byte	32
 219 00be 10       		.byte	16
 220 00bf 40       		.byte	64
 221 00c0 19       		.byte	25
 222 00c1 04       		.byte	4
 223 00c2 1F       		.byte	31
 224 00c3 80       		.byte	-128
 225 00c4 22       		.byte	34
 226 00c5 01       		.byte	1
 227 00c6 27       		.byte	39
 228 00c7 02       		.byte	2
ARM GAS  C:\Users\Rowel\AppData\Local\Temp\ccgF0GTV.s 			page 5


 229 00c8 2B       		.byte	43
 230 00c9 30       		.byte	48
 231 00ca 30       		.byte	48
 232 00cb 40       		.byte	64
 233 00cc 31       		.byte	49
 234 00cd 88       		.byte	-120
 235 00ce 38       		.byte	56
 236 00cf 40       		.byte	64
 237 00d0 3B       		.byte	59
 238 00d1 01       		.byte	1
 239 00d2 3E       		.byte	62
 240 00d3 01       		.byte	1
 241 00d4 3F       		.byte	63
 242 00d5 20       		.byte	32
 243 00d6 8B       		.byte	-117
 244 00d7 80       		.byte	-128
 245 00d8 C0       		.byte	-64
 246 00d9 05       		.byte	5
 247 00da C2       		.byte	-62
 248 00db A5       		.byte	-91
 249 00dc C4       		.byte	-60
 250 00dd 08       		.byte	8
 251 00de CA       		.byte	-54
 252 00df 02       		.byte	2
 253 00e0 CC       		.byte	-52
 254 00e1 0A       		.byte	10
 255 00e2 CE       		.byte	-50
 256 00e3 A9       		.byte	-87
 257 00e4 E2       		.byte	-30
 258 00e5 80       		.byte	-128
 259 00e6 01       		.byte	1
 260 00e7 01       		.byte	1
 261 00e8 10       		.byte	16
 262 00e9 0D       		.byte	13
 263 00ea 12       		.byte	18
 264 00eb 02       		.byte	2
 265 00ec 16       		.byte	22
 266 00ed 10       		.byte	16
 267 00ee 18       		.byte	24
 268 00ef 0B       		.byte	11
 269 00f0 1A       		.byte	26
 270 00f1 04       		.byte	4
 271 00f2 1C       		.byte	28
 272 00f3 10       		.byte	16
 273 00f4 20       		.byte	32
 274 00f5 0F       		.byte	15
 275 00f6 24       		.byte	36
 276 00f7 0E       		.byte	14
 277 00f8 25       		.byte	37
 278 00f9 01       		.byte	1
 279 00fa 26       		.byte	38
 280 00fb 01       		.byte	1
 281 00fc 30       		.byte	48
 282 00fd 05       		.byte	5
 283 00fe 32       		.byte	50
 284 00ff 03       		.byte	3
 285 0100 33       		.byte	51
ARM GAS  C:\Users\Rowel\AppData\Local\Temp\ccgF0GTV.s 			page 6


 286 0101 01       		.byte	1
 287 0102 34       		.byte	52
 288 0103 10       		.byte	16
 289 0104 36       		.byte	54
 290 0105 08       		.byte	8
 291 0106 38       		.byte	56
 292 0107 80       		.byte	-128
 293 0108 3E       		.byte	62
 294 0109 55       		.byte	85
 295 010a 3F       		.byte	63
 296 010b 04       		.byte	4
 297 010c 58       		.byte	88
 298 010d 04       		.byte	4
 299 010e 59       		.byte	89
 300 010f 04       		.byte	4
 301 0110 5F       		.byte	95
 302 0111 01       		.byte	1
 303 0112 80       		.byte	-128
 304 0113 02       		.byte	2
 305 0114 81       		.byte	-127
 306 0115 03       		.byte	3
 307 0116 82       		.byte	-126
 308 0117 04       		.byte	4
 309 0118 83       		.byte	-125
 310 0119 04       		.byte	4
 311 011a 84       		.byte	-124
 312 011b 08       		.byte	8
 313 011c 86       		.byte	-122
 314 011d 16       		.byte	22
 315 011e 8C       		.byte	-116
 316 011f 08       		.byte	8
 317 0120 8D       		.byte	-115
 318 0121 0C       		.byte	12
 319 0122 8E       		.byte	-114
 320 0123 02       		.byte	2
 321 0124 8F       		.byte	-113
 322 0125 01       		.byte	1
 323 0126 95       		.byte	-107
 324 0127 04       		.byte	4
 325 0128 96       		.byte	-106
 326 0129 11       		.byte	17
 327 012a 97       		.byte	-105
 328 012b 0A       		.byte	10
 329 012c 9A       		.byte	-102
 330 012d 04       		.byte	4
 331 012e 9E       		.byte	-98
 332 012f 0E       		.byte	14
 333 0130 9F       		.byte	-97
 334 0131 0F       		.byte	15
 335 0132 A2       		.byte	-94
 336 0133 11       		.byte	17
 337 0134 A5       		.byte	-91
 338 0135 01       		.byte	1
 339 0136 A7       		.byte	-89
 340 0137 08       		.byte	8
 341 0138 AB       		.byte	-85
 342 0139 10       		.byte	16
ARM GAS  C:\Users\Rowel\AppData\Local\Temp\ccgF0GTV.s 			page 7


 343 013a B0       		.byte	-80
 344 013b 0E       		.byte	14
 345 013c B3       		.byte	-77
 346 013d 0F       		.byte	15
 347 013e B4       		.byte	-76
 348 013f 01       		.byte	1
 349 0140 B6       		.byte	-74
 350 0141 10       		.byte	16
 351 0142 B7       		.byte	-73
 352 0143 10       		.byte	16
 353 0144 BA       		.byte	-70
 354 0145 AC       		.byte	-84
 355 0146 BB       		.byte	-69
 356 0147 80       		.byte	-128
 357 0148 D4       		.byte	-44
 358 0149 0F       		.byte	15
 359 014a D8       		.byte	-40
 360 014b 04       		.byte	4
 361 014c D9       		.byte	-39
 362 014d 04       		.byte	4
 363 014e DB       		.byte	-37
 364 014f 04       		.byte	4
 365 0150 DC       		.byte	-36
 366 0151 33       		.byte	51
 367 0152 DD       		.byte	-35
 368 0153 20       		.byte	32
 369 0154 DF       		.byte	-33
 370 0155 01       		.byte	1
 371 0156 00       		.byte	0
 372 0157 40       		.byte	64
 373 0158 03       		.byte	3
 374 0159 A0       		.byte	-96
 375 015a 09       		.byte	9
 376 015b 80       		.byte	-128
 377 015c 0A       		.byte	10
 378 015d 10       		.byte	16
 379 015e 0B       		.byte	11
 380 015f 08       		.byte	8
 381 0160 0C       		.byte	12
 382 0161 20       		.byte	32
 383 0162 0E       		.byte	14
 384 0163 01       		.byte	1
 385 0164 0F       		.byte	15
 386 0165 A0       		.byte	-96
 387 0166 12       		.byte	18
 388 0167 80       		.byte	-128
 389 0168 16       		.byte	22
 390 0169 A0       		.byte	-96
 391 016a 18       		.byte	24
 392 016b 02       		.byte	2
 393 016c 1A       		.byte	26
 394 016d 51       		.byte	81
 395 016e 1B       		.byte	27
 396 016f B4       		.byte	-76
 397 0170 1C       		.byte	28
 398 0171 40       		.byte	64
 399 0172 1D       		.byte	29
ARM GAS  C:\Users\Rowel\AppData\Local\Temp\ccgF0GTV.s 			page 8


 400 0173 88       		.byte	-120
 401 0174 1F       		.byte	31
 402 0175 14       		.byte	20
 403 0176 22       		.byte	34
 404 0177 80       		.byte	-128
 405 0178 23       		.byte	35
 406 0179 20       		.byte	32
 407 017a 24       		.byte	36
 408 017b 20       		.byte	32
 409 017c 2B       		.byte	43
 410 017d 14       		.byte	20
 411 017e 2F       		.byte	47
 412 017f 20       		.byte	32
 413 0180 31       		.byte	49
 414 0181 88       		.byte	-120
 415 0182 38       		.byte	56
 416 0183 42       		.byte	66
 417 0184 3E       		.byte	62
 418 0185 01       		.byte	1
 419 0186 59       		.byte	89
 420 0187 04       		.byte	4
 421 0188 5A       		.byte	90
 422 0189 42       		.byte	66
 423 018a 5B       		.byte	91
 424 018b 20       		.byte	32
 425 018c 80       		.byte	-128
 426 018d 10       		.byte	16
 427 018e 83       		.byte	-125
 428 018f 02       		.byte	2
 429 0190 86       		.byte	-122
 430 0191 80       		.byte	-128
 431 0192 8C       		.byte	-116
 432 0193 20       		.byte	32
 433 0194 8D       		.byte	-115
 434 0195 04       		.byte	4
 435 0196 8E       		.byte	-114
 436 0197 40       		.byte	64
 437 0198 92       		.byte	-110
 438 0199 02       		.byte	2
 439 019a 94       		.byte	-108
 440 019b 40       		.byte	64
 441 019c 96       		.byte	-106
 442 019d 01       		.byte	1
 443 019e 99       		.byte	-103
 444 019f 04       		.byte	4
 445 01a0 9B       		.byte	-101
 446 01a1 02       		.byte	2
 447 01a2 A5       		.byte	-91
 448 01a3 88       		.byte	-120
 449 01a4 A7       		.byte	-89
 450 01a5 10       		.byte	16
 451 01a6 C0       		.byte	-64
 452 01a7 0D       		.byte	13
 453 01a8 C2       		.byte	-62
 454 01a9 F7       		.byte	-9
 455 01aa C4       		.byte	-60
 456 01ab 38       		.byte	56
ARM GAS  C:\Users\Rowel\AppData\Local\Temp\ccgF0GTV.s 			page 9


 457 01ac CA       		.byte	-54
 458 01ad 46       		.byte	70
 459 01ae CC       		.byte	-52
 460 01af 0A       		.byte	10
 461 01b0 CE       		.byte	-50
 462 01b1 89       		.byte	-119
 463 01b2 D6       		.byte	-42
 464 01b3 0F       		.byte	15
 465 01b4 E4       		.byte	-28
 466 01b5 10       		.byte	16
 467 01b6 AE       		.byte	-82
 468 01b7 01       		.byte	1
 469 01b8 B2       		.byte	-78
 470 01b9 20       		.byte	32
 471 01ba B3       		.byte	-77
 472 01bb 30       		.byte	48
 473 01bc B7       		.byte	-73
 474 01bd 40       		.byte	64
 475 01be EA       		.byte	-22
 476 01bf 20       		.byte	32
 477 01c0 EC       		.byte	-20
 478 01c1 C2       		.byte	-62
 479 01c2 EC       		.byte	-20
 480 01c3 22       		.byte	34
 481 01c4 E0       		.byte	-32
 482 01c5 10       		.byte	16
 483 01c6 E4       		.byte	-28
 484 01c7 40       		.byte	64
 485 01c8 40       		.byte	64
 486 01c9 60       		.byte	96
 487 01ca 41       		.byte	65
 488 01cb 05       		.byte	5
 489 01cc 49       		.byte	73
 490 01cd FF       		.byte	-1
 491 01ce 4A       		.byte	74
 492 01cf FF       		.byte	-1
 493 01d0 4B       		.byte	75
 494 01d1 FF       		.byte	-1
 495 01d2 4D       		.byte	77
 496 01d3 A0       		.byte	-96
 497 01d4 4F       		.byte	79
 498 01d5 04       		.byte	4
 499 01d6 50       		.byte	80
 500 01d7 18       		.byte	24
 501 01d8 5A       		.byte	90
 502 01d9 04       		.byte	4
 503 01da 5D       		.byte	93
 504 01db 01       		.byte	1
 505 01dc 5F       		.byte	95
 506 01dd 01       		.byte	1
 507 01de 60       		.byte	96
 508 01df 40       		.byte	64
 509 01e0 62       		.byte	98
 510 01e1 C0       		.byte	-64
 511 01e2 64       		.byte	100
 512 01e3 40       		.byte	64
 513 01e4 65       		.byte	101
ARM GAS  C:\Users\Rowel\AppData\Local\Temp\ccgF0GTV.s 			page 10


 514 01e5 40       		.byte	64
 515 01e6 66       		.byte	102
 516 01e7 C0       		.byte	-64
 517 01e8 68       		.byte	104
 518 01e9 C0       		.byte	-64
 519 01ea 6A       		.byte	106
 520 01eb C0       		.byte	-64
 521 01ec 6C       		.byte	108
 522 01ed C0       		.byte	-64
 523 01ee 6E       		.byte	110
 524 01ef C0       		.byte	-64
 525 01f0 8A       		.byte	-118
 526 01f1 02       		.byte	2
 527 01f2 92       		.byte	-110
 528 01f3 01       		.byte	1
 529 01f4 A6       		.byte	-90
 530 01f5 02       		.byte	2
 531 01f6 B0       		.byte	-80
 532 01f7 02       		.byte	2
 533 01f8 B2       		.byte	-78
 534 01f9 01       		.byte	1
 535 01fa B4       		.byte	-76
 536 01fb 01       		.byte	1
 537 01fc B6       		.byte	-74
 538 01fd 01       		.byte	1
 539 01fe C0       		.byte	-64
 540 01ff 10       		.byte	16
 541 0200 C1       		.byte	-63
 542 0201 05       		.byte	5
 543 0202 C5       		.byte	-59
 544 0203 01       		.byte	1
 545 0204 C7       		.byte	-57
 546 0205 20       		.byte	32
 547 0206 C8       		.byte	-56
 548 0207 21       		.byte	33
 549 0208 C9       		.byte	-55
 550 0209 FF       		.byte	-1
 551 020a CA       		.byte	-54
 552 020b FF       		.byte	-1
 553 020c CB       		.byte	-53
 554 020d FF       		.byte	-1
 555 020e CD       		.byte	-51
 556 020f AF       		.byte	-81
 557 0210 CE       		.byte	-50
 558 0211 0F       		.byte	15
 559 0212 CF       		.byte	-49
 560 0213 04       		.byte	4
 561 0214 D0       		.byte	-48
 562 0215 18       		.byte	24
 563 0216 D2       		.byte	-46
 564 0217 80       		.byte	-128
 565 0218 D8       		.byte	-40
 566 0219 04       		.byte	4
 567 021a DA       		.byte	-38
 568 021b 04       		.byte	4
 569 021c DB       		.byte	-37
 570 021d 04       		.byte	4
ARM GAS  C:\Users\Rowel\AppData\Local\Temp\ccgF0GTV.s 			page 11


 571 021e DC       		.byte	-36
 572 021f 01       		.byte	1
 573 0220 DD       		.byte	-35
 574 0221 11       		.byte	17
 575 0222 DF       		.byte	-33
 576 0223 01       		.byte	1
 577 0224 E0       		.byte	-32
 578 0225 40       		.byte	64
 579 0226 E2       		.byte	-30
 580 0227 C0       		.byte	-64
 581 0228 E4       		.byte	-28
 582 0229 40       		.byte	64
 583 022a E5       		.byte	-27
 584 022b 40       		.byte	64
 585 022c E6       		.byte	-26
 586 022d C0       		.byte	-64
 587 022e E8       		.byte	-24
 588 022f C0       		.byte	-64
 589 0230 EA       		.byte	-22
 590 0231 C0       		.byte	-64
 591 0232 EC       		.byte	-20
 592 0233 C0       		.byte	-64
 593 0234 EE       		.byte	-18
 594 0235 C0       		.byte	-64
 595 0236 00       		.byte	0
 596 0237 10       		.byte	16
 597 0238 09       		.byte	9
 598 0239 02       		.byte	2
 599 023a 10       		.byte	16
 600 023b 20       		.byte	32
 601 023c 18       		.byte	24
 602 023d 11       		.byte	17
 603 023e 1A       		.byte	26
 604 023f 40       		.byte	64
 605 0240 1B       		.byte	27
 606 0241 10       		.byte	16
 607 0242 40       		.byte	64
 608 0243 01       		.byte	1
 609 0244 48       		.byte	72
 610 0245 20       		.byte	32
 611 0246 4A       		.byte	74
 612 0247 02       		.byte	2
 613 0248 4E       		.byte	78
 614 0249 02       		.byte	2
 615 024a 4F       		.byte	79
 616 024b 20       		.byte	32
 617 024c 52       		.byte	82
 618 024d 02       		.byte	2
 619 024e 71       		.byte	113
 620 024f 02       		.byte	2
 621 0250 8E       		.byte	-114
 622 0251 40       		.byte	64
 623 0252 C0       		.byte	-64
 624 0253 02       		.byte	2
 625 0254 C2       		.byte	-62
 626 0255 08       		.byte	8
 627 0256 C4       		.byte	-60
ARM GAS  C:\Users\Rowel\AppData\Local\Temp\ccgF0GTV.s 			page 12


 628 0257 04       		.byte	4
 629 0258 D0       		.byte	-48
 630 0259 08       		.byte	8
 631 025a D2       		.byte	-46
 632 025b 38       		.byte	56
 633 025c 40       		.byte	64
 634 025d 30       		.byte	48
 635 025e 41       		.byte	65
 636 025f 01       		.byte	1
 637 0260 49       		.byte	73
 638 0261 FF       		.byte	-1
 639 0262 4A       		.byte	74
 640 0263 FF       		.byte	-1
 641 0264 4B       		.byte	75
 642 0265 FF       		.byte	-1
 643 0266 4D       		.byte	77
 644 0267 A0       		.byte	-96
 645 0268 4F       		.byte	79
 646 0269 04       		.byte	4
 647 026a 50       		.byte	80
 648 026b 18       		.byte	24
 649 026c 5A       		.byte	90
 650 026d 04       		.byte	4
 651 026e 5F       		.byte	95
 652 026f 01       		.byte	1
 653 0270 60       		.byte	96
 654 0271 40       		.byte	64
 655 0272 62       		.byte	98
 656 0273 C0       		.byte	-64
 657 0274 64       		.byte	100
 658 0275 40       		.byte	64
 659 0276 65       		.byte	101
 660 0277 40       		.byte	64
 661 0278 66       		.byte	102
 662 0279 C0       		.byte	-64
 663 027a 68       		.byte	104
 664 027b C0       		.byte	-64
 665 027c 6A       		.byte	106
 666 027d C0       		.byte	-64
 667 027e 6C       		.byte	108
 668 027f C0       		.byte	-64
 669 0280 6E       		.byte	110
 670 0281 C0       		.byte	-64
 671 0282 86       		.byte	-122
 672 0283 02       		.byte	2
 673 0284 96       		.byte	-106
 674 0285 06       		.byte	6
 675 0286 9E       		.byte	-98
 676 0287 04       		.byte	4
 677 0288 AE       		.byte	-82
 678 0289 01       		.byte	1
 679 028a B2       		.byte	-78
 680 028b 01       		.byte	1
 681 028c B6       		.byte	-74
 682 028d 06       		.byte	6
 683 028e C0       		.byte	-64
 684 028f 30       		.byte	48
ARM GAS  C:\Users\Rowel\AppData\Local\Temp\ccgF0GTV.s 			page 13


 685 0290 C1       		.byte	-63
 686 0291 05       		.byte	5
 687 0292 C5       		.byte	-59
 688 0293 10       		.byte	16
 689 0294 C6       		.byte	-58
 690 0295 02       		.byte	2
 691 0296 C8       		.byte	-56
 692 0297 0E       		.byte	14
 693 0298 C9       		.byte	-55
 694 0299 FF       		.byte	-1
 695 029a CA       		.byte	-54
 696 029b FF       		.byte	-1
 697 029c CB       		.byte	-53
 698 029d FF       		.byte	-1
 699 029e CD       		.byte	-51
 700 029f AF       		.byte	-81
 701 02a0 CE       		.byte	-50
 702 02a1 0F       		.byte	15
 703 02a2 CF       		.byte	-49
 704 02a3 04       		.byte	4
 705 02a4 D0       		.byte	-48
 706 02a5 18       		.byte	24
 707 02a6 D2       		.byte	-46
 708 02a7 80       		.byte	-128
 709 02a8 D8       		.byte	-40
 710 02a9 04       		.byte	4
 711 02aa DA       		.byte	-38
 712 02ab 04       		.byte	4
 713 02ac DB       		.byte	-37
 714 02ad 04       		.byte	4
 715 02ae DF       		.byte	-33
 716 02af 01       		.byte	1
 717 02b0 E0       		.byte	-32
 718 02b1 40       		.byte	64
 719 02b2 E2       		.byte	-30
 720 02b3 C0       		.byte	-64
 721 02b4 E4       		.byte	-28
 722 02b5 40       		.byte	64
 723 02b6 E5       		.byte	-27
 724 02b7 40       		.byte	64
 725 02b8 E6       		.byte	-26
 726 02b9 C0       		.byte	-64
 727 02ba E8       		.byte	-24
 728 02bb C0       		.byte	-64
 729 02bc EA       		.byte	-22
 730 02bd C0       		.byte	-64
 731 02be EC       		.byte	-20
 732 02bf C0       		.byte	-64
 733 02c0 EE       		.byte	-18
 734 02c1 C0       		.byte	-64
 735 02c2 06       		.byte	6
 736 02c3 20       		.byte	32
 737 02c4 0D       		.byte	13
 738 02c5 08       		.byte	8
 739 02c6 0F       		.byte	15
 740 02c7 02       		.byte	2
 741 02c8 17       		.byte	23
ARM GAS  C:\Users\Rowel\AppData\Local\Temp\ccgF0GTV.s 			page 14


 742 02c9 80       		.byte	-128
 743 02ca 1C       		.byte	28
 744 02cb 12       		.byte	18
 745 02cc 1D       		.byte	29
 746 02cd 08       		.byte	8
 747 02ce 40       		.byte	64
 748 02cf 10       		.byte	16
 749 02d0 43       		.byte	67
 750 02d1 80       		.byte	-128
 751 02d2 45       		.byte	69
 752 02d3 08       		.byte	8
 753 02d4 4F       		.byte	79
 754 02d5 82       		.byte	-126
 755 02d6 56       		.byte	86
 756 02d7 20       		.byte	32
 757 02d8 57       		.byte	87
 758 02d9 C0       		.byte	-64
 759 02da 77       		.byte	119
 760 02db 80       		.byte	-128
 761 02dc 88       		.byte	-120
 762 02dd 01       		.byte	1
 763 02de C0       		.byte	-64
 764 02df 20       		.byte	32
 765 02e0 C2       		.byte	-62
 766 02e1 A0       		.byte	-96
 767 02e2 C4       		.byte	-60
 768 02e3 80       		.byte	-128
 769 02e4 D0       		.byte	-48
 770 02e5 4A       		.byte	74
 771 02e6 D2       		.byte	-46
 772 02e7 10       		.byte	16
 773 02e8 30       		.byte	48
 774 02e9 10       		.byte	16
 775 02ea 89       		.byte	-119
 776 02eb 10       		.byte	16
 777 02ec CC       		.byte	-52
 778 02ed 10       		.byte	16
 779 02ee 09       		.byte	9
 780 02ef 10       		.byte	16
 781 02f0 0B       		.byte	11
 782 02f1 10       		.byte	16
 783 02f2 0E       		.byte	14
 784 02f3 40       		.byte	64
 785 02f4 0F       		.byte	15
 786 02f5 04       		.byte	4
 787 02f6 2C       		.byte	44
 788 02f7 10       		.byte	16
 789 02f8 51       		.byte	81
 790 02f9 20       		.byte	32
 791 02fa 57       		.byte	87
 792 02fb 08       		.byte	8
 793 02fc 5B       		.byte	91
 794 02fd 40       		.byte	64
 795 02fe 5D       		.byte	93
 796 02ff 10       		.byte	16
 797 0300 81       		.byte	-127
 798 0301 20       		.byte	32
ARM GAS  C:\Users\Rowel\AppData\Local\Temp\ccgF0GTV.s 			page 15


 799 0302 83       		.byte	-125
 800 0303 40       		.byte	64
 801 0304 87       		.byte	-121
 802 0305 04       		.byte	4
 803 0306 8D       		.byte	-115
 804 0307 10       		.byte	16
 805 0308 91       		.byte	-111
 806 0309 10       		.byte	16
 807 030a 9C       		.byte	-100
 808 030b 10       		.byte	16
 809 030c C2       		.byte	-62
 810 030d F0       		.byte	-16
 811 030e CA       		.byte	-54
 812 030f 80       		.byte	-128
 813 0310 D4       		.byte	-44
 814 0311 E0       		.byte	-32
 815 0312 D6       		.byte	-42
 816 0313 20       		.byte	32
 817 0314 E0       		.byte	-32
 818 0315 40       		.byte	64
 819 0316 E2       		.byte	-30
 820 0317 20       		.byte	32
 821 0318 E6       		.byte	-26
 822 0319 80       		.byte	-128
 823 031a B3       		.byte	-77
 824 031b 18       		.byte	24
 825 031c B6       		.byte	-74
 826 031d 40       		.byte	64
 827 031e 59       		.byte	89
 828 031f 04       		.byte	4
 829 0320 5B       		.byte	91
 830 0321 10       		.byte	16
 831 0322 64       		.byte	100
 832 0323 10       		.byte	16
 833 0324 66       		.byte	102
 834 0325 80       		.byte	-128
 835 0326 8D       		.byte	-115
 836 0327 04       		.byte	4
 837 0328 8F       		.byte	-113
 838 0329 10       		.byte	16
 839 032a D4       		.byte	-44
 840 032b 01       		.byte	1
 841 032c D6       		.byte	-42
 842 032d 03       		.byte	3
 843 032e D8       		.byte	-40
 844 032f 01       		.byte	1
 845 0330 E0       		.byte	-32
 846 0331 08       		.byte	8
 847 0332 E4       		.byte	-28
 848 0333 02       		.byte	2
 849 0334 AC       		.byte	-84
 850 0335 10       		.byte	16
 851 0336 B2       		.byte	-78
 852 0337 80       		.byte	-128
 853 0338 EC       		.byte	-20
 854 0339 04       		.byte	4
 855 033a 63       		.byte	99
ARM GAS  C:\Users\Rowel\AppData\Local\Temp\ccgF0GTV.s 			page 16


 856 033b 02       		.byte	2
 857 033c 66       		.byte	102
 858 033d 01       		.byte	1
 859 033e 8E       		.byte	-114
 860 033f 01       		.byte	1
 861 0340 D6       		.byte	-42
 862 0341 02       		.byte	2
 863 0342 D8       		.byte	-40
 864 0343 01       		.byte	1
 865 0344 E4       		.byte	-28
 866 0345 02       		.byte	2
 867 0346 8B       		.byte	-117
 868 0347 01       		.byte	1
 869 0348 A7       		.byte	-89
 870 0349 01       		.byte	1
 871 034a E0       		.byte	-32
 872 034b 01       		.byte	1
 873 034c 00       		.byte	0
 874 034d 0C       		.byte	12
 875 034e 08       		.byte	8
 876 034f 0C       		.byte	12
 877 0350 10       		.byte	16
 878 0351 03       		.byte	3
 879 0352 1C       		.byte	28
 880 0353 03       		.byte	3
 881 0354 00       		.byte	0
 882 0355 03       		.byte	3
 883 0356 00       		.byte	0
 884 0357 00       		.byte	0
 885 0358 00       		.byte	0
 886 0359 00       		.byte	0
 887 035a 00       		.byte	0
 888 035b 00       		.byte	0
 889 035c 02       		.byte	2
 890 035d 02       		.byte	2
 891 035e 02       		.byte	2
 892 035f 02       		.byte	2
 893 0360 F0       		.byte	-16
 894 0361 FF       		.byte	-1
 895 0362 0F       		.byte	15
 896 0363 00       		.byte	0
 897 0364 0F       		.byte	15
 898 0365 00       		.byte	0
 899 0366 00       		.byte	0
 900 0367 00       		.byte	0
 901 0368 00       		.byte	0
 902 0369 0F       		.byte	15
 903 036a 00       		.byte	0
 904 036b 00       		.byte	0
 905 036c 00       		.byte	0
 906 036d 00       		.byte	0
 907 036e 00       		.byte	0
 908 036f 00       		.byte	0
 909 0370 07       		.byte	7
 910 0371 07       		.byte	7
 911 0372 00       		.byte	0
 912 0373 00       		.byte	0
ARM GAS  C:\Users\Rowel\AppData\Local\Temp\ccgF0GTV.s 			page 17


 913 0374 00       		.byte	0
 914 0375 00       		.byte	0
 915 0376 00       		.byte	0
 916 0377 00       		.byte	0
 917 0378 F0       		.byte	-16
 918 0379 FB       		.byte	-5
 919 037a FB       		.byte	-5
 920 037b 00       		.byte	0
 921 037c 50       		.byte	80
 922 037d 00       		.byte	0
 923 037e 00       		.byte	0
 924 037f 00       		.byte	0
 925 0380 00       		.byte	0
 926 0381 7A       		.byte	122
 927 0382 02       		.byte	2
 928 0383 00       		.byte	0
 929 0384 78       		.byte	120
 930 0385 00       		.byte	0
 931 0386 00       		.byte	0
 932 0387 00       		.byte	0
 933 0388 7F       		.byte	127
 934 0389 7F       		.byte	127
 935 038a 78       		.byte	120
 936 038b 00       		.byte	0
 937 038c 00       		.byte	0
 938 038d 00       		.byte	0
 939 038e 00       		.byte	0
 940 038f 00       		.byte	0
 941              		.section	.cywolatch,"a",%progbits
 942              		.align	2
 943              		.type	cy_meta_wonvl, %object
 944              		.size	cy_meta_wonvl, 4
 945              	cy_meta_wonvl:
 946 0000 BC       		.byte	-68
 947 0001 90       		.byte	-112
 948 0002 AC       		.byte	-84
 949 0003 AF       		.byte	-81
 950              		.section	.cycustnvl,"a",%progbits
 951              		.align	2
 952              		.type	cy_meta_custnvl, %object
 953              		.size	cy_meta_custnvl, 4
 954              	cy_meta_custnvl:
 955 0000 00       		.byte	0
 956 0001 00       		.byte	0
 957 0002 40       		.byte	64
 958 0003 05       		.byte	5
 959              		.section	.cymeta,"a",%progbits
 960              		.align	2
 961              		.type	cy_metadata, %object
 962              		.size	cy_metadata, 12
 963              	cy_metadata:
 964 0000 00       		.byte	0
 965 0001 01       		.byte	1
 966 0002 2E       		.byte	46
 967 0003 16       		.byte	22
 968 0004 10       		.byte	16
 969 0005 69       		.byte	105
ARM GAS  C:\Users\Rowel\AppData\Local\Temp\ccgF0GTV.s 			page 18


 970 0006 00       		.byte	0
 971 0007 01       		.byte	1
 972 0008 00       		.byte	0
 973 0009 00       		.byte	0
 974 000a 00       		.byte	0
 975 000b 00       		.byte	0
 976              		.section	.cyflashprotect,"a",%progbits
 977              		.align	2
 978              		.type	cy_meta_flashprotect, %object
 979              		.size	cy_meta_flashprotect, 256
 980              	cy_meta_flashprotect:
 981 0000 00000000 		.space	256
 981      00000000 
 981      00000000 
 981      00000000 
 981      00000000 
 982              		.text
 983              	.Letext0:
 984              		.file 1 "i:\\programas\\x86\\cypress\\psoc creator\\4.1\\psoc creator\\import\\gnu\\arm\\5.4.1\\ar
 985              		.file 2 "i:\\programas\\x86\\cypress\\psoc creator\\4.1\\psoc creator\\import\\gnu\\arm\\5.4.1\\ar
 986              		.file 3 "Generated_Source\\PSoC5\\cymetadata.c"
 987              		.section	.debug_info,"",%progbits
 988              	.Ldebug_info0:
 989 0000 31010000 		.4byte	0x131
 990 0004 0400     		.2byte	0x4
 991 0006 00000000 		.4byte	.Ldebug_abbrev0
 992 000a 04       		.byte	0x4
 993 000b 01       		.uleb128 0x1
 994 000c 59000000 		.4byte	.LASF17
 995 0010 0C       		.byte	0xc
 996 0011 B3010000 		.4byte	.LASF18
 997 0015 16000000 		.4byte	.LASF19
 998 0019 00000000 		.4byte	.Ldebug_line0
 999 001d 02       		.uleb128 0x2
 1000 001e 01       		.byte	0x1
 1001 001f 06       		.byte	0x6
 1002 0020 A7010000 		.4byte	.LASF0
 1003 0024 03       		.uleb128 0x3
 1004 0025 00000000 		.4byte	.LASF9
 1005 0029 01       		.byte	0x1
 1006 002a 1D       		.byte	0x1d
 1007 002b 2F000000 		.4byte	0x2f
 1008 002f 02       		.uleb128 0x2
 1009 0030 01       		.byte	0x1
 1010 0031 08       		.byte	0x8
 1011 0032 4B000000 		.4byte	.LASF1
 1012 0036 02       		.uleb128 0x2
 1013 0037 02       		.byte	0x2
 1014 0038 05       		.byte	0x5
 1015 0039 94010000 		.4byte	.LASF2
 1016 003d 02       		.uleb128 0x2
 1017 003e 02       		.byte	0x2
 1018 003f 07       		.byte	0x7
 1019 0040 F9000000 		.4byte	.LASF3
 1020 0044 02       		.uleb128 0x2
 1021 0045 04       		.byte	0x4
 1022 0046 05       		.byte	0x5
ARM GAS  C:\Users\Rowel\AppData\Local\Temp\ccgF0GTV.s 			page 19


 1023 0047 9E010000 		.4byte	.LASF4
 1024 004b 02       		.uleb128 0x2
 1025 004c 04       		.byte	0x4
 1026 004d 07       		.byte	0x7
 1027 004e E7000000 		.4byte	.LASF5
 1028 0052 02       		.uleb128 0x2
 1029 0053 08       		.byte	0x8
 1030 0054 05       		.byte	0x5
 1031 0055 86010000 		.4byte	.LASF6
 1032 0059 02       		.uleb128 0x2
 1033 005a 08       		.byte	0x8
 1034 005b 07       		.byte	0x7
 1035 005c 3B010000 		.4byte	.LASF7
 1036 0060 04       		.uleb128 0x4
 1037 0061 04       		.byte	0x4
 1038 0062 05       		.byte	0x5
 1039 0063 696E7400 		.ascii	"int\000"
 1040 0067 02       		.uleb128 0x2
 1041 0068 04       		.byte	0x4
 1042 0069 07       		.byte	0x7
 1043 006a 2E010000 		.4byte	.LASF8
 1044 006e 03       		.uleb128 0x3
 1045 006f 52010000 		.4byte	.LASF10
 1046 0073 02       		.byte	0x2
 1047 0074 18       		.byte	0x18
 1048 0075 24000000 		.4byte	0x24
 1049 0079 05       		.uleb128 0x5
 1050 007a 91000000 		.4byte	0x91
 1051 007e 8A000000 		.4byte	0x8a
 1052 0082 06       		.uleb128 0x6
 1053 0083 8A000000 		.4byte	0x8a
 1054 0087 8F03     		.2byte	0x38f
 1055 0089 00       		.byte	0
 1056 008a 02       		.uleb128 0x2
 1057 008b 04       		.byte	0x4
 1058 008c 07       		.byte	0x7
 1059 008d 7D010000 		.4byte	.LASF11
 1060 0091 07       		.uleb128 0x7
 1061 0092 6E000000 		.4byte	0x6e
 1062 0096 08       		.uleb128 0x8
 1063 0097 1C010000 		.4byte	.LASF12
 1064 009b 03       		.byte	0x3
 1065 009c 1F       		.byte	0x1f
 1066 009d A7000000 		.4byte	0xa7
 1067 00a1 05       		.uleb128 0x5
 1068 00a2 03       		.byte	0x3
 1069 00a3 00000000 		.4byte	cy_meta_configecc
 1070 00a7 07       		.uleb128 0x7
 1071 00a8 79000000 		.4byte	0x79
 1072 00ac 05       		.uleb128 0x5
 1073 00ad 91000000 		.4byte	0x91
 1074 00b1 BC000000 		.4byte	0xbc
 1075 00b5 09       		.uleb128 0x9
 1076 00b6 8A000000 		.4byte	0x8a
 1077 00ba 03       		.byte	0x3
 1078 00bb 00       		.byte	0
 1079 00bc 08       		.uleb128 0x8
ARM GAS  C:\Users\Rowel\AppData\Local\Temp\ccgF0GTV.s 			page 20


 1080 00bd 0C010000 		.4byte	.LASF13
 1081 00c1 03       		.byte	0x3
 1082 00c2 9E       		.byte	0x9e
 1083 00c3 CD000000 		.4byte	0xcd
 1084 00c7 05       		.uleb128 0x5
 1085 00c8 03       		.byte	0x3
 1086 00c9 00000000 		.4byte	cy_meta_custnvl
 1087 00cd 07       		.uleb128 0x7
 1088 00ce AC000000 		.4byte	0xac
 1089 00d2 08       		.uleb128 0x8
 1090 00d3 6F010000 		.4byte	.LASF14
 1091 00d7 03       		.byte	0x3
 1092 00d8 AC       		.byte	0xac
 1093 00d9 E3000000 		.4byte	0xe3
 1094 00dd 05       		.uleb128 0x5
 1095 00de 03       		.byte	0x3
 1096 00df 00000000 		.4byte	cy_meta_wonvl
 1097 00e3 07       		.uleb128 0x7
 1098 00e4 AC000000 		.4byte	0xac
 1099 00e8 05       		.uleb128 0x5
 1100 00e9 91000000 		.4byte	0x91
 1101 00ed F8000000 		.4byte	0xf8
 1102 00f1 09       		.uleb128 0x9
 1103 00f2 8A000000 		.4byte	0x8a
 1104 00f6 FF       		.byte	0xff
 1105 00f7 00       		.byte	0
 1106 00f8 08       		.uleb128 0x8
 1107 00f9 5A010000 		.4byte	.LASF15
 1108 00fd 03       		.byte	0x3
 1109 00fe BA       		.byte	0xba
 1110 00ff 09010000 		.4byte	0x109
 1111 0103 05       		.uleb128 0x5
 1112 0104 03       		.byte	0x3
 1113 0105 00000000 		.4byte	cy_meta_flashprotect
 1114 0109 07       		.uleb128 0x7
 1115 010a E8000000 		.4byte	0xe8
 1116 010e 05       		.uleb128 0x5
 1117 010f 91000000 		.4byte	0x91
 1118 0113 1E010000 		.4byte	0x11e
 1119 0117 09       		.uleb128 0x9
 1120 0118 8A000000 		.4byte	0x8a
 1121 011c 0B       		.byte	0xb
 1122 011d 00       		.byte	0
 1123 011e 08       		.uleb128 0x8
 1124 011f 0A000000 		.4byte	.LASF16
 1125 0123 03       		.byte	0x3
 1126 0124 E7       		.byte	0xe7
 1127 0125 2F010000 		.4byte	0x12f
 1128 0129 05       		.uleb128 0x5
 1129 012a 03       		.byte	0x3
 1130 012b 00000000 		.4byte	cy_metadata
 1131 012f 07       		.uleb128 0x7
 1132 0130 0E010000 		.4byte	0x10e
 1133 0134 00       		.byte	0
 1134              		.section	.debug_abbrev,"",%progbits
 1135              	.Ldebug_abbrev0:
 1136 0000 01       		.uleb128 0x1
ARM GAS  C:\Users\Rowel\AppData\Local\Temp\ccgF0GTV.s 			page 21


 1137 0001 11       		.uleb128 0x11
 1138 0002 01       		.byte	0x1
 1139 0003 25       		.uleb128 0x25
 1140 0004 0E       		.uleb128 0xe
 1141 0005 13       		.uleb128 0x13
 1142 0006 0B       		.uleb128 0xb
 1143 0007 03       		.uleb128 0x3
 1144 0008 0E       		.uleb128 0xe
 1145 0009 1B       		.uleb128 0x1b
 1146 000a 0E       		.uleb128 0xe
 1147 000b 10       		.uleb128 0x10
 1148 000c 17       		.uleb128 0x17
 1149 000d 00       		.byte	0
 1150 000e 00       		.byte	0
 1151 000f 02       		.uleb128 0x2
 1152 0010 24       		.uleb128 0x24
 1153 0011 00       		.byte	0
 1154 0012 0B       		.uleb128 0xb
 1155 0013 0B       		.uleb128 0xb
 1156 0014 3E       		.uleb128 0x3e
 1157 0015 0B       		.uleb128 0xb
 1158 0016 03       		.uleb128 0x3
 1159 0017 0E       		.uleb128 0xe
 1160 0018 00       		.byte	0
 1161 0019 00       		.byte	0
 1162 001a 03       		.uleb128 0x3
 1163 001b 16       		.uleb128 0x16
 1164 001c 00       		.byte	0
 1165 001d 03       		.uleb128 0x3
 1166 001e 0E       		.uleb128 0xe
 1167 001f 3A       		.uleb128 0x3a
 1168 0020 0B       		.uleb128 0xb
 1169 0021 3B       		.uleb128 0x3b
 1170 0022 0B       		.uleb128 0xb
 1171 0023 49       		.uleb128 0x49
 1172 0024 13       		.uleb128 0x13
 1173 0025 00       		.byte	0
 1174 0026 00       		.byte	0
 1175 0027 04       		.uleb128 0x4
 1176 0028 24       		.uleb128 0x24
 1177 0029 00       		.byte	0
 1178 002a 0B       		.uleb128 0xb
 1179 002b 0B       		.uleb128 0xb
 1180 002c 3E       		.uleb128 0x3e
 1181 002d 0B       		.uleb128 0xb
 1182 002e 03       		.uleb128 0x3
 1183 002f 08       		.uleb128 0x8
 1184 0030 00       		.byte	0
 1185 0031 00       		.byte	0
 1186 0032 05       		.uleb128 0x5
 1187 0033 01       		.uleb128 0x1
 1188 0034 01       		.byte	0x1
 1189 0035 49       		.uleb128 0x49
 1190 0036 13       		.uleb128 0x13
 1191 0037 01       		.uleb128 0x1
 1192 0038 13       		.uleb128 0x13
 1193 0039 00       		.byte	0
ARM GAS  C:\Users\Rowel\AppData\Local\Temp\ccgF0GTV.s 			page 22


 1194 003a 00       		.byte	0
 1195 003b 06       		.uleb128 0x6
 1196 003c 21       		.uleb128 0x21
 1197 003d 00       		.byte	0
 1198 003e 49       		.uleb128 0x49
 1199 003f 13       		.uleb128 0x13
 1200 0040 2F       		.uleb128 0x2f
 1201 0041 05       		.uleb128 0x5
 1202 0042 00       		.byte	0
 1203 0043 00       		.byte	0
 1204 0044 07       		.uleb128 0x7
 1205 0045 26       		.uleb128 0x26
 1206 0046 00       		.byte	0
 1207 0047 49       		.uleb128 0x49
 1208 0048 13       		.uleb128 0x13
 1209 0049 00       		.byte	0
 1210 004a 00       		.byte	0
 1211 004b 08       		.uleb128 0x8
 1212 004c 34       		.uleb128 0x34
 1213 004d 00       		.byte	0
 1214 004e 03       		.uleb128 0x3
 1215 004f 0E       		.uleb128 0xe
 1216 0050 3A       		.uleb128 0x3a
 1217 0051 0B       		.uleb128 0xb
 1218 0052 3B       		.uleb128 0x3b
 1219 0053 0B       		.uleb128 0xb
 1220 0054 49       		.uleb128 0x49
 1221 0055 13       		.uleb128 0x13
 1222 0056 3F       		.uleb128 0x3f
 1223 0057 19       		.uleb128 0x19
 1224 0058 02       		.uleb128 0x2
 1225 0059 18       		.uleb128 0x18
 1226 005a 00       		.byte	0
 1227 005b 00       		.byte	0
 1228 005c 09       		.uleb128 0x9
 1229 005d 21       		.uleb128 0x21
 1230 005e 00       		.byte	0
 1231 005f 49       		.uleb128 0x49
 1232 0060 13       		.uleb128 0x13
 1233 0061 2F       		.uleb128 0x2f
 1234 0062 0B       		.uleb128 0xb
 1235 0063 00       		.byte	0
 1236 0064 00       		.byte	0
 1237 0065 00       		.byte	0
 1238              		.section	.debug_aranges,"",%progbits
 1239 0000 14000000 		.4byte	0x14
 1240 0004 0200     		.2byte	0x2
 1241 0006 00000000 		.4byte	.Ldebug_info0
 1242 000a 04       		.byte	0x4
 1243 000b 00       		.byte	0
 1244 000c 0000     		.2byte	0
 1245 000e 0000     		.2byte	0
 1246 0010 00000000 		.4byte	0
 1247 0014 00000000 		.4byte	0
 1248              		.section	.debug_line,"",%progbits
 1249              	.Ldebug_line0:
 1250 0000 31010000 		.section	.debug_str,"MS",%progbits,1
ARM GAS  C:\Users\Rowel\AppData\Local\Temp\ccgF0GTV.s 			page 23


 1250      02002B01 
 1250      00000201 
 1250      FB0E0D00 
 1250      01010101 
 1251              	.LASF9:
 1252 0000 5F5F7569 		.ascii	"__uint8_t\000"
 1252      6E74385F 
 1252      7400
 1253              	.LASF16:
 1254 000a 63795F6D 		.ascii	"cy_metadata\000"
 1254      65746164 
 1254      61746100 
 1255              	.LASF19:
 1256 0016 433A5C55 		.ascii	"C:\\Users\\Rowel\\Desktop\\v05-2\\RowelFut\\RowelFu"
 1256      73657273 
 1256      5C526F77 
 1256      656C5C44 
 1256      65736B74 
 1257 0043 742E6379 		.ascii	"t.cydsn\000"
 1257      64736E00 
 1258              	.LASF1:
 1259 004b 756E7369 		.ascii	"unsigned char\000"
 1259      676E6564 
 1259      20636861 
 1259      7200
 1260              	.LASF17:
 1261 0059 474E5520 		.ascii	"GNU C11 5.4.1 20160609 (release) [ARM/embedded-5-br"
 1261      43313120 
 1261      352E342E 
 1261      31203230 
 1261      31363036 
 1262 008c 616E6368 		.ascii	"anch revision 237715] -mcpu=cortex-m3 -mthumb -g -O"
 1262      20726576 
 1262      6973696F 
 1262      6E203233 
 1262      37373135 
 1263 00bf 67202D66 		.ascii	"g -ffunction-sections -ffat-lto-objects\000"
 1263      66756E63 
 1263      74696F6E 
 1263      2D736563 
 1263      74696F6E 
 1264              	.LASF5:
 1265 00e7 6C6F6E67 		.ascii	"long unsigned int\000"
 1265      20756E73 
 1265      69676E65 
 1265      6420696E 
 1265      7400
 1266              	.LASF3:
 1267 00f9 73686F72 		.ascii	"short unsigned int\000"
 1267      7420756E 
 1267      7369676E 
 1267      65642069 
 1267      6E7400
 1268              	.LASF13:
 1269 010c 63795F6D 		.ascii	"cy_meta_custnvl\000"
 1269      6574615F 
 1269      63757374 
ARM GAS  C:\Users\Rowel\AppData\Local\Temp\ccgF0GTV.s 			page 24


 1269      6E766C00 
 1270              	.LASF12:
 1271 011c 63795F6D 		.ascii	"cy_meta_configecc\000"
 1271      6574615F 
 1271      636F6E66 
 1271      69676563 
 1271      6300
 1272              	.LASF8:
 1273 012e 756E7369 		.ascii	"unsigned int\000"
 1273      676E6564 
 1273      20696E74 
 1273      00
 1274              	.LASF7:
 1275 013b 6C6F6E67 		.ascii	"long long unsigned int\000"
 1275      206C6F6E 
 1275      6720756E 
 1275      7369676E 
 1275      65642069 
 1276              	.LASF10:
 1277 0152 75696E74 		.ascii	"uint8_t\000"
 1277      385F7400 
 1278              	.LASF15:
 1279 015a 63795F6D 		.ascii	"cy_meta_flashprotect\000"
 1279      6574615F 
 1279      666C6173 
 1279      6870726F 
 1279      74656374 
 1280              	.LASF14:
 1281 016f 63795F6D 		.ascii	"cy_meta_wonvl\000"
 1281      6574615F 
 1281      776F6E76 
 1281      6C00
 1282              	.LASF11:
 1283 017d 73697A65 		.ascii	"sizetype\000"
 1283      74797065 
 1283      00
 1284              	.LASF6:
 1285 0186 6C6F6E67 		.ascii	"long long int\000"
 1285      206C6F6E 
 1285      6720696E 
 1285      7400
 1286              	.LASF2:
 1287 0194 73686F72 		.ascii	"short int\000"
 1287      7420696E 
 1287      7400
 1288              	.LASF4:
 1289 019e 6C6F6E67 		.ascii	"long int\000"
 1289      20696E74 
 1289      00
 1290              	.LASF0:
 1291 01a7 7369676E 		.ascii	"signed char\000"
 1291      65642063 
 1291      68617200 
 1292              	.LASF18:
 1293 01b3 47656E65 		.ascii	"Generated_Source\\PSoC5\\cymetadata.c\000"
 1293      72617465 
 1293      645F536F 
ARM GAS  C:\Users\Rowel\AppData\Local\Temp\ccgF0GTV.s 			page 25


 1293      75726365 
 1293      5C50536F 
 1294              		.ident	"GCC: (GNU Tools for ARM Embedded Processors) 5.4.1 20160609 (release) [ARM/embedded-5-bran
