ARM GAS  C:\Users\Rowel\AppData\Local\Temp\ccYnpIgl.s 			page 1


   1              		.syntax unified
   2              		.cpu cortex-m3
   3              		.fpu softvfp
   4              		.eabi_attribute 20, 1
   5              		.eabi_attribute 21, 1
   6              		.eabi_attribute 23, 3
   7              		.eabi_attribute 24, 1
   8              		.eabi_attribute 25, 1
   9              		.eabi_attribute 26, 1
  10              		.eabi_attribute 30, 1
  11              		.eabi_attribute 34, 1
  12              		.eabi_attribute 18, 4
  13              		.thumb
  14              		.syntax unified
  15              		.file	"main.c"
  16              		.text
  17              	.Ltext0:
  18              		.cfi_sections	.debug_frame
  19              		.section	.text.detectarfase1,"ax",%progbits
  20              		.align	2
  21              		.global	detectarfase1
  22              		.thumb
  23              		.thumb_func
  24              		.type	detectarfase1, %function
  25              	detectarfase1:
  26              	.LFB64:
  27              		.file 1 "main.c"
   1:main.c        **** 
   2:main.c        **** #include "project.h"
   3:main.c        **** #include "stdio.h"
   4:main.c        **** #include <stdlib.h>
   5:main.c        **** #include <math.h>
   6:main.c        **** // VARIABLES DE TECLADO
   7:main.c        **** uint16 P_teclado;
   8:main.c        **** uint16 P_teclado1;
   9:main.c        **** uint16 P_teclado2;
  10:main.c        **** uint16 a;
  11:main.c        **** uint16 e;
  12:main.c        **** /* Variables del control de direccion
  13:main.c        **** viendo los cables soldados al motor, la tierra es cable blanco con naranja
  14:main.c        **** fasea cable cafe con blanco
  15:main.c        **** faseb cable azul con blanco
  16:main.c        **** fasec cable naranja con blanco
  17:main.c        **** */
  18:main.c        **** uint32 contador=0; // este tio mide la velocidad contando numero de ciclos dentro de un while 
  19:main.c        **** int32 velocidad=0; // convierte del contador a velocidad            
  20:main.c        **** //funciones de direccion
  21:main.c        **** uint16 M1;
  22:main.c        **** uint16 M2;
  23:main.c        **** uint16 Periodo;
  24:main.c        **** uint16 tiempoReposoMotores;
  25:main.c        **** uint16 p;
  26:main.c        **** _Bool iniciarPWM;// 0->no || 1->si
  27:main.c        **** uint8 testigoPWM;// 0->no || 1->si
  28:main.c        **** _Bool sentidoGiro;
  29:main.c        **** _Bool jugador;
  30:main.c        **** int faseMotor1;
ARM GAS  C:\Users\Rowel\AppData\Local\Temp\ccYnpIgl.s 			page 2


  31:main.c        **** int faseMotor2;
  32:main.c        **** 
  33:main.c        ****   /*INTERRUPCION PARA LOS CONTROLES*/
  34:main.c        **** CY_ISR(detectarfase1){
  28              		.loc 1 34 0
  29              		.cfi_startproc
  30              		@ args = 0, pretend = 0, frame = 0
  31              		@ frame_needed = 0, uses_anonymous_args = 0
  32 0000 10B5     		push	{r4, lr}
  33              		.cfi_def_cfa_offset 8
  34              		.cfi_offset 4, -8
  35              		.cfi_offset 14, -4
  35:main.c        ****     iniciarPWM=1;
  36              		.loc 1 35 0
  37 0002 0122     		movs	r2, #1
  38 0004 2D4B     		ldr	r3, .L9
  39 0006 1A70     		strb	r2, [r3]
  36:main.c        ****     testigoPWM = 0 ;
  40              		.loc 1 36 0
  41 0008 0024     		movs	r4, #0
  42 000a 2D4B     		ldr	r3, .L9+4
  43 000c 1C70     		strb	r4, [r3]
  37:main.c        ****     jugador = 0;
  44              		.loc 1 37 0
  45 000e 2D4B     		ldr	r3, .L9+8
  46 0010 1C70     		strb	r4, [r3]
  38:main.c        ****     int fase=detectorFaseM1_Read();
  47              		.loc 1 38 0
  48 0012 FFF7FEFF 		bl	detectorFaseM1_Read
  49              	.LVL0:
  39:main.c        ****     //fase=fase && 0b001;
  40:main.c        ****     contador=0;
  50              		.loc 1 40 0
  51 0016 2C4A     		ldr	r2, .L9+12
  52 0018 1460     		str	r4, [r2]
  41:main.c        ****     velocidad=0;
  53              		.loc 1 41 0
  54 001a 5460     		str	r4, [r2, #4]
  42:main.c        ****     if (fase==0b001 || fase==0b110)
  55              		.loc 1 42 0
  56 001c 0128     		cmp	r0, #1
  57 001e 08D0     		beq	.L2
  58              		.loc 1 42 0 is_stmt 0 discriminator 1
  59 0020 0628     		cmp	r0, #6
  60 0022 35D1     		bne	.L3
  61 0024 05E0     		b	.L2
  62              	.L4:
  43:main.c        ****     {
  44:main.c        ****         while(fase==0b001 || fase==0b110){
  45:main.c        ****             fase=detectorFaseM1_Read();
  63              		.loc 1 45 0 is_stmt 1
  64 0026 FFF7FEFF 		bl	detectorFaseM1_Read
  65              	.LVL1:
  46:main.c        ****             contador++;
  66              		.loc 1 46 0
  67 002a 274A     		ldr	r2, .L9+12
  68 002c 1368     		ldr	r3, [r2]
ARM GAS  C:\Users\Rowel\AppData\Local\Temp\ccYnpIgl.s 			page 3


  69 002e 0133     		adds	r3, r3, #1
  70 0030 1360     		str	r3, [r2]
  71              	.LVL2:
  72              	.L2:
  44:main.c        ****             fase=detectorFaseM1_Read();
  73              		.loc 1 44 0
  74 0032 0128     		cmp	r0, #1
  75 0034 F7D0     		beq	.L4
  44:main.c        ****             fase=detectorFaseM1_Read();
  76              		.loc 1 44 0 is_stmt 0 discriminator 1
  77 0036 0628     		cmp	r0, #6
  78 0038 F5D0     		beq	.L4
  47:main.c        ****         }
  48:main.c        ****         if(fase==0b101 || fase==0b010)
  79              		.loc 1 48 0 is_stmt 1
  80 003a 0528     		cmp	r0, #5
  81 003c 01D0     		beq	.L5
  82              		.loc 1 48 0 is_stmt 0 discriminator 1
  83 003e 0228     		cmp	r0, #2
  84 0040 0BD1     		bne	.L6
  85              	.L5:
  49:main.c        ****         {
  50:main.c        ****             if(sentidodegiroM1_Read() == 0b10){
  86              		.loc 1 50 0 is_stmt 1
  87 0042 FFF7FEFF 		bl	sentidodegiroM1_Read
  88              	.LVL3:
  89 0046 0228     		cmp	r0, #2
  90 0048 15D1     		bne	.L7
  51:main.c        ****                 sentidodegiroM1_Write(0b10);
  91              		.loc 1 51 0
  92 004a FFF7FEFF 		bl	sentidodegiroM1_Write
  93              	.LVL4:
  52:main.c        ****                 CyPins_SetPin(M1_1);
  94              		.loc 1 52 0
  95 004e 1F4A     		ldr	r2, .L9+16
  96 0050 1378     		ldrb	r3, [r2]	@ zero_extendqisi2
  97 0052 43F00103 		orr	r3, r3, #1
  98 0056 1370     		strb	r3, [r2]
  99 0058 0DE0     		b	.L7
 100              	.LVL5:
 101              	.L6:
  53:main.c        ****             }
  54:main.c        ****         }
  55:main.c        ****         else{
  56:main.c        ****             if(fase==0b011 || fase==0b100 )
 102              		.loc 1 56 0
 103 005a 0338     		subs	r0, r0, #3
 104              	.LVL6:
 105 005c 0128     		cmp	r0, #1
 106 005e 0AD8     		bhi	.L7
  57:main.c        ****             {
  58:main.c        ****                 if(sentidodegiroM1_Read() == 0b01){
 107              		.loc 1 58 0
 108 0060 FFF7FEFF 		bl	sentidodegiroM1_Read
 109              	.LVL7:
 110 0064 0128     		cmp	r0, #1
 111 0066 06D1     		bne	.L7
ARM GAS  C:\Users\Rowel\AppData\Local\Temp\ccYnpIgl.s 			page 4


  59:main.c        ****                     sentidodegiroM1_Write(0b01);
 112              		.loc 1 59 0
 113 0068 FFF7FEFF 		bl	sentidodegiroM1_Write
 114              	.LVL8:
  60:main.c        ****                     CyPins_ClearPin(M1_1);
 115              		.loc 1 60 0
 116 006c 174A     		ldr	r2, .L9+16
 117 006e 1378     		ldrb	r3, [r2]	@ zero_extendqisi2
 118 0070 03F0FE03 		and	r3, r3, #254
 119 0074 1370     		strb	r3, [r2]
 120              	.L7:
  61:main.c        ****                 }
  62:main.c        ****             }    
  63:main.c        ****         }
  64:main.c        ****         velocidad=(-17*contador+1070000)/10000;
 121              		.loc 1 64 0
 122 0076 1449     		ldr	r1, .L9+12
 123 0078 0B68     		ldr	r3, [r1]
 124 007a C3EB0372 		rsb	r2, r3, r3, lsl #28
 125 007e C3EB0212 		rsb	r2, r3, r2, lsl #4
 126 0082 134B     		ldr	r3, .L9+20
 127 0084 1344     		add	r3, r3, r2
 128 0086 134A     		ldr	r2, .L9+24
 129 0088 A2FB0323 		umull	r2, r3, r2, r3
 130 008c 5B0B     		lsrs	r3, r3, #13
 131 008e 4B60     		str	r3, [r1, #4]
 132              	.L3:
  65:main.c        ****     }
  66:main.c        ****     PWM1_Wakeup();
 133              		.loc 1 66 0
 134 0090 FFF7FEFF 		bl	PWM1_Wakeup
 135              	.LVL9:
  67:main.c        ****     PWM1_WritePeriod(p);
 136              		.loc 1 67 0
 137 0094 104C     		ldr	r4, .L9+28
 138 0096 2088     		ldrh	r0, [r4]
 139 0098 FFF7FEFF 		bl	PWM1_WritePeriod
 140              	.LVL10:
  68:main.c        ****     PWM1_WriteCompare(p/2);
 141              		.loc 1 68 0
 142 009c 2088     		ldrh	r0, [r4]
 143 009e 4008     		lsrs	r0, r0, #1
 144 00a0 FFF7FEFF 		bl	PWM1_WriteCompare
 145              	.LVL11:
  69:main.c        ****     LED_Write(1);
 146              		.loc 1 69 0
 147 00a4 0120     		movs	r0, #1
 148 00a6 FFF7FEFF 		bl	LED_Write
 149              	.LVL12:
  70:main.c        ****     CyDelay(20);
 150              		.loc 1 70 0
 151 00aa 1420     		movs	r0, #20
 152 00ac FFF7FEFF 		bl	CyDelay
 153              	.LVL13:
  71:main.c        ****     sentidodegiroM1_Write(0b00);
 154              		.loc 1 71 0
 155 00b0 0020     		movs	r0, #0
ARM GAS  C:\Users\Rowel\AppData\Local\Temp\ccYnpIgl.s 			page 5


 156 00b2 FFF7FEFF 		bl	sentidodegiroM1_Write
 157              	.LVL14:
  72:main.c        **** detectorFaseM1_ClearInterrupt();
 158              		.loc 1 72 0
 159 00b6 FFF7FEFF 		bl	detectorFaseM1_ClearInterrupt
 160              	.LVL15:
 161 00ba 10BD     		pop	{r4, pc}
 162              	.L10:
 163              		.align	2
 164              	.L9:
 165 00bc 00000000 		.word	iniciarPWM
 166 00c0 00000000 		.word	testigoPWM
 167 00c4 00000000 		.word	jugador
 168 00c8 00000000 		.word	.LANCHOR0
 169 00cc 0F500040 		.word	1073762319
 170 00d0 B0531000 		.word	1070000
 171 00d4 5917B7D1 		.word	-776530087
 172 00d8 00000000 		.word	p
 173              		.cfi_endproc
 174              	.LFE64:
 175              		.size	detectarfase1, .-detectarfase1
 176              		.section	.text.detectarfase2,"ax",%progbits
 177              		.align	2
 178              		.global	detectarfase2
 179              		.thumb
 180              		.thumb_func
 181              		.type	detectarfase2, %function
 182              	detectarfase2:
 183              	.LFB65:
  73:main.c        **** }
  74:main.c        **** CY_ISR(detectarfase2){
 184              		.loc 1 74 0
 185              		.cfi_startproc
 186              		@ args = 0, pretend = 0, frame = 0
 187              		@ frame_needed = 0, uses_anonymous_args = 0
 188 0000 10B5     		push	{r4, lr}
 189              		.cfi_def_cfa_offset 8
 190              		.cfi_offset 4, -8
 191              		.cfi_offset 14, -4
  75:main.c        ****     iniciarPWM=1;
 192              		.loc 1 75 0
 193 0002 0123     		movs	r3, #1
 194 0004 2C4A     		ldr	r2, .L19
 195 0006 1370     		strb	r3, [r2]
  76:main.c        ****     testigoPWM = 0 ;
 196              		.loc 1 76 0
 197 0008 0024     		movs	r4, #0
 198 000a 2C4A     		ldr	r2, .L19+4
 199 000c 1470     		strb	r4, [r2]
  77:main.c        ****     jugador = 1;
 200              		.loc 1 77 0
 201 000e 2C4A     		ldr	r2, .L19+8
 202 0010 1370     		strb	r3, [r2]
  78:main.c        ****     int fase=detectorFaseM2_Read();
 203              		.loc 1 78 0
 204 0012 FFF7FEFF 		bl	detectorFaseM2_Read
 205              	.LVL16:
ARM GAS  C:\Users\Rowel\AppData\Local\Temp\ccYnpIgl.s 			page 6


  79:main.c        ****     //fase=fase && 0b001;
  80:main.c        ****     contador=0;
 206              		.loc 1 80 0
 207 0016 2B4A     		ldr	r2, .L19+12
 208 0018 1460     		str	r4, [r2]
  81:main.c        ****     velocidad=0;
 209              		.loc 1 81 0
 210 001a 5460     		str	r4, [r2, #4]
  82:main.c        ****     if (fase==0b001 || fase==0b110)
 211              		.loc 1 82 0
 212 001c 0128     		cmp	r0, #1
 213 001e 08D0     		beq	.L12
 214              		.loc 1 82 0 is_stmt 0 discriminator 1
 215 0020 0628     		cmp	r0, #6
 216 0022 35D1     		bne	.L13
 217 0024 05E0     		b	.L12
 218              	.L14:
  83:main.c        ****     {
  84:main.c        ****         while(fase==0b001 || fase==0b110){
  85:main.c        ****             fase=detectorFaseM2_Read();
 219              		.loc 1 85 0 is_stmt 1
 220 0026 FFF7FEFF 		bl	detectorFaseM2_Read
 221              	.LVL17:
  86:main.c        ****             contador++;
 222              		.loc 1 86 0
 223 002a 264A     		ldr	r2, .L19+12
 224 002c 1368     		ldr	r3, [r2]
 225 002e 0133     		adds	r3, r3, #1
 226 0030 1360     		str	r3, [r2]
 227              	.LVL18:
 228              	.L12:
  84:main.c        ****             fase=detectorFaseM2_Read();
 229              		.loc 1 84 0
 230 0032 0128     		cmp	r0, #1
 231 0034 F7D0     		beq	.L14
  84:main.c        ****             fase=detectorFaseM2_Read();
 232              		.loc 1 84 0 is_stmt 0 discriminator 1
 233 0036 0628     		cmp	r0, #6
 234 0038 F5D0     		beq	.L14
  87:main.c        ****         }
  88:main.c        ****         if(fase==0b101 || fase==0b010)
 235              		.loc 1 88 0 is_stmt 1
 236 003a 0528     		cmp	r0, #5
 237 003c 01D0     		beq	.L15
 238              		.loc 1 88 0 is_stmt 0 discriminator 1
 239 003e 0228     		cmp	r0, #2
 240 0040 0BD1     		bne	.L16
 241              	.L15:
  89:main.c        ****         {
  90:main.c        ****             if(sentidodegiroM2_Read() == 0b10){
 242              		.loc 1 90 0 is_stmt 1
 243 0042 FFF7FEFF 		bl	sentidodegiroM2_Read
 244              	.LVL19:
 245 0046 0228     		cmp	r0, #2
 246 0048 15D1     		bne	.L17
  91:main.c        ****                 sentidodegiroM2_Write(0b10);
 247              		.loc 1 91 0
ARM GAS  C:\Users\Rowel\AppData\Local\Temp\ccYnpIgl.s 			page 7


 248 004a FFF7FEFF 		bl	sentidodegiroM2_Write
 249              	.LVL20:
  92:main.c        ****                 CyPins_SetPin(M2_1);
 250              		.loc 1 92 0
 251 004e 1E4A     		ldr	r2, .L19+16
 252 0050 1378     		ldrb	r3, [r2]	@ zero_extendqisi2
 253 0052 43F00103 		orr	r3, r3, #1
 254 0056 1370     		strb	r3, [r2]
 255 0058 0DE0     		b	.L17
 256              	.LVL21:
 257              	.L16:
  93:main.c        ****             }
  94:main.c        ****         }
  95:main.c        ****         else{
  96:main.c        ****             if(fase==0b011 || fase==0b100 )
 258              		.loc 1 96 0
 259 005a 0338     		subs	r0, r0, #3
 260              	.LVL22:
 261 005c 0128     		cmp	r0, #1
 262 005e 0AD8     		bhi	.L17
  97:main.c        ****             {
  98:main.c        ****                 if(sentidodegiroM2_Read() == 0b01){
 263              		.loc 1 98 0
 264 0060 FFF7FEFF 		bl	sentidodegiroM2_Read
 265              	.LVL23:
 266 0064 0128     		cmp	r0, #1
 267 0066 06D1     		bne	.L17
  99:main.c        ****                     sentidodegiroM2_Write(0b01);
 268              		.loc 1 99 0
 269 0068 FFF7FEFF 		bl	sentidodegiroM2_Write
 270              	.LVL24:
 100:main.c        ****                     CyPins_ClearPin(M2_1);
 271              		.loc 1 100 0
 272 006c 164A     		ldr	r2, .L19+16
 273 006e 1378     		ldrb	r3, [r2]	@ zero_extendqisi2
 274 0070 03F0FE03 		and	r3, r3, #254
 275 0074 1370     		strb	r3, [r2]
 276              	.L17:
 101:main.c        ****                 }
 102:main.c        ****             }    
 103:main.c        ****         }
 104:main.c        ****         velocidad=(-17*contador+1070000)/10000;
 277              		.loc 1 104 0
 278 0076 1349     		ldr	r1, .L19+12
 279 0078 0B68     		ldr	r3, [r1]
 280 007a C3EB0372 		rsb	r2, r3, r3, lsl #28
 281 007e C3EB0212 		rsb	r2, r3, r2, lsl #4
 282 0082 124B     		ldr	r3, .L19+20
 283 0084 1344     		add	r3, r3, r2
 284 0086 124A     		ldr	r2, .L19+24
 285 0088 A2FB0323 		umull	r2, r3, r2, r3
 286 008c 5B0B     		lsrs	r3, r3, #13
 287 008e 4B60     		str	r3, [r1, #4]
 288              	.L13:
 105:main.c        ****     }
 106:main.c        ****     PWM2_Wakeup();
 289              		.loc 1 106 0
ARM GAS  C:\Users\Rowel\AppData\Local\Temp\ccYnpIgl.s 			page 8


 290 0090 FFF7FEFF 		bl	PWM2_Wakeup
 291              	.LVL25:
 107:main.c        ****     PWM2_WritePeriod(p);
 292              		.loc 1 107 0
 293 0094 0F4C     		ldr	r4, .L19+28
 294 0096 2088     		ldrh	r0, [r4]
 295 0098 FFF7FEFF 		bl	PWM2_WritePeriod
 296              	.LVL26:
 108:main.c        ****     PWM2_WriteCompare(p/2);
 297              		.loc 1 108 0
 298 009c 2088     		ldrh	r0, [r4]
 299 009e 4008     		lsrs	r0, r0, #1
 300 00a0 FFF7FEFF 		bl	PWM2_WriteCompare
 301              	.LVL27:
 109:main.c        ****     LED_Write(1);
 302              		.loc 1 109 0
 303 00a4 0120     		movs	r0, #1
 304 00a6 FFF7FEFF 		bl	LED_Write
 305              	.LVL28:
 110:main.c        ****     CyDelay(20);
 306              		.loc 1 110 0
 307 00aa 1420     		movs	r0, #20
 308 00ac FFF7FEFF 		bl	CyDelay
 309              	.LVL29:
 111:main.c        **** detectorFaseM2_ClearInterrupt();
 310              		.loc 1 111 0
 311 00b0 FFF7FEFF 		bl	detectorFaseM2_ClearInterrupt
 312              	.LVL30:
 313 00b4 10BD     		pop	{r4, pc}
 314              	.L20:
 315 00b6 00BF     		.align	2
 316              	.L19:
 317 00b8 00000000 		.word	iniciarPWM
 318 00bc 00000000 		.word	testigoPWM
 319 00c0 00000000 		.word	jugador
 320 00c4 00000000 		.word	.LANCHOR0
 321 00c8 0D500040 		.word	1073762317
 322 00cc B0531000 		.word	1070000
 323 00d0 5917B7D1 		.word	-776530087
 324 00d4 00000000 		.word	p
 325              		.cfi_endproc
 326              	.LFE65:
 327              		.size	detectarfase2, .-detectarfase2
 328              		.section	.text.main,"ax",%progbits
 329              		.align	2
 330              		.global	main
 331              		.thumb
 332              		.thumb_func
 333              		.type	main, %function
 334              	main:
 335              	.LFB66:
 112:main.c        **** }
 113:main.c        **** 
 114:main.c        **** int main(void)
 115:main.c        **** {
 336              		.loc 1 115 0
 337              		.cfi_startproc
ARM GAS  C:\Users\Rowel\AppData\Local\Temp\ccYnpIgl.s 			page 9


 338              		@ Volatile: function does not return.
 339              		@ args = 0, pretend = 0, frame = 0
 340              		@ frame_needed = 0, uses_anonymous_args = 0
 341 0000 08B5     		push	{r3, lr}
 342              		.cfi_def_cfa_offset 8
 343              		.cfi_offset 3, -8
 344              		.cfi_offset 14, -4
 116:main.c        ****     CyGlobalIntEnable; /* Enable global interrupts. */
 345              		.loc 1 116 0
 346              		.syntax unified
 347              	@ 116 "main.c" 1
 348 0002 62B6     		CPSIE   i
 349              	@ 0 "" 2
 117:main.c        **** 
 118:main.c        ****     faseM1_StartEx(detectarfase1);
 350              		.loc 1 118 0
 351              		.thumb
 352              		.syntax unified
 353 0004 2348     		ldr	r0, .L26
 354 0006 FFF7FEFF 		bl	faseM1_StartEx
 355              	.LVL31:
 119:main.c        ****     faseM2_StartEx(detectarfase2);
 356              		.loc 1 119 0
 357 000a 2348     		ldr	r0, .L26+4
 358 000c FFF7FEFF 		bl	faseM2_StartEx
 359              	.LVL32:
 120:main.c        ****     PWM1_Start();
 360              		.loc 1 120 0
 361 0010 FFF7FEFF 		bl	PWM1_Start
 362              	.LVL33:
 121:main.c        ****     PWM2_Start();
 363              		.loc 1 121 0
 364 0014 FFF7FEFF 		bl	PWM2_Start
 365              	.LVL34:
 122:main.c        **** 
 123:main.c        ****     
 124:main.c        ****     /* Place your initialization/startup code here (e.g. MyInst_Start()) */
 125:main.c        ****     Periodo = (2*16000/tiempoReposoMotores);
 366              		.loc 1 125 0
 367 0018 204B     		ldr	r3, .L26+8
 368 001a 1A88     		ldrh	r2, [r3]
 369 001c 4FF4FA43 		mov	r3, #32000
 370 0020 93FBF2F3 		sdiv	r3, r3, r2
 371 0024 1E4C     		ldr	r4, .L26+12
 372 0026 2380     		strh	r3, [r4]	@ movhi
 126:main.c        ****     Motor1_Write(0);
 373              		.loc 1 126 0
 374 0028 0020     		movs	r0, #0
 375 002a FFF7FEFF 		bl	Motor1_Write
 376              	.LVL35:
 127:main.c        ****     Motor2_Write(0);
 377              		.loc 1 127 0
 378 002e 0020     		movs	r0, #0
 379 0030 FFF7FEFF 		bl	Motor2_Write
 380              	.LVL36:
 128:main.c        ****     a = Periodo;
 381              		.loc 1 128 0
ARM GAS  C:\Users\Rowel\AppData\Local\Temp\ccYnpIgl.s 			page 10


 382 0034 2288     		ldrh	r2, [r4]
 383 0036 1B4B     		ldr	r3, .L26+16
 384 0038 1A80     		strh	r2, [r3]	@ movhi
 129:main.c        ****     p = 10000;
 385              		.loc 1 129 0
 386 003a 42F21072 		movw	r2, #10000
 387 003e 1A4B     		ldr	r3, .L26+20
 388 0040 1A80     		strh	r2, [r3]	@ movhi
 130:main.c        ****     iniciarPWM = 0;;// 0->no || 1->si
 389              		.loc 1 130 0
 390 0042 0023     		movs	r3, #0
 391 0044 194A     		ldr	r2, .L26+24
 392 0046 1370     		strb	r3, [r2]
 131:main.c        ****     sentidoGiro = 0;
 393              		.loc 1 131 0
 394 0048 194A     		ldr	r2, .L26+28
 395 004a 1370     		strb	r3, [r2]
 132:main.c        ****     jugador = 0;
 396              		.loc 1 132 0
 397 004c 194A     		ldr	r2, .L26+32
 398 004e 1370     		strb	r3, [r2]
 133:main.c        ****     faseMotor1 = 0;
 399              		.loc 1 133 0
 400 0050 194A     		ldr	r2, .L26+36
 401 0052 1360     		str	r3, [r2]
 134:main.c        ****     faseMotor2 = 0;
 402              		.loc 1 134 0
 403 0054 194A     		ldr	r2, .L26+40
 404 0056 1360     		str	r3, [r2]
 135:main.c        ****     testigoPWM = 25;
 405              		.loc 1 135 0
 406 0058 1922     		movs	r2, #25
 407 005a 194B     		ldr	r3, .L26+44
 408 005c 1A70     		strb	r2, [r3]
 136:main.c        ****     PWM1_Sleep();
 409              		.loc 1 136 0
 410 005e FFF7FEFF 		bl	PWM1_Sleep
 411              	.LVL37:
 137:main.c        ****     PWM2_Sleep();
 412              		.loc 1 137 0
 413 0062 FFF7FEFF 		bl	PWM2_Sleep
 414              	.LVL38:
 415              	.L22:
 138:main.c        ****     for(;;)
 139:main.c        ****     {
 140:main.c        ****         if(iniciarPWM == 1){
 416              		.loc 1 140 0
 417 0066 114B     		ldr	r3, .L26+24
 418 0068 1B78     		ldrb	r3, [r3]	@ zero_extendqisi2
 419 006a 002B     		cmp	r3, #0
 420 006c FBD0     		beq	.L22
 141:main.c        ****             
 142:main.c        ****             if(testigoPWM == 25){
 421              		.loc 1 142 0
 422 006e 144B     		ldr	r3, .L26+44
 423 0070 1B78     		ldrb	r3, [r3]	@ zero_extendqisi2
 424 0072 192B     		cmp	r3, #25
ARM GAS  C:\Users\Rowel\AppData\Local\Temp\ccYnpIgl.s 			page 11


 425 0074 06D1     		bne	.L23
 143:main.c        ****                 PWM1_Sleep();
 426              		.loc 1 143 0
 427 0076 FFF7FEFF 		bl	PWM1_Sleep
 428              	.LVL39:
 144:main.c        ****                 PWM2_Sleep();
 429              		.loc 1 144 0
 430 007a FFF7FEFF 		bl	PWM2_Sleep
 431              	.LVL40:
 145:main.c        ****                 iniciarPWM=0;
 432              		.loc 1 145 0
 433 007e 0022     		movs	r2, #0
 434 0080 0A4B     		ldr	r3, .L26+24
 435 0082 1A70     		strb	r2, [r3]
 436              	.L23:
 146:main.c        ****             }  
 147:main.c        ****             testigoPWM ++;
 437              		.loc 1 147 0
 438 0084 0E4A     		ldr	r2, .L26+44
 439 0086 1378     		ldrb	r3, [r2]	@ zero_extendqisi2
 440 0088 0133     		adds	r3, r3, #1
 441 008a 1370     		strb	r3, [r2]
 148:main.c        ****             CyDelay(10);
 442              		.loc 1 148 0
 443 008c 0A20     		movs	r0, #10
 444 008e FFF7FEFF 		bl	CyDelay
 445              	.LVL41:
 446 0092 E8E7     		b	.L22
 447              	.L27:
 448              		.align	2
 449              	.L26:
 450 0094 00000000 		.word	detectarfase1
 451 0098 00000000 		.word	detectarfase2
 452 009c 00000000 		.word	tiempoReposoMotores
 453 00a0 00000000 		.word	Periodo
 454 00a4 00000000 		.word	a
 455 00a8 00000000 		.word	p
 456 00ac 00000000 		.word	iniciarPWM
 457 00b0 00000000 		.word	sentidoGiro
 458 00b4 00000000 		.word	jugador
 459 00b8 00000000 		.word	faseMotor1
 460 00bc 00000000 		.word	faseMotor2
 461 00c0 00000000 		.word	testigoPWM
 462              		.cfi_endproc
 463              	.LFE66:
 464              		.size	main, .-main
 465              		.comm	faseMotor2,4,4
 466              		.comm	faseMotor1,4,4
 467              		.comm	jugador,1,1
 468              		.comm	sentidoGiro,1,1
 469              		.comm	testigoPWM,1,1
 470              		.comm	iniciarPWM,1,1
 471              		.comm	p,2,2
 472              		.comm	tiempoReposoMotores,2,2
 473              		.comm	Periodo,2,2
 474              		.comm	M2,2,2
 475              		.comm	M1,2,2
ARM GAS  C:\Users\Rowel\AppData\Local\Temp\ccYnpIgl.s 			page 12


 476              		.global	velocidad
 477              		.global	contador
 478              		.comm	e,2,2
 479              		.comm	a,2,2
 480              		.comm	P_teclado2,2,2
 481              		.comm	P_teclado1,2,2
 482              		.comm	P_teclado,2,2
 483              		.bss
 484              		.align	2
 485              		.set	.LANCHOR0,. + 0
 486              		.type	contador, %object
 487              		.size	contador, 4
 488              	contador:
 489 0000 00000000 		.space	4
 490              		.type	velocidad, %object
 491              		.size	velocidad, 4
 492              	velocidad:
 493 0004 00000000 		.space	4
 494              		.text
 495              	.Letext0:
 496              		.file 2 "i:\\programas\\x86\\cypress\\psoc creator\\4.1\\psoc creator\\import\\gnu\\arm\\5.4.1\\ar
 497              		.file 3 "i:\\programas\\x86\\cypress\\psoc creator\\4.1\\psoc creator\\import\\gnu\\arm\\5.4.1\\ar
 498              		.file 4 "Generated_Source\\PSoC5/cytypes.h"
 499              		.file 5 "Generated_Source\\PSoC5/core_cm3.h"
 500              		.file 6 "Generated_Source\\PSoC5/detectorFaseM1.h"
 501              		.file 7 "Generated_Source\\PSoC5/sentidodegiroM1.h"
 502              		.file 8 "Generated_Source\\PSoC5/PWM1.h"
 503              		.file 9 "Generated_Source\\PSoC5/LED.h"
 504              		.file 10 "Generated_Source\\PSoC5/CyLib.h"
 505              		.file 11 "Generated_Source\\PSoC5/detectorFaseM2.h"
 506              		.file 12 "Generated_Source\\PSoC5/sentidodegiroM2.h"
 507              		.file 13 "Generated_Source\\PSoC5/PWM2.h"
 508              		.file 14 "Generated_Source\\PSoC5/faseM1.h"
 509              		.file 15 "Generated_Source\\PSoC5/faseM2.h"
 510              		.file 16 "Generated_Source\\PSoC5/Motor1.h"
 511              		.file 17 "Generated_Source\\PSoC5/Motor2.h"
 512              		.section	.debug_info,"",%progbits
 513              	.Ldebug_info0:
 514 0000 3C050000 		.4byte	0x53c
 515 0004 0400     		.2byte	0x4
 516 0006 00000000 		.4byte	.Ldebug_abbrev0
 517 000a 04       		.byte	0x4
 518 000b 01       		.uleb128 0x1
 519 000c 40030000 		.4byte	.LASF63
 520 0010 0C       		.byte	0xc
 521 0011 B5020000 		.4byte	.LASF64
 522 0015 EF010000 		.4byte	.LASF65
 523 0019 00000000 		.4byte	.Ldebug_ranges0+0
 524 001d 00000000 		.4byte	0
 525 0021 00000000 		.4byte	.Ldebug_line0
 526 0025 02       		.uleb128 0x2
 527 0026 01       		.byte	0x1
 528 0027 06       		.byte	0x6
 529 0028 A9010000 		.4byte	.LASF0
 530 002c 02       		.uleb128 0x2
 531 002d 01       		.byte	0x1
 532 002e 08       		.byte	0x8
ARM GAS  C:\Users\Rowel\AppData\Local\Temp\ccYnpIgl.s 			page 13


 533 002f 4E010000 		.4byte	.LASF1
 534 0033 02       		.uleb128 0x2
 535 0034 02       		.byte	0x2
 536 0035 05       		.byte	0x5
 537 0036 4F000000 		.4byte	.LASF2
 538 003a 02       		.uleb128 0x2
 539 003b 02       		.byte	0x2
 540 003c 07       		.byte	0x7
 541 003d 4E020000 		.4byte	.LASF3
 542 0041 03       		.uleb128 0x3
 543 0042 E4020000 		.4byte	.LASF9
 544 0046 02       		.byte	0x2
 545 0047 3F       		.byte	0x3f
 546 0048 4C000000 		.4byte	0x4c
 547 004c 02       		.uleb128 0x2
 548 004d 04       		.byte	0x4
 549 004e 05       		.byte	0x5
 550 004f 45010000 		.4byte	.LASF4
 551 0053 02       		.uleb128 0x2
 552 0054 04       		.byte	0x4
 553 0055 07       		.byte	0x7
 554 0056 C1020000 		.4byte	.LASF5
 555 005a 02       		.uleb128 0x2
 556 005b 08       		.byte	0x8
 557 005c 05       		.byte	0x5
 558 005d 21010000 		.4byte	.LASF6
 559 0061 02       		.uleb128 0x2
 560 0062 08       		.byte	0x8
 561 0063 07       		.byte	0x7
 562 0064 B5010000 		.4byte	.LASF7
 563 0068 04       		.uleb128 0x4
 564 0069 04       		.byte	0x4
 565 006a 05       		.byte	0x5
 566 006b 696E7400 		.ascii	"int\000"
 567 006f 02       		.uleb128 0x2
 568 0070 04       		.byte	0x4
 569 0071 07       		.byte	0x7
 570 0072 E2010000 		.4byte	.LASF8
 571 0076 03       		.uleb128 0x3
 572 0077 72020000 		.4byte	.LASF10
 573 007b 03       		.byte	0x3
 574 007c 2C       		.byte	0x2c
 575 007d 41000000 		.4byte	0x41
 576 0081 05       		.uleb128 0x5
 577 0082 87020000 		.4byte	.LASF11
 578 0086 04       		.byte	0x4
 579 0087 9201     		.2byte	0x192
 580 0089 2C000000 		.4byte	0x2c
 581 008d 05       		.uleb128 0x5
 582 008e A7020000 		.4byte	.LASF12
 583 0092 04       		.byte	0x4
 584 0093 9301     		.2byte	0x193
 585 0095 3A000000 		.4byte	0x3a
 586 0099 05       		.uleb128 0x5
 587 009a AE020000 		.4byte	.LASF13
 588 009e 04       		.byte	0x4
 589 009f 9401     		.2byte	0x194
ARM GAS  C:\Users\Rowel\AppData\Local\Temp\ccYnpIgl.s 			page 14


 590 00a1 53000000 		.4byte	0x53
 591 00a5 05       		.uleb128 0x5
 592 00a6 D3020000 		.4byte	.LASF14
 593 00aa 04       		.byte	0x4
 594 00ab 9701     		.2byte	0x197
 595 00ad 4C000000 		.4byte	0x4c
 596 00b1 02       		.uleb128 0x2
 597 00b2 04       		.byte	0x4
 598 00b3 04       		.byte	0x4
 599 00b4 1B010000 		.4byte	.LASF15
 600 00b8 02       		.uleb128 0x2
 601 00b9 08       		.byte	0x8
 602 00ba 04       		.byte	0x4
 603 00bb F9020000 		.4byte	.LASF16
 604 00bf 02       		.uleb128 0x2
 605 00c0 01       		.byte	0x1
 606 00c1 08       		.byte	0x8
 607 00c2 61020000 		.4byte	.LASF17
 608 00c6 05       		.uleb128 0x5
 609 00c7 BC020000 		.4byte	.LASF18
 610 00cb 04       		.byte	0x4
 611 00cc 3C02     		.2byte	0x23c
 612 00ce D2000000 		.4byte	0xd2
 613 00d2 06       		.uleb128 0x6
 614 00d3 81000000 		.4byte	0x81
 615 00d7 02       		.uleb128 0x2
 616 00d8 08       		.byte	0x8
 617 00d9 04       		.byte	0x4
 618 00da 7A010000 		.4byte	.LASF19
 619 00de 02       		.uleb128 0x2
 620 00df 04       		.byte	0x4
 621 00e0 07       		.byte	0x7
 622 00e1 59000000 		.4byte	.LASF20
 623 00e5 07       		.uleb128 0x7
 624 00e6 9C000000 		.4byte	.LASF21
 625 00ea 01       		.byte	0x1
 626 00eb 22       		.byte	0x22
 627 00ec 00000000 		.4byte	.LFB64
 628 00f0 DC000000 		.4byte	.LFE64-.LFB64
 629 00f4 01       		.uleb128 0x1
 630 00f5 9C       		.byte	0x9c
 631 00f6 9D010000 		.4byte	0x19d
 632 00fa 08       		.uleb128 0x8
 633 00fb EB030000 		.4byte	.LASF23
 634 00ff 01       		.byte	0x1
 635 0100 26       		.byte	0x26
 636 0101 68000000 		.4byte	0x68
 637 0105 00000000 		.4byte	.LLST0
 638 0109 09       		.uleb128 0x9
 639 010a 16000000 		.4byte	.LVL0
 640 010e 37040000 		.4byte	0x437
 641 0112 09       		.uleb128 0x9
 642 0113 2A000000 		.4byte	.LVL1
 643 0117 37040000 		.4byte	0x437
 644 011b 09       		.uleb128 0x9
 645 011c 46000000 		.4byte	.LVL3
 646 0120 42040000 		.4byte	0x442
ARM GAS  C:\Users\Rowel\AppData\Local\Temp\ccYnpIgl.s 			page 15


 647 0124 09       		.uleb128 0x9
 648 0125 4E000000 		.4byte	.LVL4
 649 0129 4D040000 		.4byte	0x44d
 650 012d 09       		.uleb128 0x9
 651 012e 64000000 		.4byte	.LVL7
 652 0132 42040000 		.4byte	0x442
 653 0136 09       		.uleb128 0x9
 654 0137 6C000000 		.4byte	.LVL8
 655 013b 4D040000 		.4byte	0x44d
 656 013f 09       		.uleb128 0x9
 657 0140 94000000 		.4byte	.LVL9
 658 0144 58040000 		.4byte	0x458
 659 0148 09       		.uleb128 0x9
 660 0149 9C000000 		.4byte	.LVL10
 661 014d 63040000 		.4byte	0x463
 662 0151 09       		.uleb128 0x9
 663 0152 A4000000 		.4byte	.LVL11
 664 0156 6E040000 		.4byte	0x46e
 665 015a 0A       		.uleb128 0xa
 666 015b AA000000 		.4byte	.LVL12
 667 015f 79040000 		.4byte	0x479
 668 0163 6D010000 		.4byte	0x16d
 669 0167 0B       		.uleb128 0xb
 670 0168 01       		.uleb128 0x1
 671 0169 50       		.byte	0x50
 672 016a 01       		.uleb128 0x1
 673 016b 31       		.byte	0x31
 674 016c 00       		.byte	0
 675 016d 0A       		.uleb128 0xa
 676 016e B0000000 		.4byte	.LVL13
 677 0172 84040000 		.4byte	0x484
 678 0176 80010000 		.4byte	0x180
 679 017a 0B       		.uleb128 0xb
 680 017b 01       		.uleb128 0x1
 681 017c 50       		.byte	0x50
 682 017d 01       		.uleb128 0x1
 683 017e 44       		.byte	0x44
 684 017f 00       		.byte	0
 685 0180 0A       		.uleb128 0xa
 686 0181 B6000000 		.4byte	.LVL14
 687 0185 4D040000 		.4byte	0x44d
 688 0189 93010000 		.4byte	0x193
 689 018d 0B       		.uleb128 0xb
 690 018e 01       		.uleb128 0x1
 691 018f 50       		.byte	0x50
 692 0190 01       		.uleb128 0x1
 693 0191 30       		.byte	0x30
 694 0192 00       		.byte	0
 695 0193 09       		.uleb128 0x9
 696 0194 BA000000 		.4byte	.LVL15
 697 0198 8F040000 		.4byte	0x48f
 698 019c 00       		.byte	0
 699 019d 07       		.uleb128 0x7
 700 019e AA000000 		.4byte	.LASF22
 701 01a2 01       		.byte	0x1
 702 01a3 4A       		.byte	0x4a
 703 01a4 00000000 		.4byte	.LFB65
ARM GAS  C:\Users\Rowel\AppData\Local\Temp\ccYnpIgl.s 			page 16


 704 01a8 D8000000 		.4byte	.LFE65-.LFB65
 705 01ac 01       		.uleb128 0x1
 706 01ad 9C       		.byte	0x9c
 707 01ae 42020000 		.4byte	0x242
 708 01b2 08       		.uleb128 0x8
 709 01b3 EB030000 		.4byte	.LASF23
 710 01b7 01       		.byte	0x1
 711 01b8 4E       		.byte	0x4e
 712 01b9 68000000 		.4byte	0x68
 713 01bd 36000000 		.4byte	.LLST1
 714 01c1 09       		.uleb128 0x9
 715 01c2 16000000 		.4byte	.LVL16
 716 01c6 9A040000 		.4byte	0x49a
 717 01ca 09       		.uleb128 0x9
 718 01cb 2A000000 		.4byte	.LVL17
 719 01cf 9A040000 		.4byte	0x49a
 720 01d3 09       		.uleb128 0x9
 721 01d4 46000000 		.4byte	.LVL19
 722 01d8 A5040000 		.4byte	0x4a5
 723 01dc 09       		.uleb128 0x9
 724 01dd 4E000000 		.4byte	.LVL20
 725 01e1 B0040000 		.4byte	0x4b0
 726 01e5 09       		.uleb128 0x9
 727 01e6 64000000 		.4byte	.LVL23
 728 01ea A5040000 		.4byte	0x4a5
 729 01ee 09       		.uleb128 0x9
 730 01ef 6C000000 		.4byte	.LVL24
 731 01f3 B0040000 		.4byte	0x4b0
 732 01f7 09       		.uleb128 0x9
 733 01f8 94000000 		.4byte	.LVL25
 734 01fc BB040000 		.4byte	0x4bb
 735 0200 09       		.uleb128 0x9
 736 0201 9C000000 		.4byte	.LVL26
 737 0205 C6040000 		.4byte	0x4c6
 738 0209 09       		.uleb128 0x9
 739 020a A4000000 		.4byte	.LVL27
 740 020e D1040000 		.4byte	0x4d1
 741 0212 0A       		.uleb128 0xa
 742 0213 AA000000 		.4byte	.LVL28
 743 0217 79040000 		.4byte	0x479
 744 021b 25020000 		.4byte	0x225
 745 021f 0B       		.uleb128 0xb
 746 0220 01       		.uleb128 0x1
 747 0221 50       		.byte	0x50
 748 0222 01       		.uleb128 0x1
 749 0223 31       		.byte	0x31
 750 0224 00       		.byte	0
 751 0225 0A       		.uleb128 0xa
 752 0226 B0000000 		.4byte	.LVL29
 753 022a 84040000 		.4byte	0x484
 754 022e 38020000 		.4byte	0x238
 755 0232 0B       		.uleb128 0xb
 756 0233 01       		.uleb128 0x1
 757 0234 50       		.byte	0x50
 758 0235 01       		.uleb128 0x1
 759 0236 44       		.byte	0x44
 760 0237 00       		.byte	0
ARM GAS  C:\Users\Rowel\AppData\Local\Temp\ccYnpIgl.s 			page 17


 761 0238 09       		.uleb128 0x9
 762 0239 B4000000 		.4byte	.LVL30
 763 023d DC040000 		.4byte	0x4dc
 764 0241 00       		.byte	0
 765 0242 0C       		.uleb128 0xc
 766 0243 97000000 		.4byte	.LASF66
 767 0247 01       		.byte	0x1
 768 0248 72       		.byte	0x72
 769 0249 68000000 		.4byte	0x68
 770 024d 00000000 		.4byte	.LFB66
 771 0251 C4000000 		.4byte	.LFE66-.LFB66
 772 0255 01       		.uleb128 0x1
 773 0256 9C       		.byte	0x9c
 774 0257 F5020000 		.4byte	0x2f5
 775 025b 0A       		.uleb128 0xa
 776 025c 0A000000 		.4byte	.LVL31
 777 0260 E7040000 		.4byte	0x4e7
 778 0264 72020000 		.4byte	0x272
 779 0268 0B       		.uleb128 0xb
 780 0269 01       		.uleb128 0x1
 781 026a 50       		.byte	0x50
 782 026b 05       		.uleb128 0x5
 783 026c 03       		.byte	0x3
 784 026d 00000000 		.4byte	detectarfase1
 785 0271 00       		.byte	0
 786 0272 0A       		.uleb128 0xa
 787 0273 10000000 		.4byte	.LVL32
 788 0277 F2040000 		.4byte	0x4f2
 789 027b 89020000 		.4byte	0x289
 790 027f 0B       		.uleb128 0xb
 791 0280 01       		.uleb128 0x1
 792 0281 50       		.byte	0x50
 793 0282 05       		.uleb128 0x5
 794 0283 03       		.byte	0x3
 795 0284 00000000 		.4byte	detectarfase2
 796 0288 00       		.byte	0
 797 0289 09       		.uleb128 0x9
 798 028a 14000000 		.4byte	.LVL33
 799 028e FD040000 		.4byte	0x4fd
 800 0292 09       		.uleb128 0x9
 801 0293 18000000 		.4byte	.LVL34
 802 0297 08050000 		.4byte	0x508
 803 029b 0A       		.uleb128 0xa
 804 029c 2E000000 		.4byte	.LVL35
 805 02a0 13050000 		.4byte	0x513
 806 02a4 AE020000 		.4byte	0x2ae
 807 02a8 0B       		.uleb128 0xb
 808 02a9 01       		.uleb128 0x1
 809 02aa 50       		.byte	0x50
 810 02ab 01       		.uleb128 0x1
 811 02ac 30       		.byte	0x30
 812 02ad 00       		.byte	0
 813 02ae 0A       		.uleb128 0xa
 814 02af 34000000 		.4byte	.LVL36
 815 02b3 1E050000 		.4byte	0x51e
 816 02b7 C1020000 		.4byte	0x2c1
 817 02bb 0B       		.uleb128 0xb
ARM GAS  C:\Users\Rowel\AppData\Local\Temp\ccYnpIgl.s 			page 18


 818 02bc 01       		.uleb128 0x1
 819 02bd 50       		.byte	0x50
 820 02be 01       		.uleb128 0x1
 821 02bf 30       		.byte	0x30
 822 02c0 00       		.byte	0
 823 02c1 09       		.uleb128 0x9
 824 02c2 62000000 		.4byte	.LVL37
 825 02c6 29050000 		.4byte	0x529
 826 02ca 09       		.uleb128 0x9
 827 02cb 66000000 		.4byte	.LVL38
 828 02cf 34050000 		.4byte	0x534
 829 02d3 09       		.uleb128 0x9
 830 02d4 7A000000 		.4byte	.LVL39
 831 02d8 29050000 		.4byte	0x529
 832 02dc 09       		.uleb128 0x9
 833 02dd 7E000000 		.4byte	.LVL40
 834 02e1 34050000 		.4byte	0x534
 835 02e5 0D       		.uleb128 0xd
 836 02e6 92000000 		.4byte	.LVL41
 837 02ea 84040000 		.4byte	0x484
 838 02ee 0B       		.uleb128 0xb
 839 02ef 01       		.uleb128 0x1
 840 02f0 50       		.byte	0x50
 841 02f1 01       		.uleb128 0x1
 842 02f2 3A       		.byte	0x3a
 843 02f3 00       		.byte	0
 844 02f4 00       		.byte	0
 845 02f5 0E       		.uleb128 0xe
 846 02f6 33030000 		.4byte	.LASF24
 847 02fa 05       		.byte	0x5
 848 02fb 1207     		.2byte	0x712
 849 02fd 01030000 		.4byte	0x301
 850 0301 06       		.uleb128 0x6
 851 0302 76000000 		.4byte	0x76
 852 0306 0F       		.uleb128 0xf
 853 0307 9F010000 		.4byte	.LASF25
 854 030b 01       		.byte	0x1
 855 030c 07       		.byte	0x7
 856 030d 8D000000 		.4byte	0x8d
 857 0311 05       		.uleb128 0x5
 858 0312 03       		.byte	0x3
 859 0313 00000000 		.4byte	P_teclado
 860 0317 0F       		.uleb128 0xf
 861 0318 CC010000 		.4byte	.LASF26
 862 031c 01       		.byte	0x1
 863 031d 08       		.byte	0x8
 864 031e 8D000000 		.4byte	0x8d
 865 0322 05       		.uleb128 0x5
 866 0323 03       		.byte	0x3
 867 0324 00000000 		.4byte	P_teclado1
 868 0328 0F       		.uleb128 0xf
 869 0329 D7010000 		.4byte	.LASF27
 870 032d 01       		.byte	0x1
 871 032e 09       		.byte	0x9
 872 032f 8D000000 		.4byte	0x8d
 873 0333 05       		.uleb128 0x5
 874 0334 03       		.byte	0x3
ARM GAS  C:\Users\Rowel\AppData\Local\Temp\ccYnpIgl.s 			page 19


 875 0335 00000000 		.4byte	P_teclado2
 876 0339 10       		.uleb128 0x10
 877 033a 6100     		.ascii	"a\000"
 878 033c 01       		.byte	0x1
 879 033d 0A       		.byte	0xa
 880 033e 8D000000 		.4byte	0x8d
 881 0342 05       		.uleb128 0x5
 882 0343 03       		.byte	0x3
 883 0344 00000000 		.4byte	a
 884 0348 10       		.uleb128 0x10
 885 0349 6500     		.ascii	"e\000"
 886 034b 01       		.byte	0x1
 887 034c 0B       		.byte	0xb
 888 034d 8D000000 		.4byte	0x8d
 889 0351 05       		.uleb128 0x5
 890 0352 03       		.byte	0x3
 891 0353 00000000 		.4byte	e
 892 0357 0F       		.uleb128 0xf
 893 0358 00000000 		.4byte	.LASF28
 894 035c 01       		.byte	0x1
 895 035d 12       		.byte	0x12
 896 035e 99000000 		.4byte	0x99
 897 0362 05       		.uleb128 0x5
 898 0363 03       		.byte	0x3
 899 0364 00000000 		.4byte	contador
 900 0368 0F       		.uleb128 0xf
 901 0369 3B000000 		.4byte	.LASF29
 902 036d 01       		.byte	0x1
 903 036e 13       		.byte	0x13
 904 036f A5000000 		.4byte	0xa5
 905 0373 05       		.uleb128 0x5
 906 0374 03       		.byte	0x3
 907 0375 00000000 		.4byte	velocidad
 908 0379 10       		.uleb128 0x10
 909 037a 4D3100   		.ascii	"M1\000"
 910 037d 01       		.byte	0x1
 911 037e 15       		.byte	0x15
 912 037f 8D000000 		.4byte	0x8d
 913 0383 05       		.uleb128 0x5
 914 0384 03       		.byte	0x3
 915 0385 00000000 		.4byte	M1
 916 0389 10       		.uleb128 0x10
 917 038a 4D3200   		.ascii	"M2\000"
 918 038d 01       		.byte	0x1
 919 038e 16       		.byte	0x16
 920 038f 8D000000 		.4byte	0x8d
 921 0393 05       		.uleb128 0x5
 922 0394 03       		.byte	0x3
 923 0395 00000000 		.4byte	M2
 924 0399 0F       		.uleb128 0xf
 925 039a C3000000 		.4byte	.LASF30
 926 039e 01       		.byte	0x1
 927 039f 17       		.byte	0x17
 928 03a0 8D000000 		.4byte	0x8d
 929 03a4 05       		.uleb128 0x5
 930 03a5 03       		.byte	0x3
 931 03a6 00000000 		.4byte	Periodo
ARM GAS  C:\Users\Rowel\AppData\Local\Temp\ccYnpIgl.s 			page 20


 932 03aa 0F       		.uleb128 0xf
 933 03ab 24020000 		.4byte	.LASF31
 934 03af 01       		.byte	0x1
 935 03b0 18       		.byte	0x18
 936 03b1 8D000000 		.4byte	0x8d
 937 03b5 05       		.uleb128 0x5
 938 03b6 03       		.byte	0x3
 939 03b7 00000000 		.4byte	tiempoReposoMotores
 940 03bb 10       		.uleb128 0x10
 941 03bc 7000     		.ascii	"p\000"
 942 03be 01       		.byte	0x1
 943 03bf 19       		.byte	0x19
 944 03c0 8D000000 		.4byte	0x8d
 945 03c4 05       		.uleb128 0x5
 946 03c5 03       		.byte	0x3
 947 03c6 00000000 		.4byte	p
 948 03ca 0F       		.uleb128 0xf
 949 03cb D9020000 		.4byte	.LASF32
 950 03cf 01       		.byte	0x1
 951 03d0 1A       		.byte	0x1a
 952 03d1 DB030000 		.4byte	0x3db
 953 03d5 05       		.uleb128 0x5
 954 03d6 03       		.byte	0x3
 955 03d7 00000000 		.4byte	iniciarPWM
 956 03db 02       		.uleb128 0x2
 957 03dc 01       		.byte	0x1
 958 03dd 02       		.byte	0x2
 959 03de 8D020000 		.4byte	.LASF33
 960 03e2 0F       		.uleb128 0xf
 961 03e3 2F010000 		.4byte	.LASF34
 962 03e7 01       		.byte	0x1
 963 03e8 1B       		.byte	0x1b
 964 03e9 81000000 		.4byte	0x81
 965 03ed 05       		.uleb128 0x5
 966 03ee 03       		.byte	0x3
 967 03ef 00000000 		.4byte	testigoPWM
 968 03f3 0F       		.uleb128 0xf
 969 03f4 FD000000 		.4byte	.LASF35
 970 03f8 01       		.byte	0x1
 971 03f9 1C       		.byte	0x1c
 972 03fa DB030000 		.4byte	0x3db
 973 03fe 05       		.uleb128 0x5
 974 03ff 03       		.byte	0x3
 975 0400 00000000 		.4byte	sentidoGiro
 976 0404 0F       		.uleb128 0xf
 977 0405 97010000 		.4byte	.LASF36
 978 0409 01       		.byte	0x1
 979 040a 1D       		.byte	0x1d
 980 040b DB030000 		.4byte	0x3db
 981 040f 05       		.uleb128 0x5
 982 0410 03       		.byte	0x3
 983 0411 00000000 		.4byte	jugador
 984 0415 0F       		.uleb128 0xf
 985 0416 E7000000 		.4byte	.LASF37
 986 041a 01       		.byte	0x1
 987 041b 1E       		.byte	0x1e
 988 041c 68000000 		.4byte	0x68
ARM GAS  C:\Users\Rowel\AppData\Local\Temp\ccYnpIgl.s 			page 21


 989 0420 05       		.uleb128 0x5
 990 0421 03       		.byte	0x3
 991 0422 00000000 		.4byte	faseMotor1
 992 0426 0F       		.uleb128 0xf
 993 0427 F2000000 		.4byte	.LASF38
 994 042b 01       		.byte	0x1
 995 042c 1F       		.byte	0x1f
 996 042d 68000000 		.4byte	0x68
 997 0431 05       		.uleb128 0x5
 998 0432 03       		.byte	0x3
 999 0433 00000000 		.4byte	faseMotor2
 1000 0437 11       		.uleb128 0x11
 1001 0438 93020000 		.4byte	.LASF39
 1002 043c 93020000 		.4byte	.LASF39
 1003 0440 06       		.byte	0x6
 1004 0441 29       		.byte	0x29
 1005 0442 11       		.uleb128 0x11
 1006 0443 00030000 		.4byte	.LASF40
 1007 0447 00030000 		.4byte	.LASF40
 1008 044b 07       		.byte	0x7
 1009 044c 29       		.byte	0x29
 1010 044d 11       		.uleb128 0x11
 1011 044e 38020000 		.4byte	.LASF41
 1012 0452 38020000 		.4byte	.LASF41
 1013 0456 07       		.byte	0x7
 1014 0457 26       		.byte	0x26
 1015 0458 11       		.uleb128 0x11
 1016 0459 66020000 		.4byte	.LASF42
 1017 045d 66020000 		.4byte	.LASF42
 1018 0461 08       		.byte	0x8
 1019 0462 DD       		.byte	0xdd
 1020 0463 11       		.uleb128 0x11
 1021 0464 CB000000 		.4byte	.LASF43
 1022 0468 CB000000 		.4byte	.LASF43
 1023 046c 08       		.byte	0x8
 1024 046d BE       		.byte	0xbe
 1025 046e 11       		.uleb128 0x11
 1026 046f 09010000 		.4byte	.LASF44
 1027 0473 09010000 		.4byte	.LASF44
 1028 0477 08       		.byte	0x8
 1029 0478 C3       		.byte	0xc3
 1030 0479 11       		.uleb128 0x11
 1031 047a 45000000 		.4byte	.LASF45
 1032 047e 45000000 		.4byte	.LASF45
 1033 0482 09       		.byte	0x9
 1034 0483 26       		.byte	0x26
 1035 0484 11       		.uleb128 0x11
 1036 0485 E3030000 		.4byte	.LASF46
 1037 0489 E3030000 		.4byte	.LASF46
 1038 048d 0A       		.byte	0xa
 1039 048e 76       		.byte	0x76
 1040 048f 11       		.uleb128 0x11
 1041 0490 15030000 		.4byte	.LASF47
 1042 0494 15030000 		.4byte	.LASF47
 1043 0498 06       		.byte	0x6
 1044 0499 2B       		.byte	0x2b
 1045 049a 11       		.uleb128 0x11
ARM GAS  C:\Users\Rowel\AppData\Local\Temp\ccYnpIgl.s 			page 22


 1046 049b 09000000 		.4byte	.LASF48
 1047 049f 09000000 		.4byte	.LASF48
 1048 04a3 0B       		.byte	0xb
 1049 04a4 29       		.byte	0x29
 1050 04a5 11       		.uleb128 0x11
 1051 04a6 CE030000 		.4byte	.LASF49
 1052 04aa CE030000 		.4byte	.LASF49
 1053 04ae 0C       		.byte	0xc
 1054 04af 29       		.byte	0x29
 1055 04b0 11       		.uleb128 0x11
 1056 04b1 74000000 		.4byte	.LASF50
 1057 04b5 74000000 		.4byte	.LASF50
 1058 04b9 0C       		.byte	0xc
 1059 04ba 26       		.byte	0x26
 1060 04bb 11       		.uleb128 0x11
 1061 04bc F0030000 		.4byte	.LASF51
 1062 04c0 F0030000 		.4byte	.LASF51
 1063 04c4 0D       		.byte	0xd
 1064 04c5 DD       		.byte	0xdd
 1065 04c6 11       		.uleb128 0x11
 1066 04c7 86010000 		.4byte	.LASF52
 1067 04cb 86010000 		.4byte	.LASF52
 1068 04cf 0D       		.byte	0xd
 1069 04d0 BE       		.byte	0xbe
 1070 04d1 11       		.uleb128 0x11
 1071 04d2 62000000 		.4byte	.LASF53
 1072 04d6 62000000 		.4byte	.LASF53
 1073 04da 0D       		.byte	0xd
 1074 04db C3       		.byte	0xc3
 1075 04dc 11       		.uleb128 0x11
 1076 04dd 1D000000 		.4byte	.LASF54
 1077 04e1 1D000000 		.4byte	.LASF54
 1078 04e5 0B       		.byte	0xb
 1079 04e6 2B       		.byte	0x2b
 1080 04e7 11       		.uleb128 0x11
 1081 04e8 5C010000 		.4byte	.LASF55
 1082 04ec 5C010000 		.4byte	.LASF55
 1083 04f0 0E       		.byte	0xe
 1084 04f1 18       		.byte	0x18
 1085 04f2 11       		.uleb128 0x11
 1086 04f3 6B010000 		.4byte	.LASF56
 1087 04f7 6B010000 		.4byte	.LASF56
 1088 04fb 0F       		.byte	0xf
 1089 04fc 18       		.byte	0x18
 1090 04fd 11       		.uleb128 0x11
 1091 04fe DC000000 		.4byte	.LASF57
 1092 0502 DC000000 		.4byte	.LASF57
 1093 0506 08       		.byte	0x8
 1094 0507 92       		.byte	0x92
 1095 0508 11       		.uleb128 0x11
 1096 0509 EE020000 		.4byte	.LASF58
 1097 050d EE020000 		.4byte	.LASF58
 1098 0511 0D       		.byte	0xd
 1099 0512 92       		.byte	0x92
 1100 0513 11       		.uleb128 0x11
 1101 0514 7A020000 		.4byte	.LASF59
 1102 0518 7A020000 		.4byte	.LASF59
ARM GAS  C:\Users\Rowel\AppData\Local\Temp\ccYnpIgl.s 			page 23


 1103 051c 10       		.byte	0x10
 1104 051d 26       		.byte	0x26
 1105 051e 11       		.uleb128 0x11
 1106 051f 8A000000 		.4byte	.LASF60
 1107 0523 8A000000 		.4byte	.LASF60
 1108 0527 11       		.byte	0x11
 1109 0528 26       		.byte	0x26
 1110 0529 11       		.uleb128 0x11
 1111 052a B8000000 		.4byte	.LASF61
 1112 052e B8000000 		.4byte	.LASF61
 1113 0532 08       		.byte	0x8
 1114 0533 DC       		.byte	0xdc
 1115 0534 11       		.uleb128 0x11
 1116 0535 3A010000 		.4byte	.LASF62
 1117 0539 3A010000 		.4byte	.LASF62
 1118 053d 0D       		.byte	0xd
 1119 053e DC       		.byte	0xdc
 1120 053f 00       		.byte	0
 1121              		.section	.debug_abbrev,"",%progbits
 1122              	.Ldebug_abbrev0:
 1123 0000 01       		.uleb128 0x1
 1124 0001 11       		.uleb128 0x11
 1125 0002 01       		.byte	0x1
 1126 0003 25       		.uleb128 0x25
 1127 0004 0E       		.uleb128 0xe
 1128 0005 13       		.uleb128 0x13
 1129 0006 0B       		.uleb128 0xb
 1130 0007 03       		.uleb128 0x3
 1131 0008 0E       		.uleb128 0xe
 1132 0009 1B       		.uleb128 0x1b
 1133 000a 0E       		.uleb128 0xe
 1134 000b 55       		.uleb128 0x55
 1135 000c 17       		.uleb128 0x17
 1136 000d 11       		.uleb128 0x11
 1137 000e 01       		.uleb128 0x1
 1138 000f 10       		.uleb128 0x10
 1139 0010 17       		.uleb128 0x17
 1140 0011 00       		.byte	0
 1141 0012 00       		.byte	0
 1142 0013 02       		.uleb128 0x2
 1143 0014 24       		.uleb128 0x24
 1144 0015 00       		.byte	0
 1145 0016 0B       		.uleb128 0xb
 1146 0017 0B       		.uleb128 0xb
 1147 0018 3E       		.uleb128 0x3e
 1148 0019 0B       		.uleb128 0xb
 1149 001a 03       		.uleb128 0x3
 1150 001b 0E       		.uleb128 0xe
 1151 001c 00       		.byte	0
 1152 001d 00       		.byte	0
 1153 001e 03       		.uleb128 0x3
 1154 001f 16       		.uleb128 0x16
 1155 0020 00       		.byte	0
 1156 0021 03       		.uleb128 0x3
 1157 0022 0E       		.uleb128 0xe
 1158 0023 3A       		.uleb128 0x3a
 1159 0024 0B       		.uleb128 0xb
ARM GAS  C:\Users\Rowel\AppData\Local\Temp\ccYnpIgl.s 			page 24


 1160 0025 3B       		.uleb128 0x3b
 1161 0026 0B       		.uleb128 0xb
 1162 0027 49       		.uleb128 0x49
 1163 0028 13       		.uleb128 0x13
 1164 0029 00       		.byte	0
 1165 002a 00       		.byte	0
 1166 002b 04       		.uleb128 0x4
 1167 002c 24       		.uleb128 0x24
 1168 002d 00       		.byte	0
 1169 002e 0B       		.uleb128 0xb
 1170 002f 0B       		.uleb128 0xb
 1171 0030 3E       		.uleb128 0x3e
 1172 0031 0B       		.uleb128 0xb
 1173 0032 03       		.uleb128 0x3
 1174 0033 08       		.uleb128 0x8
 1175 0034 00       		.byte	0
 1176 0035 00       		.byte	0
 1177 0036 05       		.uleb128 0x5
 1178 0037 16       		.uleb128 0x16
 1179 0038 00       		.byte	0
 1180 0039 03       		.uleb128 0x3
 1181 003a 0E       		.uleb128 0xe
 1182 003b 3A       		.uleb128 0x3a
 1183 003c 0B       		.uleb128 0xb
 1184 003d 3B       		.uleb128 0x3b
 1185 003e 05       		.uleb128 0x5
 1186 003f 49       		.uleb128 0x49
 1187 0040 13       		.uleb128 0x13
 1188 0041 00       		.byte	0
 1189 0042 00       		.byte	0
 1190 0043 06       		.uleb128 0x6
 1191 0044 35       		.uleb128 0x35
 1192 0045 00       		.byte	0
 1193 0046 49       		.uleb128 0x49
 1194 0047 13       		.uleb128 0x13
 1195 0048 00       		.byte	0
 1196 0049 00       		.byte	0
 1197 004a 07       		.uleb128 0x7
 1198 004b 2E       		.uleb128 0x2e
 1199 004c 01       		.byte	0x1
 1200 004d 3F       		.uleb128 0x3f
 1201 004e 19       		.uleb128 0x19
 1202 004f 03       		.uleb128 0x3
 1203 0050 0E       		.uleb128 0xe
 1204 0051 3A       		.uleb128 0x3a
 1205 0052 0B       		.uleb128 0xb
 1206 0053 3B       		.uleb128 0x3b
 1207 0054 0B       		.uleb128 0xb
 1208 0055 27       		.uleb128 0x27
 1209 0056 19       		.uleb128 0x19
 1210 0057 11       		.uleb128 0x11
 1211 0058 01       		.uleb128 0x1
 1212 0059 12       		.uleb128 0x12
 1213 005a 06       		.uleb128 0x6
 1214 005b 40       		.uleb128 0x40
 1215 005c 18       		.uleb128 0x18
 1216 005d 9742     		.uleb128 0x2117
ARM GAS  C:\Users\Rowel\AppData\Local\Temp\ccYnpIgl.s 			page 25


 1217 005f 19       		.uleb128 0x19
 1218 0060 01       		.uleb128 0x1
 1219 0061 13       		.uleb128 0x13
 1220 0062 00       		.byte	0
 1221 0063 00       		.byte	0
 1222 0064 08       		.uleb128 0x8
 1223 0065 34       		.uleb128 0x34
 1224 0066 00       		.byte	0
 1225 0067 03       		.uleb128 0x3
 1226 0068 0E       		.uleb128 0xe
 1227 0069 3A       		.uleb128 0x3a
 1228 006a 0B       		.uleb128 0xb
 1229 006b 3B       		.uleb128 0x3b
 1230 006c 0B       		.uleb128 0xb
 1231 006d 49       		.uleb128 0x49
 1232 006e 13       		.uleb128 0x13
 1233 006f 02       		.uleb128 0x2
 1234 0070 17       		.uleb128 0x17
 1235 0071 00       		.byte	0
 1236 0072 00       		.byte	0
 1237 0073 09       		.uleb128 0x9
 1238 0074 898201   		.uleb128 0x4109
 1239 0077 00       		.byte	0
 1240 0078 11       		.uleb128 0x11
 1241 0079 01       		.uleb128 0x1
 1242 007a 31       		.uleb128 0x31
 1243 007b 13       		.uleb128 0x13
 1244 007c 00       		.byte	0
 1245 007d 00       		.byte	0
 1246 007e 0A       		.uleb128 0xa
 1247 007f 898201   		.uleb128 0x4109
 1248 0082 01       		.byte	0x1
 1249 0083 11       		.uleb128 0x11
 1250 0084 01       		.uleb128 0x1
 1251 0085 31       		.uleb128 0x31
 1252 0086 13       		.uleb128 0x13
 1253 0087 01       		.uleb128 0x1
 1254 0088 13       		.uleb128 0x13
 1255 0089 00       		.byte	0
 1256 008a 00       		.byte	0
 1257 008b 0B       		.uleb128 0xb
 1258 008c 8A8201   		.uleb128 0x410a
 1259 008f 00       		.byte	0
 1260 0090 02       		.uleb128 0x2
 1261 0091 18       		.uleb128 0x18
 1262 0092 9142     		.uleb128 0x2111
 1263 0094 18       		.uleb128 0x18
 1264 0095 00       		.byte	0
 1265 0096 00       		.byte	0
 1266 0097 0C       		.uleb128 0xc
 1267 0098 2E       		.uleb128 0x2e
 1268 0099 01       		.byte	0x1
 1269 009a 3F       		.uleb128 0x3f
 1270 009b 19       		.uleb128 0x19
 1271 009c 03       		.uleb128 0x3
 1272 009d 0E       		.uleb128 0xe
 1273 009e 3A       		.uleb128 0x3a
ARM GAS  C:\Users\Rowel\AppData\Local\Temp\ccYnpIgl.s 			page 26


 1274 009f 0B       		.uleb128 0xb
 1275 00a0 3B       		.uleb128 0x3b
 1276 00a1 0B       		.uleb128 0xb
 1277 00a2 27       		.uleb128 0x27
 1278 00a3 19       		.uleb128 0x19
 1279 00a4 49       		.uleb128 0x49
 1280 00a5 13       		.uleb128 0x13
 1281 00a6 8701     		.uleb128 0x87
 1282 00a8 19       		.uleb128 0x19
 1283 00a9 11       		.uleb128 0x11
 1284 00aa 01       		.uleb128 0x1
 1285 00ab 12       		.uleb128 0x12
 1286 00ac 06       		.uleb128 0x6
 1287 00ad 40       		.uleb128 0x40
 1288 00ae 18       		.uleb128 0x18
 1289 00af 9742     		.uleb128 0x2117
 1290 00b1 19       		.uleb128 0x19
 1291 00b2 01       		.uleb128 0x1
 1292 00b3 13       		.uleb128 0x13
 1293 00b4 00       		.byte	0
 1294 00b5 00       		.byte	0
 1295 00b6 0D       		.uleb128 0xd
 1296 00b7 898201   		.uleb128 0x4109
 1297 00ba 01       		.byte	0x1
 1298 00bb 11       		.uleb128 0x11
 1299 00bc 01       		.uleb128 0x1
 1300 00bd 31       		.uleb128 0x31
 1301 00be 13       		.uleb128 0x13
 1302 00bf 00       		.byte	0
 1303 00c0 00       		.byte	0
 1304 00c1 0E       		.uleb128 0xe
 1305 00c2 34       		.uleb128 0x34
 1306 00c3 00       		.byte	0
 1307 00c4 03       		.uleb128 0x3
 1308 00c5 0E       		.uleb128 0xe
 1309 00c6 3A       		.uleb128 0x3a
 1310 00c7 0B       		.uleb128 0xb
 1311 00c8 3B       		.uleb128 0x3b
 1312 00c9 05       		.uleb128 0x5
 1313 00ca 49       		.uleb128 0x49
 1314 00cb 13       		.uleb128 0x13
 1315 00cc 3F       		.uleb128 0x3f
 1316 00cd 19       		.uleb128 0x19
 1317 00ce 3C       		.uleb128 0x3c
 1318 00cf 19       		.uleb128 0x19
 1319 00d0 00       		.byte	0
 1320 00d1 00       		.byte	0
 1321 00d2 0F       		.uleb128 0xf
 1322 00d3 34       		.uleb128 0x34
 1323 00d4 00       		.byte	0
 1324 00d5 03       		.uleb128 0x3
 1325 00d6 0E       		.uleb128 0xe
 1326 00d7 3A       		.uleb128 0x3a
 1327 00d8 0B       		.uleb128 0xb
 1328 00d9 3B       		.uleb128 0x3b
 1329 00da 0B       		.uleb128 0xb
 1330 00db 49       		.uleb128 0x49
ARM GAS  C:\Users\Rowel\AppData\Local\Temp\ccYnpIgl.s 			page 27


 1331 00dc 13       		.uleb128 0x13
 1332 00dd 3F       		.uleb128 0x3f
 1333 00de 19       		.uleb128 0x19
 1334 00df 02       		.uleb128 0x2
 1335 00e0 18       		.uleb128 0x18
 1336 00e1 00       		.byte	0
 1337 00e2 00       		.byte	0
 1338 00e3 10       		.uleb128 0x10
 1339 00e4 34       		.uleb128 0x34
 1340 00e5 00       		.byte	0
 1341 00e6 03       		.uleb128 0x3
 1342 00e7 08       		.uleb128 0x8
 1343 00e8 3A       		.uleb128 0x3a
 1344 00e9 0B       		.uleb128 0xb
 1345 00ea 3B       		.uleb128 0x3b
 1346 00eb 0B       		.uleb128 0xb
 1347 00ec 49       		.uleb128 0x49
 1348 00ed 13       		.uleb128 0x13
 1349 00ee 3F       		.uleb128 0x3f
 1350 00ef 19       		.uleb128 0x19
 1351 00f0 02       		.uleb128 0x2
 1352 00f1 18       		.uleb128 0x18
 1353 00f2 00       		.byte	0
 1354 00f3 00       		.byte	0
 1355 00f4 11       		.uleb128 0x11
 1356 00f5 2E       		.uleb128 0x2e
 1357 00f6 00       		.byte	0
 1358 00f7 3F       		.uleb128 0x3f
 1359 00f8 19       		.uleb128 0x19
 1360 00f9 3C       		.uleb128 0x3c
 1361 00fa 19       		.uleb128 0x19
 1362 00fb 6E       		.uleb128 0x6e
 1363 00fc 0E       		.uleb128 0xe
 1364 00fd 03       		.uleb128 0x3
 1365 00fe 0E       		.uleb128 0xe
 1366 00ff 3A       		.uleb128 0x3a
 1367 0100 0B       		.uleb128 0xb
 1368 0101 3B       		.uleb128 0x3b
 1369 0102 0B       		.uleb128 0xb
 1370 0103 00       		.byte	0
 1371 0104 00       		.byte	0
 1372 0105 00       		.byte	0
 1373              		.section	.debug_loc,"",%progbits
 1374              	.Ldebug_loc0:
 1375              	.LLST0:
 1376 0000 16000000 		.4byte	.LVL0
 1377 0004 29000000 		.4byte	.LVL1-1
 1378 0008 0100     		.2byte	0x1
 1379 000a 50       		.byte	0x50
 1380 000b 2A000000 		.4byte	.LVL1
 1381 000f 45000000 		.4byte	.LVL3-1
 1382 0013 0100     		.2byte	0x1
 1383 0015 50       		.byte	0x50
 1384 0016 5A000000 		.4byte	.LVL5
 1385 001a 5C000000 		.4byte	.LVL6
 1386 001e 0100     		.2byte	0x1
 1387 0020 50       		.byte	0x50
ARM GAS  C:\Users\Rowel\AppData\Local\Temp\ccYnpIgl.s 			page 28


 1388 0021 5C000000 		.4byte	.LVL6
 1389 0025 63000000 		.4byte	.LVL7-1
 1390 0029 0300     		.2byte	0x3
 1391 002b 70       		.byte	0x70
 1392 002c 03       		.sleb128 3
 1393 002d 9F       		.byte	0x9f
 1394 002e 00000000 		.4byte	0
 1395 0032 00000000 		.4byte	0
 1396              	.LLST1:
 1397 0036 16000000 		.4byte	.LVL16
 1398 003a 29000000 		.4byte	.LVL17-1
 1399 003e 0100     		.2byte	0x1
 1400 0040 50       		.byte	0x50
 1401 0041 2A000000 		.4byte	.LVL17
 1402 0045 45000000 		.4byte	.LVL19-1
 1403 0049 0100     		.2byte	0x1
 1404 004b 50       		.byte	0x50
 1405 004c 5A000000 		.4byte	.LVL21
 1406 0050 5C000000 		.4byte	.LVL22
 1407 0054 0100     		.2byte	0x1
 1408 0056 50       		.byte	0x50
 1409 0057 5C000000 		.4byte	.LVL22
 1410 005b 63000000 		.4byte	.LVL23-1
 1411 005f 0300     		.2byte	0x3
 1412 0061 70       		.byte	0x70
 1413 0062 03       		.sleb128 3
 1414 0063 9F       		.byte	0x9f
 1415 0064 00000000 		.4byte	0
 1416 0068 00000000 		.4byte	0
 1417              		.section	.debug_aranges,"",%progbits
 1418 0000 2C000000 		.4byte	0x2c
 1419 0004 0200     		.2byte	0x2
 1420 0006 00000000 		.4byte	.Ldebug_info0
 1421 000a 04       		.byte	0x4
 1422 000b 00       		.byte	0
 1423 000c 0000     		.2byte	0
 1424 000e 0000     		.2byte	0
 1425 0010 00000000 		.4byte	.LFB64
 1426 0014 DC000000 		.4byte	.LFE64-.LFB64
 1427 0018 00000000 		.4byte	.LFB65
 1428 001c D8000000 		.4byte	.LFE65-.LFB65
 1429 0020 00000000 		.4byte	.LFB66
 1430 0024 C4000000 		.4byte	.LFE66-.LFB66
 1431 0028 00000000 		.4byte	0
 1432 002c 00000000 		.4byte	0
 1433              		.section	.debug_ranges,"",%progbits
 1434              	.Ldebug_ranges0:
 1435 0000 00000000 		.4byte	.LFB64
 1436 0004 DC000000 		.4byte	.LFE64
 1437 0008 00000000 		.4byte	.LFB65
 1438 000c D8000000 		.4byte	.LFE65
 1439 0010 00000000 		.4byte	.LFB66
 1440 0014 C4000000 		.4byte	.LFE66
 1441 0018 00000000 		.4byte	0
 1442 001c 00000000 		.4byte	0
 1443              		.section	.debug_line,"",%progbits
 1444              	.Ldebug_line0:
ARM GAS  C:\Users\Rowel\AppData\Local\Temp\ccYnpIgl.s 			page 29


 1445 0000 95020000 		.section	.debug_str,"MS",%progbits,1
 1445      0200EA01 
 1445      00000201 
 1445      FB0E0D00 
 1445      01010101 
 1446              	.LASF28:
 1447 0000 636F6E74 		.ascii	"contador\000"
 1447      61646F72 
 1447      00
 1448              	.LASF48:
 1449 0009 64657465 		.ascii	"detectorFaseM2_Read\000"
 1449      63746F72 
 1449      46617365 
 1449      4D325F52 
 1449      65616400 
 1450              	.LASF54:
 1451 001d 64657465 		.ascii	"detectorFaseM2_ClearInterrupt\000"
 1451      63746F72 
 1451      46617365 
 1451      4D325F43 
 1451      6C656172 
 1452              	.LASF29:
 1453 003b 76656C6F 		.ascii	"velocidad\000"
 1453      63696461 
 1453      6400
 1454              	.LASF45:
 1455 0045 4C45445F 		.ascii	"LED_Write\000"
 1455      57726974 
 1455      6500
 1456              	.LASF2:
 1457 004f 73686F72 		.ascii	"short int\000"
 1457      7420696E 
 1457      7400
 1458              	.LASF20:
 1459 0059 73697A65 		.ascii	"sizetype\000"
 1459      74797065 
 1459      00
 1460              	.LASF53:
 1461 0062 50574D32 		.ascii	"PWM2_WriteCompare\000"
 1461      5F577269 
 1461      7465436F 
 1461      6D706172 
 1461      6500
 1462              	.LASF50:
 1463 0074 73656E74 		.ascii	"sentidodegiroM2_Write\000"
 1463      69646F64 
 1463      65676972 
 1463      6F4D325F 
 1463      57726974 
 1464              	.LASF60:
 1465 008a 4D6F746F 		.ascii	"Motor2_Write\000"
 1465      72325F57 
 1465      72697465 
 1465      00
 1466              	.LASF66:
 1467 0097 6D61696E 		.ascii	"main\000"
 1467      00
ARM GAS  C:\Users\Rowel\AppData\Local\Temp\ccYnpIgl.s 			page 30


 1468              	.LASF21:
 1469 009c 64657465 		.ascii	"detectarfase1\000"
 1469      63746172 
 1469      66617365 
 1469      3100
 1470              	.LASF22:
 1471 00aa 64657465 		.ascii	"detectarfase2\000"
 1471      63746172 
 1471      66617365 
 1471      3200
 1472              	.LASF61:
 1473 00b8 50574D31 		.ascii	"PWM1_Sleep\000"
 1473      5F536C65 
 1473      657000
 1474              	.LASF30:
 1475 00c3 50657269 		.ascii	"Periodo\000"
 1475      6F646F00 
 1476              	.LASF43:
 1477 00cb 50574D31 		.ascii	"PWM1_WritePeriod\000"
 1477      5F577269 
 1477      74655065 
 1477      72696F64 
 1477      00
 1478              	.LASF57:
 1479 00dc 50574D31 		.ascii	"PWM1_Start\000"
 1479      5F537461 
 1479      727400
 1480              	.LASF37:
 1481 00e7 66617365 		.ascii	"faseMotor1\000"
 1481      4D6F746F 
 1481      723100
 1482              	.LASF38:
 1483 00f2 66617365 		.ascii	"faseMotor2\000"
 1483      4D6F746F 
 1483      723200
 1484              	.LASF35:
 1485 00fd 73656E74 		.ascii	"sentidoGiro\000"
 1485      69646F47 
 1485      69726F00 
 1486              	.LASF44:
 1487 0109 50574D31 		.ascii	"PWM1_WriteCompare\000"
 1487      5F577269 
 1487      7465436F 
 1487      6D706172 
 1487      6500
 1488              	.LASF15:
 1489 011b 666C6F61 		.ascii	"float\000"
 1489      7400
 1490              	.LASF6:
 1491 0121 6C6F6E67 		.ascii	"long long int\000"
 1491      206C6F6E 
 1491      6720696E 
 1491      7400
 1492              	.LASF34:
 1493 012f 74657374 		.ascii	"testigoPWM\000"
 1493      69676F50 
 1493      574D00
ARM GAS  C:\Users\Rowel\AppData\Local\Temp\ccYnpIgl.s 			page 31


 1494              	.LASF62:
 1495 013a 50574D32 		.ascii	"PWM2_Sleep\000"
 1495      5F536C65 
 1495      657000
 1496              	.LASF4:
 1497 0145 6C6F6E67 		.ascii	"long int\000"
 1497      20696E74 
 1497      00
 1498              	.LASF1:
 1499 014e 756E7369 		.ascii	"unsigned char\000"
 1499      676E6564 
 1499      20636861 
 1499      7200
 1500              	.LASF55:
 1501 015c 66617365 		.ascii	"faseM1_StartEx\000"
 1501      4D315F53 
 1501      74617274 
 1501      457800
 1502              	.LASF56:
 1503 016b 66617365 		.ascii	"faseM2_StartEx\000"
 1503      4D325F53 
 1503      74617274 
 1503      457800
 1504              	.LASF19:
 1505 017a 6C6F6E67 		.ascii	"long double\000"
 1505      20646F75 
 1505      626C6500 
 1506              	.LASF52:
 1507 0186 50574D32 		.ascii	"PWM2_WritePeriod\000"
 1507      5F577269 
 1507      74655065 
 1507      72696F64 
 1507      00
 1508              	.LASF36:
 1509 0197 6A756761 		.ascii	"jugador\000"
 1509      646F7200 
 1510              	.LASF25:
 1511 019f 505F7465 		.ascii	"P_teclado\000"
 1511      636C6164 
 1511      6F00
 1512              	.LASF0:
 1513 01a9 7369676E 		.ascii	"signed char\000"
 1513      65642063 
 1513      68617200 
 1514              	.LASF7:
 1515 01b5 6C6F6E67 		.ascii	"long long unsigned int\000"
 1515      206C6F6E 
 1515      6720756E 
 1515      7369676E 
 1515      65642069 
 1516              	.LASF26:
 1517 01cc 505F7465 		.ascii	"P_teclado1\000"
 1517      636C6164 
 1517      6F3100
 1518              	.LASF27:
 1519 01d7 505F7465 		.ascii	"P_teclado2\000"
 1519      636C6164 
ARM GAS  C:\Users\Rowel\AppData\Local\Temp\ccYnpIgl.s 			page 32


 1519      6F3200
 1520              	.LASF8:
 1521 01e2 756E7369 		.ascii	"unsigned int\000"
 1521      676E6564 
 1521      20696E74 
 1521      00
 1522              	.LASF65:
 1523 01ef 433A5C55 		.ascii	"C:\\Users\\Rowel\\Desktop\\v05-2\\RowelFut\\RowelFu"
 1523      73657273 
 1523      5C526F77 
 1523      656C5C44 
 1523      65736B74 
 1524 021c 742E6379 		.ascii	"t.cydsn\000"
 1524      64736E00 
 1525              	.LASF31:
 1526 0224 7469656D 		.ascii	"tiempoReposoMotores\000"
 1526      706F5265 
 1526      706F736F 
 1526      4D6F746F 
 1526      72657300 
 1527              	.LASF41:
 1528 0238 73656E74 		.ascii	"sentidodegiroM1_Write\000"
 1528      69646F64 
 1528      65676972 
 1528      6F4D315F 
 1528      57726974 
 1529              	.LASF3:
 1530 024e 73686F72 		.ascii	"short unsigned int\000"
 1530      7420756E 
 1530      7369676E 
 1530      65642069 
 1530      6E7400
 1531              	.LASF17:
 1532 0261 63686172 		.ascii	"char\000"
 1532      00
 1533              	.LASF42:
 1534 0266 50574D31 		.ascii	"PWM1_Wakeup\000"
 1534      5F57616B 
 1534      65757000 
 1535              	.LASF10:
 1536 0272 696E7433 		.ascii	"int32_t\000"
 1536      325F7400 
 1537              	.LASF59:
 1538 027a 4D6F746F 		.ascii	"Motor1_Write\000"
 1538      72315F57 
 1538      72697465 
 1538      00
 1539              	.LASF11:
 1540 0287 75696E74 		.ascii	"uint8\000"
 1540      3800
 1541              	.LASF33:
 1542 028d 5F426F6F 		.ascii	"_Bool\000"
 1542      6C00
 1543              	.LASF39:
 1544 0293 64657465 		.ascii	"detectorFaseM1_Read\000"
 1544      63746F72 
 1544      46617365 
ARM GAS  C:\Users\Rowel\AppData\Local\Temp\ccYnpIgl.s 			page 33


 1544      4D315F52 
 1544      65616400 
 1545              	.LASF12:
 1546 02a7 75696E74 		.ascii	"uint16\000"
 1546      313600
 1547              	.LASF13:
 1548 02ae 75696E74 		.ascii	"uint32\000"
 1548      333200
 1549              	.LASF64:
 1550 02b5 6D61696E 		.ascii	"main.c\000"
 1550      2E6300
 1551              	.LASF18:
 1552 02bc 72656738 		.ascii	"reg8\000"
 1552      00
 1553              	.LASF5:
 1554 02c1 6C6F6E67 		.ascii	"long unsigned int\000"
 1554      20756E73 
 1554      69676E65 
 1554      6420696E 
 1554      7400
 1555              	.LASF14:
 1556 02d3 696E7433 		.ascii	"int32\000"
 1556      3200
 1557              	.LASF32:
 1558 02d9 696E6963 		.ascii	"iniciarPWM\000"
 1558      69617250 
 1558      574D00
 1559              	.LASF9:
 1560 02e4 5F5F696E 		.ascii	"__int32_t\000"
 1560      7433325F 
 1560      7400
 1561              	.LASF58:
 1562 02ee 50574D32 		.ascii	"PWM2_Start\000"
 1562      5F537461 
 1562      727400
 1563              	.LASF16:
 1564 02f9 646F7562 		.ascii	"double\000"
 1564      6C6500
 1565              	.LASF40:
 1566 0300 73656E74 		.ascii	"sentidodegiroM1_Read\000"
 1566      69646F64 
 1566      65676972 
 1566      6F4D315F 
 1566      52656164 
 1567              	.LASF47:
 1568 0315 64657465 		.ascii	"detectorFaseM1_ClearInterrupt\000"
 1568      63746F72 
 1568      46617365 
 1568      4D315F43 
 1568      6C656172 
 1569              	.LASF24:
 1570 0333 49544D5F 		.ascii	"ITM_RxBuffer\000"
 1570      52784275 
 1570      66666572 
 1570      00
 1571              	.LASF63:
 1572 0340 474E5520 		.ascii	"GNU C11 5.4.1 20160609 (release) [ARM/embedded-5-br"
ARM GAS  C:\Users\Rowel\AppData\Local\Temp\ccYnpIgl.s 			page 34


 1572      43313120 
 1572      352E342E 
 1572      31203230 
 1572      31363036 
 1573 0373 616E6368 		.ascii	"anch revision 237715] -mcpu=cortex-m3 -mthumb -g -O"
 1573      20726576 
 1573      6973696F 
 1573      6E203233 
 1573      37373135 
 1574 03a6 67202D66 		.ascii	"g -ffunction-sections -ffat-lto-objects\000"
 1574      66756E63 
 1574      74696F6E 
 1574      2D736563 
 1574      74696F6E 
 1575              	.LASF49:
 1576 03ce 73656E74 		.ascii	"sentidodegiroM2_Read\000"
 1576      69646F64 
 1576      65676972 
 1576      6F4D325F 
 1576      52656164 
 1577              	.LASF46:
 1578 03e3 43794465 		.ascii	"CyDelay\000"
 1578      6C617900 
 1579              	.LASF23:
 1580 03eb 66617365 		.ascii	"fase\000"
 1580      00
 1581              	.LASF51:
 1582 03f0 50574D32 		.ascii	"PWM2_Wakeup\000"
 1582      5F57616B 
 1582      65757000 
 1583              		.ident	"GCC: (GNU Tools for ARM Embedded Processors) 5.4.1 20160609 (release) [ARM/embedded-5-bran
